[0.096s] DEBUG:colcon:Command line arguments: ['/usr/bin/colcon', 'build', '--packages-select', 'mobile_robot']
[0.097s] DEBUG:colcon:Parsed command line arguments: Namespace(log_base=None, log_level=None, verb_name='build', build_base='build', install_base='install', merge_install=False, symlink_install=False, test_result_base=None, continue_on_error=False, executor='parallel', parallel_workers=4, event_handlers=None, ignore_user_meta=False, metas=['./colcon.meta'], base_paths=['.'], packages_ignore=None, packages_ignore_regex=None, paths=None, packages_up_to=None, packages_up_to_regex=None, packages_above=None, packages_above_and_dependencies=None, packages_above_depth=None, packages_select_by_dep=None, packages_skip_by_dep=None, packages_skip_up_to=None, packages_select_build_failed=False, packages_skip_build_finished=False, packages_select_test_failures=False, packages_skip_test_passed=False, packages_select=['mobile_robot'], packages_skip=None, packages_select_regex=None, packages_skip_regex=None, packages_start=None, packages_end=None, allow_overriding=[], cmake_args=None, cmake_target=None, cmake_target_skip_unavailable=False, cmake_clean_cache=False, cmake_clean_first=False, cmake_force_configure=False, ament_cmake_args=None, catkin_cmake_args=None, catkin_skip_building_tests=False, mixin_files=None, mixin=None, verb_parser=<colcon_mixin.mixin.mixin_argument.MixinArgumentDecorator object at 0x788b19d72230>, verb_extension=<colcon_core.verb.build.BuildVerb object at 0x788b19d31240>, main=<bound method BuildVerb.main of <colcon_core.verb.build.BuildVerb object at 0x788b19d31240>>, mixin_verb=('build',))
[0.246s] Level 1:colcon.colcon_core.package_discovery:discover_packages(colcon_meta) check parameters
[0.246s] Level 1:colcon.colcon_core.package_discovery:discover_packages(recursive) check parameters
[0.246s] Level 1:colcon.colcon_core.package_discovery:discover_packages(ignore) check parameters
[0.246s] Level 1:colcon.colcon_core.package_discovery:discover_packages(path) check parameters
[0.246s] Level 1:colcon.colcon_core.package_discovery:discover_packages(colcon_meta) discover
[0.246s] Level 1:colcon.colcon_core.package_discovery:discover_packages(recursive) discover
[0.246s] INFO:colcon.colcon_core.package_discovery:Crawling recursively for packages in '/home/vd/launch_ws'
[0.247s] Level 1:colcon.colcon_core.package_identification:_identify(.) by extensions ['ignore', 'ignore_ament_install']
[0.247s] Level 1:colcon.colcon_core.package_identification:_identify(.) by extension 'ignore'
[0.247s] Level 1:colcon.colcon_core.package_identification:_identify(.) by extension 'ignore_ament_install'
[0.247s] Level 1:colcon.colcon_core.package_identification:_identify(.) by extensions ['colcon_pkg']
[0.247s] Level 1:colcon.colcon_core.package_identification:_identify(.) by extension 'colcon_pkg'
[0.247s] Level 1:colcon.colcon_core.package_identification:_identify(.) by extensions ['colcon_meta']
[0.247s] Level 1:colcon.colcon_core.package_identification:_identify(.) by extension 'colcon_meta'
[0.247s] Level 1:colcon.colcon_core.package_identification:_identify(.) by extensions ['ros']
[0.247s] Level 1:colcon.colcon_core.package_identification:_identify(.) by extension 'ros'
[0.255s] Level 1:colcon.colcon_core.package_identification:_identify(.) by extensions ['cmake', 'python']
[0.255s] Level 1:colcon.colcon_core.package_identification:_identify(.) by extension 'cmake'
[0.255s] Level 1:colcon.colcon_core.package_identification:_identify(.) by extension 'python'
[0.255s] Level 1:colcon.colcon_core.package_identification:_identify(.) by extensions ['python_setup_py']
[0.255s] Level 1:colcon.colcon_core.package_identification:_identify(.) by extension 'python_setup_py'
[0.255s] Level 1:colcon.colcon_core.package_identification:_identify(build) by extensions ['ignore', 'ignore_ament_install']
[0.255s] Level 1:colcon.colcon_core.package_identification:_identify(build) by extension 'ignore'
[0.255s] Level 1:colcon.colcon_core.package_identification:_identify(build) ignored
[0.255s] Level 1:colcon.colcon_core.package_identification:_identify(install) by extensions ['ignore', 'ignore_ament_install']
[0.255s] Level 1:colcon.colcon_core.package_identification:_identify(install) by extension 'ignore'
[0.255s] Level 1:colcon.colcon_core.package_identification:_identify(install) ignored
[0.255s] Level 1:colcon.colcon_core.package_identification:_identify(log) by extensions ['ignore', 'ignore_ament_install']
[0.255s] Level 1:colcon.colcon_core.package_identification:_identify(log) by extension 'ignore'
[0.255s] Level 1:colcon.colcon_core.package_identification:_identify(log) ignored
[0.256s] Level 1:colcon.colcon_core.package_identification:_identify(py_launch_example) by extensions ['ignore', 'ignore_ament_install']
[0.256s] Level 1:colcon.colcon_core.package_identification:_identify(py_launch_example) by extension 'ignore'
[0.256s] Level 1:colcon.colcon_core.package_identification:_identify(py_launch_example) by extension 'ignore_ament_install'
[0.256s] Level 1:colcon.colcon_core.package_identification:_identify(py_launch_example) by extensions ['colcon_pkg']
[0.256s] Level 1:colcon.colcon_core.package_identification:_identify(py_launch_example) by extension 'colcon_pkg'
[0.256s] Level 1:colcon.colcon_core.package_identification:_identify(py_launch_example) by extensions ['colcon_meta']
[0.256s] Level 1:colcon.colcon_core.package_identification:_identify(py_launch_example) by extension 'colcon_meta'
[0.256s] Level 1:colcon.colcon_core.package_identification:_identify(py_launch_example) by extensions ['ros']
[0.256s] Level 1:colcon.colcon_core.package_identification:_identify(py_launch_example) by extension 'ros'
[0.258s] DEBUG:colcon.colcon_core.package_identification:Package 'py_launch_example' with type 'ros.ament_python' and name 'py_launch_example'
[0.258s] Level 1:colcon.colcon_core.package_identification:_identify(src) by extensions ['ignore', 'ignore_ament_install']
[0.258s] Level 1:colcon.colcon_core.package_identification:_identify(src) by extension 'ignore'
[0.258s] Level 1:colcon.colcon_core.package_identification:_identify(src) by extension 'ignore_ament_install'
[0.258s] Level 1:colcon.colcon_core.package_identification:_identify(src) by extensions ['colcon_pkg']
[0.258s] Level 1:colcon.colcon_core.package_identification:_identify(src) by extension 'colcon_pkg'
[0.258s] Level 1:colcon.colcon_core.package_identification:_identify(src) by extensions ['colcon_meta']
[0.258s] Level 1:colcon.colcon_core.package_identification:_identify(src) by extension 'colcon_meta'
[0.258s] Level 1:colcon.colcon_core.package_identification:_identify(src) by extensions ['ros']
[0.258s] Level 1:colcon.colcon_core.package_identification:_identify(src) by extension 'ros'
[0.258s] Level 1:colcon.colcon_core.package_identification:_identify(src) by extensions ['cmake', 'python']
[0.258s] Level 1:colcon.colcon_core.package_identification:_identify(src) by extension 'cmake'
[0.258s] Level 1:colcon.colcon_core.package_identification:_identify(src) by extension 'python'
[0.258s] Level 1:colcon.colcon_core.package_identification:_identify(src) by extensions ['python_setup_py']
[0.258s] Level 1:colcon.colcon_core.package_identification:_identify(src) by extension 'python_setup_py'
[0.258s] Level 1:colcon.colcon_core.package_identification:_identify(src/mobile_robot) by extensions ['ignore', 'ignore_ament_install']
[0.258s] Level 1:colcon.colcon_core.package_identification:_identify(src/mobile_robot) by extension 'ignore'
[0.258s] Level 1:colcon.colcon_core.package_identification:_identify(src/mobile_robot) by extension 'ignore_ament_install'
[0.258s] Level 1:colcon.colcon_core.package_identification:_identify(src/mobile_robot) by extensions ['colcon_pkg']
[0.258s] Level 1:colcon.colcon_core.package_identification:_identify(src/mobile_robot) by extension 'colcon_pkg'
[0.258s] Level 1:colcon.colcon_core.package_identification:_identify(src/mobile_robot) by extensions ['colcon_meta']
[0.258s] Level 1:colcon.colcon_core.package_identification:_identify(src/mobile_robot) by extension 'colcon_meta'
[0.258s] Level 1:colcon.colcon_core.package_identification:_identify(src/mobile_robot) by extensions ['ros']
[0.258s] Level 1:colcon.colcon_core.package_identification:_identify(src/mobile_robot) by extension 'ros'
[0.259s] DEBUG:colcon.colcon_core.package_identification:Package 'src/mobile_robot' with type 'ros.ament_cmake' and name 'mobile_robot'
[0.259s] Level 1:colcon.colcon_core.package_identification:_identify(src/ros) by extensions ['ignore', 'ignore_ament_install']
[0.259s] Level 1:colcon.colcon_core.package_identification:_identify(src/ros) by extension 'ignore'
[0.259s] Level 1:colcon.colcon_core.package_identification:_identify(src/ros) by extension 'ignore_ament_install'
[0.259s] Level 1:colcon.colcon_core.package_identification:_identify(src/ros) by extensions ['colcon_pkg']
[0.259s] Level 1:colcon.colcon_core.package_identification:_identify(src/ros) by extension 'colcon_pkg'
[0.259s] Level 1:colcon.colcon_core.package_identification:_identify(src/ros) by extensions ['colcon_meta']
[0.259s] Level 1:colcon.colcon_core.package_identification:_identify(src/ros) by extension 'colcon_meta'
[0.259s] Level 1:colcon.colcon_core.package_identification:_identify(src/ros) by extensions ['ros']
[0.259s] Level 1:colcon.colcon_core.package_identification:_identify(src/ros) by extension 'ros'
[0.259s] Level 1:colcon.colcon_core.package_identification:_identify(src/ros) by extensions ['cmake', 'python']
[0.259s] Level 1:colcon.colcon_core.package_identification:_identify(src/ros) by extension 'cmake'
[0.259s] Level 1:colcon.colcon_core.package_identification:_identify(src/ros) by extension 'python'
[0.259s] Level 1:colcon.colcon_core.package_identification:_identify(src/ros) by extensions ['python_setup_py']
[0.259s] Level 1:colcon.colcon_core.package_identification:_identify(src/ros) by extension 'python_setup_py'
[0.259s] Level 1:colcon.colcon_core.package_identification:_identify(src/ros/art) by extensions ['ignore', 'ignore_ament_install']
[0.259s] Level 1:colcon.colcon_core.package_identification:_identify(src/ros/art) by extension 'ignore'
[0.259s] Level 1:colcon.colcon_core.package_identification:_identify(src/ros/art) by extension 'ignore_ament_install'
[0.259s] Level 1:colcon.colcon_core.package_identification:_identify(src/ros/art) by extensions ['colcon_pkg']
[0.260s] Level 1:colcon.colcon_core.package_identification:_identify(src/ros/art) by extension 'colcon_pkg'
[0.260s] Level 1:colcon.colcon_core.package_identification:_identify(src/ros/art) by extensions ['colcon_meta']
[0.260s] Level 1:colcon.colcon_core.package_identification:_identify(src/ros/art) by extension 'colcon_meta'
[0.260s] Level 1:colcon.colcon_core.package_identification:_identify(src/ros/art) by extensions ['ros']
[0.260s] Level 1:colcon.colcon_core.package_identification:_identify(src/ros/art) by extension 'ros'
[0.260s] Level 1:colcon.colcon_core.package_identification:_identify(src/ros/art) by extensions ['cmake', 'python']
[0.260s] Level 1:colcon.colcon_core.package_identification:_identify(src/ros/art) by extension 'cmake'
[0.260s] Level 1:colcon.colcon_core.package_identification:_identify(src/ros/art) by extension 'python'
[0.260s] Level 1:colcon.colcon_core.package_identification:_identify(src/ros/art) by extensions ['python_setup_py']
[0.260s] Level 1:colcon.colcon_core.package_identification:_identify(src/ros/art) by extension 'python_setup_py'
[0.260s] Level 1:colcon.colcon_core.package_identification:_identify(src/ros/art/utexas-art-ros-pkg-read-only) by extensions ['ignore', 'ignore_ament_install']
[0.260s] Level 1:colcon.colcon_core.package_identification:_identify(src/ros/art/utexas-art-ros-pkg-read-only) by extension 'ignore'
[0.260s] Level 1:colcon.colcon_core.package_identification:_identify(src/ros/art/utexas-art-ros-pkg-read-only) by extension 'ignore_ament_install'
[0.260s] Level 1:colcon.colcon_core.package_identification:_identify(src/ros/art/utexas-art-ros-pkg-read-only) by extensions ['colcon_pkg']
[0.260s] Level 1:colcon.colcon_core.package_identification:_identify(src/ros/art/utexas-art-ros-pkg-read-only) by extension 'colcon_pkg'
[0.260s] Level 1:colcon.colcon_core.package_identification:_identify(src/ros/art/utexas-art-ros-pkg-read-only) by extensions ['colcon_meta']
[0.260s] Level 1:colcon.colcon_core.package_identification:_identify(src/ros/art/utexas-art-ros-pkg-read-only) by extension 'colcon_meta'
[0.260s] Level 1:colcon.colcon_core.package_identification:_identify(src/ros/art/utexas-art-ros-pkg-read-only) by extensions ['ros']
[0.260s] Level 1:colcon.colcon_core.package_identification:_identify(src/ros/art/utexas-art-ros-pkg-read-only) by extension 'ros'
[0.260s] Level 1:colcon.colcon_core.package_identification:_identify(src/ros/art/utexas-art-ros-pkg-read-only) by extensions ['cmake', 'python']
[0.260s] Level 1:colcon.colcon_core.package_identification:_identify(src/ros/art/utexas-art-ros-pkg-read-only) by extension 'cmake'
[0.260s] Level 1:colcon.colcon_core.package_identification:_identify(src/ros/art/utexas-art-ros-pkg-read-only) by extension 'python'
[0.260s] Level 1:colcon.colcon_core.package_identification:_identify(src/ros/art/utexas-art-ros-pkg-read-only) by extensions ['python_setup_py']
[0.260s] Level 1:colcon.colcon_core.package_identification:_identify(src/ros/art/utexas-art-ros-pkg-read-only) by extension 'python_setup_py'
[0.260s] Level 1:colcon.colcon_core.package_identification:_identify(src/ros/art/utexas-art-ros-pkg-read-only/etc) by extensions ['ignore', 'ignore_ament_install']
[0.260s] Level 1:colcon.colcon_core.package_identification:_identify(src/ros/art/utexas-art-ros-pkg-read-only/etc) by extension 'ignore'
[0.260s] Level 1:colcon.colcon_core.package_identification:_identify(src/ros/art/utexas-art-ros-pkg-read-only/etc) by extension 'ignore_ament_install'
[0.260s] Level 1:colcon.colcon_core.package_identification:_identify(src/ros/art/utexas-art-ros-pkg-read-only/etc) by extensions ['colcon_pkg']
[0.260s] Level 1:colcon.colcon_core.package_identification:_identify(src/ros/art/utexas-art-ros-pkg-read-only/etc) by extension 'colcon_pkg'
[0.260s] Level 1:colcon.colcon_core.package_identification:_identify(src/ros/art/utexas-art-ros-pkg-read-only/etc) by extensions ['colcon_meta']
[0.260s] Level 1:colcon.colcon_core.package_identification:_identify(src/ros/art/utexas-art-ros-pkg-read-only/etc) by extension 'colcon_meta'
[0.260s] Level 1:colcon.colcon_core.package_identification:_identify(src/ros/art/utexas-art-ros-pkg-read-only/etc) by extensions ['ros']
[0.260s] Level 1:colcon.colcon_core.package_identification:_identify(src/ros/art/utexas-art-ros-pkg-read-only/etc) by extension 'ros'
[0.261s] Level 1:colcon.colcon_core.package_identification:_identify(src/ros/art/utexas-art-ros-pkg-read-only/etc) by extensions ['cmake', 'python']
[0.261s] Level 1:colcon.colcon_core.package_identification:_identify(src/ros/art/utexas-art-ros-pkg-read-only/etc) by extension 'cmake'
[0.261s] Level 1:colcon.colcon_core.package_identification:_identify(src/ros/art/utexas-art-ros-pkg-read-only/etc) by extension 'python'
[0.261s] Level 1:colcon.colcon_core.package_identification:_identify(src/ros/art/utexas-art-ros-pkg-read-only/etc) by extensions ['python_setup_py']
[0.261s] Level 1:colcon.colcon_core.package_identification:_identify(src/ros/art/utexas-art-ros-pkg-read-only/etc) by extension 'python_setup_py'
[0.261s] Level 1:colcon.colcon_core.package_identification:_identify(src/ros/art/utexas-art-ros-pkg-read-only/images) by extensions ['ignore', 'ignore_ament_install']
[0.261s] Level 1:colcon.colcon_core.package_identification:_identify(src/ros/art/utexas-art-ros-pkg-read-only/images) by extension 'ignore'
[0.261s] Level 1:colcon.colcon_core.package_identification:_identify(src/ros/art/utexas-art-ros-pkg-read-only/images) by extension 'ignore_ament_install'
[0.261s] Level 1:colcon.colcon_core.package_identification:_identify(src/ros/art/utexas-art-ros-pkg-read-only/images) by extensions ['colcon_pkg']
[0.261s] Level 1:colcon.colcon_core.package_identification:_identify(src/ros/art/utexas-art-ros-pkg-read-only/images) by extension 'colcon_pkg'
[0.261s] Level 1:colcon.colcon_core.package_identification:_identify(src/ros/art/utexas-art-ros-pkg-read-only/images) by extensions ['colcon_meta']
[0.261s] Level 1:colcon.colcon_core.package_identification:_identify(src/ros/art/utexas-art-ros-pkg-read-only/images) by extension 'colcon_meta'
[0.261s] Level 1:colcon.colcon_core.package_identification:_identify(src/ros/art/utexas-art-ros-pkg-read-only/images) by extensions ['ros']
[0.261s] Level 1:colcon.colcon_core.package_identification:_identify(src/ros/art/utexas-art-ros-pkg-read-only/images) by extension 'ros'
[0.261s] Level 1:colcon.colcon_core.package_identification:_identify(src/ros/art/utexas-art-ros-pkg-read-only/images) by extensions ['cmake', 'python']
[0.261s] Level 1:colcon.colcon_core.package_identification:_identify(src/ros/art/utexas-art-ros-pkg-read-only/images) by extension 'cmake'
[0.261s] Level 1:colcon.colcon_core.package_identification:_identify(src/ros/art/utexas-art-ros-pkg-read-only/images) by extension 'python'
[0.261s] Level 1:colcon.colcon_core.package_identification:_identify(src/ros/art/utexas-art-ros-pkg-read-only/images) by extensions ['python_setup_py']
[0.261s] Level 1:colcon.colcon_core.package_identification:_identify(src/ros/art/utexas-art-ros-pkg-read-only/images) by extension 'python_setup_py'
[0.261s] Level 1:colcon.colcon_core.package_identification:_identify(src/ros/art/utexas-art-ros-pkg-read-only/rosinstall) by extensions ['ignore', 'ignore_ament_install']
[0.261s] Level 1:colcon.colcon_core.package_identification:_identify(src/ros/art/utexas-art-ros-pkg-read-only/rosinstall) by extension 'ignore'
[0.261s] Level 1:colcon.colcon_core.package_identification:_identify(src/ros/art/utexas-art-ros-pkg-read-only/rosinstall) by extension 'ignore_ament_install'
[0.261s] Level 1:colcon.colcon_core.package_identification:_identify(src/ros/art/utexas-art-ros-pkg-read-only/rosinstall) by extensions ['colcon_pkg']
[0.261s] Level 1:colcon.colcon_core.package_identification:_identify(src/ros/art/utexas-art-ros-pkg-read-only/rosinstall) by extension 'colcon_pkg'
[0.261s] Level 1:colcon.colcon_core.package_identification:_identify(src/ros/art/utexas-art-ros-pkg-read-only/rosinstall) by extensions ['colcon_meta']
[0.261s] Level 1:colcon.colcon_core.package_identification:_identify(src/ros/art/utexas-art-ros-pkg-read-only/rosinstall) by extension 'colcon_meta'
[0.261s] Level 1:colcon.colcon_core.package_identification:_identify(src/ros/art/utexas-art-ros-pkg-read-only/rosinstall) by extensions ['ros']
[0.261s] Level 1:colcon.colcon_core.package_identification:_identify(src/ros/art/utexas-art-ros-pkg-read-only/rosinstall) by extension 'ros'
[0.261s] Level 1:colcon.colcon_core.package_identification:_identify(src/ros/art/utexas-art-ros-pkg-read-only/rosinstall) by extensions ['cmake', 'python']
[0.261s] Level 1:colcon.colcon_core.package_identification:_identify(src/ros/art/utexas-art-ros-pkg-read-only/rosinstall) by extension 'cmake'
[0.261s] Level 1:colcon.colcon_core.package_identification:_identify(src/ros/art/utexas-art-ros-pkg-read-only/rosinstall) by extension 'python'
[0.261s] Level 1:colcon.colcon_core.package_identification:_identify(src/ros/art/utexas-art-ros-pkg-read-only/rosinstall) by extensions ['python_setup_py']
[0.261s] Level 1:colcon.colcon_core.package_identification:_identify(src/ros/art/utexas-art-ros-pkg-read-only/rosinstall) by extension 'python_setup_py'
[0.262s] Level 1:colcon.colcon_core.package_identification:_identify(src/ros/art/utexas-art-ros-pkg-read-only/stacks) by extensions ['ignore', 'ignore_ament_install']
[0.262s] Level 1:colcon.colcon_core.package_identification:_identify(src/ros/art/utexas-art-ros-pkg-read-only/stacks) by extension 'ignore'
[0.262s] Level 1:colcon.colcon_core.package_identification:_identify(src/ros/art/utexas-art-ros-pkg-read-only/stacks) by extension 'ignore_ament_install'
[0.262s] Level 1:colcon.colcon_core.package_identification:_identify(src/ros/art/utexas-art-ros-pkg-read-only/stacks) by extensions ['colcon_pkg']
[0.262s] Level 1:colcon.colcon_core.package_identification:_identify(src/ros/art/utexas-art-ros-pkg-read-only/stacks) by extension 'colcon_pkg'
[0.262s] Level 1:colcon.colcon_core.package_identification:_identify(src/ros/art/utexas-art-ros-pkg-read-only/stacks) by extensions ['colcon_meta']
[0.262s] Level 1:colcon.colcon_core.package_identification:_identify(src/ros/art/utexas-art-ros-pkg-read-only/stacks) by extension 'colcon_meta'
[0.262s] Level 1:colcon.colcon_core.package_identification:_identify(src/ros/art/utexas-art-ros-pkg-read-only/stacks) by extensions ['ros']
[0.262s] Level 1:colcon.colcon_core.package_identification:_identify(src/ros/art/utexas-art-ros-pkg-read-only/stacks) by extension 'ros'
[0.262s] Level 1:colcon.colcon_core.package_identification:_identify(src/ros/art/utexas-art-ros-pkg-read-only/stacks) by extensions ['cmake', 'python']
[0.262s] Level 1:colcon.colcon_core.package_identification:_identify(src/ros/art/utexas-art-ros-pkg-read-only/stacks) by extension 'cmake'
[0.262s] Level 1:colcon.colcon_core.package_identification:_identify(src/ros/art/utexas-art-ros-pkg-read-only/stacks) by extension 'python'
[0.262s] Level 1:colcon.colcon_core.package_identification:_identify(src/ros/art/utexas-art-ros-pkg-read-only/stacks) by extensions ['python_setup_py']
[0.262s] Level 1:colcon.colcon_core.package_identification:_identify(src/ros/art/utexas-art-ros-pkg-read-only/stacks) by extension 'python_setup_py'
[0.262s] Level 1:colcon.colcon_core.package_identification:_identify(src/ros/art/utexas-art-ros-pkg-read-only/stacks/ackermann_msgs) by extensions ['ignore', 'ignore_ament_install']
[0.262s] Level 1:colcon.colcon_core.package_identification:_identify(src/ros/art/utexas-art-ros-pkg-read-only/stacks/ackermann_msgs) by extension 'ignore'
[0.262s] Level 1:colcon.colcon_core.package_identification:_identify(src/ros/art/utexas-art-ros-pkg-read-only/stacks/ackermann_msgs) by extension 'ignore_ament_install'
[0.262s] Level 1:colcon.colcon_core.package_identification:_identify(src/ros/art/utexas-art-ros-pkg-read-only/stacks/ackermann_msgs) by extensions ['colcon_pkg']
[0.262s] Level 1:colcon.colcon_core.package_identification:_identify(src/ros/art/utexas-art-ros-pkg-read-only/stacks/ackermann_msgs) by extension 'colcon_pkg'
[0.262s] Level 1:colcon.colcon_core.package_identification:_identify(src/ros/art/utexas-art-ros-pkg-read-only/stacks/ackermann_msgs) by extensions ['colcon_meta']
[0.262s] Level 1:colcon.colcon_core.package_identification:_identify(src/ros/art/utexas-art-ros-pkg-read-only/stacks/ackermann_msgs) by extension 'colcon_meta'
[0.262s] Level 1:colcon.colcon_core.package_identification:_identify(src/ros/art/utexas-art-ros-pkg-read-only/stacks/ackermann_msgs) by extensions ['ros']
[0.262s] Level 1:colcon.colcon_core.package_identification:_identify(src/ros/art/utexas-art-ros-pkg-read-only/stacks/ackermann_msgs) by extension 'ros'
[0.262s] Level 1:colcon.colcon_core.package_identification:_identify(src/ros/art/utexas-art-ros-pkg-read-only/stacks/ackermann_msgs) ignored
[0.262s] Level 1:colcon.colcon_core.package_identification:_identify(src/ros/art/utexas-art-ros-pkg-read-only/stacks/ackermann_teleop) by extensions ['ignore', 'ignore_ament_install']
[0.262s] Level 1:colcon.colcon_core.package_identification:_identify(src/ros/art/utexas-art-ros-pkg-read-only/stacks/ackermann_teleop) by extension 'ignore'
[0.262s] Level 1:colcon.colcon_core.package_identification:_identify(src/ros/art/utexas-art-ros-pkg-read-only/stacks/ackermann_teleop) by extension 'ignore_ament_install'
[0.262s] Level 1:colcon.colcon_core.package_identification:_identify(src/ros/art/utexas-art-ros-pkg-read-only/stacks/ackermann_teleop) by extensions ['colcon_pkg']
[0.262s] Level 1:colcon.colcon_core.package_identification:_identify(src/ros/art/utexas-art-ros-pkg-read-only/stacks/ackermann_teleop) by extension 'colcon_pkg'
[0.263s] Level 1:colcon.colcon_core.package_identification:_identify(src/ros/art/utexas-art-ros-pkg-read-only/stacks/ackermann_teleop) by extensions ['colcon_meta']
[0.263s] Level 1:colcon.colcon_core.package_identification:_identify(src/ros/art/utexas-art-ros-pkg-read-only/stacks/ackermann_teleop) by extension 'colcon_meta'
[0.263s] Level 1:colcon.colcon_core.package_identification:_identify(src/ros/art/utexas-art-ros-pkg-read-only/stacks/ackermann_teleop) by extensions ['ros']
[0.263s] Level 1:colcon.colcon_core.package_identification:_identify(src/ros/art/utexas-art-ros-pkg-read-only/stacks/ackermann_teleop) by extension 'ros'
[0.263s] Level 1:colcon.colcon_core.package_identification:_identify(src/ros/art/utexas-art-ros-pkg-read-only/stacks/ackermann_teleop) by extensions ['cmake', 'python']
[0.263s] Level 1:colcon.colcon_core.package_identification:_identify(src/ros/art/utexas-art-ros-pkg-read-only/stacks/ackermann_teleop) by extension 'cmake'
[0.264s] Level 1:colcon.colcon_core.package_identification:_identify(src/ros/art/utexas-art-ros-pkg-read-only/stacks/ackermann_teleop) by extension 'python'
[0.264s] DEBUG:colcon.colcon_core.package_identification:Package 'src/ros/art/utexas-art-ros-pkg-read-only/stacks/ackermann_teleop' with type 'cmake' and name 'ackermann_teleop'
[0.264s] Level 1:colcon.colcon_core.package_identification:_identify(src/ros/art/utexas-art-ros-pkg-read-only/stacks/art_vehicle) by extensions ['ignore', 'ignore_ament_install']
[0.264s] Level 1:colcon.colcon_core.package_identification:_identify(src/ros/art/utexas-art-ros-pkg-read-only/stacks/art_vehicle) by extension 'ignore'
[0.264s] Level 1:colcon.colcon_core.package_identification:_identify(src/ros/art/utexas-art-ros-pkg-read-only/stacks/art_vehicle) by extension 'ignore_ament_install'
[0.264s] Level 1:colcon.colcon_core.package_identification:_identify(src/ros/art/utexas-art-ros-pkg-read-only/stacks/art_vehicle) by extensions ['colcon_pkg']
[0.264s] Level 1:colcon.colcon_core.package_identification:_identify(src/ros/art/utexas-art-ros-pkg-read-only/stacks/art_vehicle) by extension 'colcon_pkg'
[0.264s] Level 1:colcon.colcon_core.package_identification:_identify(src/ros/art/utexas-art-ros-pkg-read-only/stacks/art_vehicle) by extensions ['colcon_meta']
[0.264s] Level 1:colcon.colcon_core.package_identification:_identify(src/ros/art/utexas-art-ros-pkg-read-only/stacks/art_vehicle) by extension 'colcon_meta'
[0.264s] Level 1:colcon.colcon_core.package_identification:_identify(src/ros/art/utexas-art-ros-pkg-read-only/stacks/art_vehicle) by extensions ['ros']
[0.264s] Level 1:colcon.colcon_core.package_identification:_identify(src/ros/art/utexas-art-ros-pkg-read-only/stacks/art_vehicle) by extension 'ros'
[0.264s] Level 1:colcon.colcon_core.package_identification:_identify(src/ros/art/utexas-art-ros-pkg-read-only/stacks/art_vehicle) by extensions ['cmake', 'python']
[0.264s] Level 1:colcon.colcon_core.package_identification:_identify(src/ros/art/utexas-art-ros-pkg-read-only/stacks/art_vehicle) by extension 'cmake'
[0.267s] Level 1:colcon.colcon_core.package_identification:_identify(src/ros/art/utexas-art-ros-pkg-read-only/stacks/art_vehicle) by extension 'python'
[0.267s] DEBUG:colcon.colcon_core.package_identification:Package 'src/ros/art/utexas-art-ros-pkg-read-only/stacks/art_vehicle' with type 'cmake' and name 'art_vehicle'
[0.267s] Level 1:colcon.colcon_core.package_identification:_identify(src/ros/art/utexas-art-ros-pkg-read-only/stacks/open_street_map) by extensions ['ignore', 'ignore_ament_install']
[0.267s] Level 1:colcon.colcon_core.package_identification:_identify(src/ros/art/utexas-art-ros-pkg-read-only/stacks/open_street_map) by extension 'ignore'
[0.267s] Level 1:colcon.colcon_core.package_identification:_identify(src/ros/art/utexas-art-ros-pkg-read-only/stacks/open_street_map) by extension 'ignore_ament_install'
[0.267s] Level 1:colcon.colcon_core.package_identification:_identify(src/ros/art/utexas-art-ros-pkg-read-only/stacks/open_street_map) by extensions ['colcon_pkg']
[0.267s] Level 1:colcon.colcon_core.package_identification:_identify(src/ros/art/utexas-art-ros-pkg-read-only/stacks/open_street_map) by extension 'colcon_pkg'
[0.267s] Level 1:colcon.colcon_core.package_identification:_identify(src/ros/art/utexas-art-ros-pkg-read-only/stacks/open_street_map) by extensions ['colcon_meta']
[0.267s] Level 1:colcon.colcon_core.package_identification:_identify(src/ros/art/utexas-art-ros-pkg-read-only/stacks/open_street_map) by extension 'colcon_meta'
[0.267s] Level 1:colcon.colcon_core.package_identification:_identify(src/ros/art/utexas-art-ros-pkg-read-only/stacks/open_street_map) by extensions ['ros']
[0.267s] Level 1:colcon.colcon_core.package_identification:_identify(src/ros/art/utexas-art-ros-pkg-read-only/stacks/open_street_map) by extension 'ros'
[0.267s] Level 1:colcon.colcon_core.package_identification:_identify(src/ros/art/utexas-art-ros-pkg-read-only/stacks/open_street_map) by extensions ['cmake', 'python']
[0.267s] Level 1:colcon.colcon_core.package_identification:_identify(src/ros/art/utexas-art-ros-pkg-read-only/stacks/open_street_map) by extension 'cmake'
[0.268s] Level 1:colcon.colcon_core.package_identification:_identify(src/ros/art/utexas-art-ros-pkg-read-only/stacks/open_street_map) by extension 'python'
[0.268s] DEBUG:colcon.colcon_core.package_identification:Package 'src/ros/art/utexas-art-ros-pkg-read-only/stacks/open_street_map' with type 'cmake' and name 'open_street_map'
[0.268s] Level 1:colcon.colcon_core.package_identification:_identify(src/ros/art/utexas-art-ros-pkg-read-only/stacks/velodyne) by extensions ['ignore', 'ignore_ament_install']
[0.268s] Level 1:colcon.colcon_core.package_identification:_identify(src/ros/art/utexas-art-ros-pkg-read-only/stacks/velodyne) by extension 'ignore'
[0.268s] Level 1:colcon.colcon_core.package_identification:_identify(src/ros/art/utexas-art-ros-pkg-read-only/stacks/velodyne) by extension 'ignore_ament_install'
[0.268s] Level 1:colcon.colcon_core.package_identification:_identify(src/ros/art/utexas-art-ros-pkg-read-only/stacks/velodyne) by extensions ['colcon_pkg']
[0.268s] Level 1:colcon.colcon_core.package_identification:_identify(src/ros/art/utexas-art-ros-pkg-read-only/stacks/velodyne) by extension 'colcon_pkg'
[0.268s] Level 1:colcon.colcon_core.package_identification:_identify(src/ros/art/utexas-art-ros-pkg-read-only/stacks/velodyne) by extensions ['colcon_meta']
[0.268s] Level 1:colcon.colcon_core.package_identification:_identify(src/ros/art/utexas-art-ros-pkg-read-only/stacks/velodyne) by extension 'colcon_meta'
[0.268s] Level 1:colcon.colcon_core.package_identification:_identify(src/ros/art/utexas-art-ros-pkg-read-only/stacks/velodyne) by extensions ['ros']
[0.268s] Level 1:colcon.colcon_core.package_identification:_identify(src/ros/art/utexas-art-ros-pkg-read-only/stacks/velodyne) by extension 'ros'
[0.268s] Level 1:colcon.colcon_core.package_identification:_identify(src/ros/art/utexas-art-ros-pkg-read-only/stacks/velodyne) by extensions ['cmake', 'python']
[0.268s] Level 1:colcon.colcon_core.package_identification:_identify(src/ros/art/utexas-art-ros-pkg-read-only/stacks/velodyne) by extension 'cmake'
[0.269s] Level 1:colcon.colcon_core.package_identification:_identify(src/ros/art/utexas-art-ros-pkg-read-only/stacks/velodyne) by extension 'python'
[0.269s] DEBUG:colcon.colcon_core.package_identification:Package 'src/ros/art/utexas-art-ros-pkg-read-only/stacks/velodyne' with type 'cmake' and name 'velodyne'
[0.269s] Level 1:colcon.colcon_core.package_identification:_identify(src/ros/art/utexas-art-ros-pkg-read-only/stacks/velodyne_utils) by extensions ['ignore', 'ignore_ament_install']
[0.269s] Level 1:colcon.colcon_core.package_identification:_identify(src/ros/art/utexas-art-ros-pkg-read-only/stacks/velodyne_utils) by extension 'ignore'
[0.269s] Level 1:colcon.colcon_core.package_identification:_identify(src/ros/art/utexas-art-ros-pkg-read-only/stacks/velodyne_utils) by extension 'ignore_ament_install'
[0.269s] Level 1:colcon.colcon_core.package_identification:_identify(src/ros/art/utexas-art-ros-pkg-read-only/stacks/velodyne_utils) by extensions ['colcon_pkg']
[0.269s] Level 1:colcon.colcon_core.package_identification:_identify(src/ros/art/utexas-art-ros-pkg-read-only/stacks/velodyne_utils) by extension 'colcon_pkg'
[0.269s] Level 1:colcon.colcon_core.package_identification:_identify(src/ros/art/utexas-art-ros-pkg-read-only/stacks/velodyne_utils) by extensions ['colcon_meta']
[0.269s] Level 1:colcon.colcon_core.package_identification:_identify(src/ros/art/utexas-art-ros-pkg-read-only/stacks/velodyne_utils) by extension 'colcon_meta'
[0.269s] Level 1:colcon.colcon_core.package_identification:_identify(src/ros/art/utexas-art-ros-pkg-read-only/stacks/velodyne_utils) by extensions ['ros']
[0.269s] Level 1:colcon.colcon_core.package_identification:_identify(src/ros/art/utexas-art-ros-pkg-read-only/stacks/velodyne_utils) by extension 'ros'
[0.269s] Level 1:colcon.colcon_core.package_identification:_identify(src/ros/art/utexas-art-ros-pkg-read-only/stacks/velodyne_utils) by extensions ['cmake', 'python']
[0.269s] Level 1:colcon.colcon_core.package_identification:_identify(src/ros/art/utexas-art-ros-pkg-read-only/stacks/velodyne_utils) by extension 'cmake'
[0.270s] Level 1:colcon.colcon_core.package_identification:_identify(src/ros/art/utexas-art-ros-pkg-read-only/stacks/velodyne_utils) by extension 'python'
[0.270s] DEBUG:colcon.colcon_core.package_identification:Package 'src/ros/art/utexas-art-ros-pkg-read-only/stacks/velodyne_utils' with type 'cmake' and name 'velodyne_utils'
[0.270s] Level 1:colcon.colcon_core.package_identification:_identify(src/ros/art-experimental) by extensions ['ignore', 'ignore_ament_install']
[0.270s] Level 1:colcon.colcon_core.package_identification:_identify(src/ros/art-experimental) by extension 'ignore'
[0.270s] Level 1:colcon.colcon_core.package_identification:_identify(src/ros/art-experimental) by extension 'ignore_ament_install'
[0.270s] Level 1:colcon.colcon_core.package_identification:_identify(src/ros/art-experimental) by extensions ['colcon_pkg']
[0.270s] Level 1:colcon.colcon_core.package_identification:_identify(src/ros/art-experimental) by extension 'colcon_pkg'
[0.270s] Level 1:colcon.colcon_core.package_identification:_identify(src/ros/art-experimental) by extensions ['colcon_meta']
[0.270s] Level 1:colcon.colcon_core.package_identification:_identify(src/ros/art-experimental) by extension 'colcon_meta'
[0.270s] Level 1:colcon.colcon_core.package_identification:_identify(src/ros/art-experimental) by extensions ['ros']
[0.270s] Level 1:colcon.colcon_core.package_identification:_identify(src/ros/art-experimental) by extension 'ros'
[0.270s] Level 1:colcon.colcon_core.package_identification:_identify(src/ros/art-experimental) by extensions ['cmake', 'python']
[0.270s] Level 1:colcon.colcon_core.package_identification:_identify(src/ros/art-experimental) by extension 'cmake'
[0.270s] Level 1:colcon.colcon_core.package_identification:_identify(src/ros/art-experimental) by extension 'python'
[0.270s] DEBUG:colcon.colcon_core.package_identification:Package 'src/ros/art-experimental' with type 'cmake' and name 'art-experimental'
[0.270s] Level 1:colcon.colcon_core.package_identification:_identify(src/ros/controller) by extensions ['ignore', 'ignore_ament_install']
[0.270s] Level 1:colcon.colcon_core.package_identification:_identify(src/ros/controller) by extension 'ignore'
[0.270s] Level 1:colcon.colcon_core.package_identification:_identify(src/ros/controller) by extension 'ignore_ament_install'
[0.271s] Level 1:colcon.colcon_core.package_identification:_identify(src/ros/controller) by extensions ['colcon_pkg']
[0.271s] Level 1:colcon.colcon_core.package_identification:_identify(src/ros/controller) by extension 'colcon_pkg'
[0.271s] Level 1:colcon.colcon_core.package_identification:_identify(src/ros/controller) by extensions ['colcon_meta']
[0.271s] Level 1:colcon.colcon_core.package_identification:_identify(src/ros/controller) by extension 'colcon_meta'
[0.271s] Level 1:colcon.colcon_core.package_identification:_identify(src/ros/controller) by extensions ['ros']
[0.271s] Level 1:colcon.colcon_core.package_identification:_identify(src/ros/controller) by extension 'ros'
[0.271s] Level 1:colcon.colcon_core.package_identification:_identify(src/ros/controller) by extensions ['cmake', 'python']
[0.271s] Level 1:colcon.colcon_core.package_identification:_identify(src/ros/controller) by extension 'cmake'
[0.271s] Level 1:colcon.colcon_core.package_identification:_identify(src/ros/controller) by extension 'python'
[0.271s] Level 1:colcon.colcon_core.package_identification:_identify(src/ros/controller) by extensions ['python_setup_py']
[0.271s] Level 1:colcon.colcon_core.package_identification:_identify(src/ros/controller) by extension 'python_setup_py'
[0.271s] Level 1:colcon.colcon_core.package_identification:_identify(src/ros/controller/my_controller_pkg) by extensions ['ignore', 'ignore_ament_install']
[0.271s] Level 1:colcon.colcon_core.package_identification:_identify(src/ros/controller/my_controller_pkg) by extension 'ignore'
[0.271s] Level 1:colcon.colcon_core.package_identification:_identify(src/ros/controller/my_controller_pkg) by extension 'ignore_ament_install'
[0.271s] Level 1:colcon.colcon_core.package_identification:_identify(src/ros/controller/my_controller_pkg) by extensions ['colcon_pkg']
[0.271s] Level 1:colcon.colcon_core.package_identification:_identify(src/ros/controller/my_controller_pkg) by extension 'colcon_pkg'
[0.271s] Level 1:colcon.colcon_core.package_identification:_identify(src/ros/controller/my_controller_pkg) by extensions ['colcon_meta']
[0.271s] Level 1:colcon.colcon_core.package_identification:_identify(src/ros/controller/my_controller_pkg) by extension 'colcon_meta'
[0.271s] Level 1:colcon.colcon_core.package_identification:_identify(src/ros/controller/my_controller_pkg) by extensions ['ros']
[0.271s] Level 1:colcon.colcon_core.package_identification:_identify(src/ros/controller/my_controller_pkg) by extension 'ros'
[0.271s] Level 1:colcon.colcon_core.package_identification:_identify(src/ros/controller/my_controller_pkg) ignored
[0.271s] Level 1:colcon.colcon_core.package_identification:_identify(src/ros/pr2) by extensions ['ignore', 'ignore_ament_install']
[0.271s] Level 1:colcon.colcon_core.package_identification:_identify(src/ros/pr2) by extension 'ignore'
[0.271s] Level 1:colcon.colcon_core.package_identification:_identify(src/ros/pr2) by extension 'ignore_ament_install'
[0.271s] Level 1:colcon.colcon_core.package_identification:_identify(src/ros/pr2) by extensions ['colcon_pkg']
[0.271s] Level 1:colcon.colcon_core.package_identification:_identify(src/ros/pr2) by extension 'colcon_pkg'
[0.271s] Level 1:colcon.colcon_core.package_identification:_identify(src/ros/pr2) by extensions ['colcon_meta']
[0.271s] Level 1:colcon.colcon_core.package_identification:_identify(src/ros/pr2) by extension 'colcon_meta'
[0.271s] Level 1:colcon.colcon_core.package_identification:_identify(src/ros/pr2) by extensions ['ros']
[0.271s] Level 1:colcon.colcon_core.package_identification:_identify(src/ros/pr2) by extension 'ros'
[0.271s] Level 1:colcon.colcon_core.package_identification:_identify(src/ros/pr2) by extensions ['cmake', 'python']
[0.271s] Level 1:colcon.colcon_core.package_identification:_identify(src/ros/pr2) by extension 'cmake'
[0.271s] Level 1:colcon.colcon_core.package_identification:_identify(src/ros/pr2) by extension 'python'
[0.272s] Level 1:colcon.colcon_core.package_identification:_identify(src/ros/pr2) by extensions ['python_setup_py']
[0.272s] Level 1:colcon.colcon_core.package_identification:_identify(src/ros/pr2) by extension 'python_setup_py'
[0.272s] Level 1:colcon.colcon_core.package_identification:_identify(src/ros/pr2/drive_base_tutorial) by extensions ['ignore', 'ignore_ament_install']
[0.272s] Level 1:colcon.colcon_core.package_identification:_identify(src/ros/pr2/drive_base_tutorial) by extension 'ignore'
[0.272s] Level 1:colcon.colcon_core.package_identification:_identify(src/ros/pr2/drive_base_tutorial) by extension 'ignore_ament_install'
[0.272s] Level 1:colcon.colcon_core.package_identification:_identify(src/ros/pr2/drive_base_tutorial) by extensions ['colcon_pkg']
[0.272s] Level 1:colcon.colcon_core.package_identification:_identify(src/ros/pr2/drive_base_tutorial) by extension 'colcon_pkg'
[0.272s] Level 1:colcon.colcon_core.package_identification:_identify(src/ros/pr2/drive_base_tutorial) by extensions ['colcon_meta']
[0.272s] Level 1:colcon.colcon_core.package_identification:_identify(src/ros/pr2/drive_base_tutorial) by extension 'colcon_meta'
[0.272s] Level 1:colcon.colcon_core.package_identification:_identify(src/ros/pr2/drive_base_tutorial) by extensions ['ros']
[0.272s] Level 1:colcon.colcon_core.package_identification:_identify(src/ros/pr2/drive_base_tutorial) by extension 'ros'
[0.272s] Level 1:colcon.colcon_core.package_identification:_identify(src/ros/pr2/drive_base_tutorial) ignored
[0.272s] Level 1:colcon.colcon_core.package_identification:_identify(src/ros/simpleObjects) by extensions ['ignore', 'ignore_ament_install']
[0.272s] Level 1:colcon.colcon_core.package_identification:_identify(src/ros/simpleObjects) by extension 'ignore'
[0.272s] Level 1:colcon.colcon_core.package_identification:_identify(src/ros/simpleObjects) by extension 'ignore_ament_install'
[0.272s] Level 1:colcon.colcon_core.package_identification:_identify(src/ros/simpleObjects) by extensions ['colcon_pkg']
[0.272s] Level 1:colcon.colcon_core.package_identification:_identify(src/ros/simpleObjects) by extension 'colcon_pkg'
[0.272s] Level 1:colcon.colcon_core.package_identification:_identify(src/ros/simpleObjects) by extensions ['colcon_meta']
[0.272s] Level 1:colcon.colcon_core.package_identification:_identify(src/ros/simpleObjects) by extension 'colcon_meta'
[0.272s] Level 1:colcon.colcon_core.package_identification:_identify(src/ros/simpleObjects) by extensions ['ros']
[0.272s] Level 1:colcon.colcon_core.package_identification:_identify(src/ros/simpleObjects) by extension 'ros'
[0.272s] Level 1:colcon.colcon_core.package_identification:_identify(src/ros/simpleObjects) by extensions ['cmake', 'python']
[0.272s] Level 1:colcon.colcon_core.package_identification:_identify(src/ros/simpleObjects) by extension 'cmake'
[0.272s] Level 1:colcon.colcon_core.package_identification:_identify(src/ros/simpleObjects) by extension 'python'
[0.272s] Level 1:colcon.colcon_core.package_identification:_identify(src/ros/simpleObjects) by extensions ['python_setup_py']
[0.272s] Level 1:colcon.colcon_core.package_identification:_identify(src/ros/simpleObjects) by extension 'python_setup_py'
[0.272s] Level 1:colcon.colcon_core.package_identification:_identify(src/ros/urdfPractice) by extensions ['ignore', 'ignore_ament_install']
[0.272s] Level 1:colcon.colcon_core.package_identification:_identify(src/ros/urdfPractice) by extension 'ignore'
[0.272s] Level 1:colcon.colcon_core.package_identification:_identify(src/ros/urdfPractice) by extension 'ignore_ament_install'
[0.272s] Level 1:colcon.colcon_core.package_identification:_identify(src/ros/urdfPractice) by extensions ['colcon_pkg']
[0.272s] Level 1:colcon.colcon_core.package_identification:_identify(src/ros/urdfPractice) by extension 'colcon_pkg'
[0.273s] Level 1:colcon.colcon_core.package_identification:_identify(src/ros/urdfPractice) by extensions ['colcon_meta']
[0.273s] Level 1:colcon.colcon_core.package_identification:_identify(src/ros/urdfPractice) by extension 'colcon_meta'
[0.273s] Level 1:colcon.colcon_core.package_identification:_identify(src/ros/urdfPractice) by extensions ['ros']
[0.273s] Level 1:colcon.colcon_core.package_identification:_identify(src/ros/urdfPractice) by extension 'ros'
[0.273s] Level 1:colcon.colcon_core.package_identification:_identify(src/ros/urdfPractice) by extensions ['cmake', 'python']
[0.273s] Level 1:colcon.colcon_core.package_identification:_identify(src/ros/urdfPractice) by extension 'cmake'
[0.273s] Level 1:colcon.colcon_core.package_identification:_identify(src/ros/urdfPractice) by extension 'python'
[0.273s] Level 1:colcon.colcon_core.package_identification:_identify(src/ros/urdfPractice) by extensions ['python_setup_py']
[0.273s] Level 1:colcon.colcon_core.package_identification:_identify(src/ros/urdfPractice) by extension 'python_setup_py'
[0.273s] Level 1:colcon.colcon_core.package_discovery:discover_packages(recursive) using defaults
[0.273s] Level 1:colcon.colcon_core.package_discovery:discover_packages(ignore) discover
[0.273s] Level 1:colcon.colcon_core.package_discovery:discover_packages(ignore) using defaults
[0.273s] Level 1:colcon.colcon_core.package_discovery:discover_packages(path) discover
[0.273s] Level 1:colcon.colcon_core.package_discovery:discover_packages(path) using defaults
[0.288s] INFO:colcon.colcon_core.package_selection:Skipping not selected package 'ackermann_teleop' in 'src/ros/art/utexas-art-ros-pkg-read-only/stacks/ackermann_teleop'
[0.288s] INFO:colcon.colcon_core.package_selection:Skipping not selected package 'art-experimental' in 'src/ros/art-experimental'
[0.288s] INFO:colcon.colcon_core.package_selection:Skipping not selected package 'art_vehicle' in 'src/ros/art/utexas-art-ros-pkg-read-only/stacks/art_vehicle'
[0.288s] INFO:colcon.colcon_core.package_selection:Skipping not selected package 'open_street_map' in 'src/ros/art/utexas-art-ros-pkg-read-only/stacks/open_street_map'
[0.288s] INFO:colcon.colcon_core.package_selection:Skipping not selected package 'py_launch_example' in 'py_launch_example'
[0.288s] INFO:colcon.colcon_core.package_selection:Skipping not selected package 'velodyne' in 'src/ros/art/utexas-art-ros-pkg-read-only/stacks/velodyne'
[0.288s] INFO:colcon.colcon_core.package_selection:Skipping not selected package 'velodyne_utils' in 'src/ros/art/utexas-art-ros-pkg-read-only/stacks/velodyne_utils'
[0.289s] Level 1:colcon.colcon_core.package_discovery:discover_packages(prefix_path) check parameters
[0.289s] Level 1:colcon.colcon_core.package_discovery:discover_packages(prefix_path) discover
[0.290s] DEBUG:colcon.colcon_installed_package_information.package_discovery:Found 2 installed packages in /home/vd/ros2ws/install
[0.291s] DEBUG:colcon.colcon_installed_package_information.package_discovery:Found 314 installed packages in /opt/ros/humble
[0.292s] Level 1:colcon.colcon_core.package_discovery:discover_packages(prefix_path) using defaults
[0.319s] Level 5:colcon.colcon_core.verb:set package 'mobile_robot' build argument 'cmake_args' from command line to 'None'
[0.319s] Level 5:colcon.colcon_core.verb:set package 'mobile_robot' build argument 'cmake_target' from command line to 'None'
[0.319s] Level 5:colcon.colcon_core.verb:set package 'mobile_robot' build argument 'cmake_target_skip_unavailable' from command line to 'False'
[0.319s] Level 5:colcon.colcon_core.verb:set package 'mobile_robot' build argument 'cmake_clean_cache' from command line to 'False'
[0.319s] Level 5:colcon.colcon_core.verb:set package 'mobile_robot' build argument 'cmake_clean_first' from command line to 'False'
[0.319s] Level 5:colcon.colcon_core.verb:set package 'mobile_robot' build argument 'cmake_force_configure' from command line to 'False'
[0.319s] Level 5:colcon.colcon_core.verb:set package 'mobile_robot' build argument 'ament_cmake_args' from command line to 'None'
[0.319s] Level 5:colcon.colcon_core.verb:set package 'mobile_robot' build argument 'catkin_cmake_args' from command line to 'None'
[0.319s] Level 5:colcon.colcon_core.verb:set package 'mobile_robot' build argument 'catkin_skip_building_tests' from command line to 'False'
[0.319s] DEBUG:colcon.colcon_core.verb:Building package 'mobile_robot' with the following arguments: {'ament_cmake_args': None, 'build_base': '/home/vd/launch_ws/build/mobile_robot', 'catkin_cmake_args': None, 'catkin_skip_building_tests': False, 'cmake_args': None, 'cmake_clean_cache': False, 'cmake_clean_first': False, 'cmake_force_configure': False, 'cmake_target': None, 'cmake_target_skip_unavailable': False, 'install_base': '/home/vd/launch_ws/install/mobile_robot', 'merge_install': False, 'path': '/home/vd/launch_ws/src/mobile_robot', 'symlink_install': False, 'test_result_base': None}
[0.319s] INFO:colcon.colcon_core.executor:Executing jobs using 'parallel' executor
[0.320s] DEBUG:colcon.colcon_parallel_executor.executor.parallel:run_until_complete
[0.320s] INFO:colcon.colcon_ros.task.ament_cmake.build:Building ROS package in '/home/vd/launch_ws/src/mobile_robot' with build type 'ament_cmake'
[0.320s] INFO:colcon.colcon_cmake.task.cmake.build:Building CMake package in '/home/vd/launch_ws/src/mobile_robot'
[0.322s] INFO:colcon.colcon_core.plugin_system:Skipping extension 'colcon_core.shell.bat': Not used on non-Windows systems
[0.322s] INFO:colcon.colcon_core.shell:Skip shell extension 'powershell' for command environment: Not usable outside of PowerShell
[0.322s] DEBUG:colcon.colcon_core.shell:Skip shell extension 'dsv' for command environment
[0.329s] DEBUG:colcon.colcon_core.event_handler.log_command:Invoking command in '/home/vd/launch_ws/build/mobile_robot': CMAKE_PREFIX_PATH=${CMAKE_PREFIX_PATH}:/home/vd/ros2ws/install/py_pubsub:/opt/ros/humble /usr/bin/cmake --build /home/vd/launch_ws/build/mobile_robot -- -j4 -l4
[0.344s] DEBUG:colcon.colcon_core.event_handler.log_command:Invoked command in '/home/vd/launch_ws/build/mobile_robot' returned '2': CMAKE_PREFIX_PATH=${CMAKE_PREFIX_PATH}:/home/vd/ros2ws/install/py_pubsub:/opt/ros/humble /usr/bin/cmake --build /home/vd/launch_ws/build/mobile_robot -- -j4 -l4
[0.345s] Level 1:colcon.colcon_core.environment:create_environment_scripts_only(mobile_robot)
[0.347s] Level 1:colcon.colcon_core.environment:checking '/home/vd/launch_ws/install/mobile_robot' for CMake module files
[0.347s] Level 1:colcon.colcon_core.environment:checking '/home/vd/launch_ws/install/mobile_robot' for CMake config files
[0.347s] Level 1:colcon.colcon_core.environment:checking '/home/vd/launch_ws/install/mobile_robot/bin'
[0.347s] Level 1:colcon.colcon_core.environment:checking '/home/vd/launch_ws/install/mobile_robot/lib/pkgconfig/mobile_robot.pc'
[0.348s] Level 1:colcon.colcon_core.environment:checking '/home/vd/launch_ws/install/mobile_robot/lib/python3.10/site-packages'
[0.348s] Level 1:colcon.colcon_core.environment:checking '/home/vd/launch_ws/install/mobile_robot/bin'
[0.348s] INFO:colcon.colcon_core.shell:Creating package script '/home/vd/launch_ws/install/mobile_robot/share/mobile_robot/package.ps1'
[0.349s] INFO:colcon.colcon_core.shell:Creating package descriptor '/home/vd/launch_ws/install/mobile_robot/share/mobile_robot/package.dsv'
[0.349s] INFO:colcon.colcon_core.shell:Creating package script '/home/vd/launch_ws/install/mobile_robot/share/mobile_robot/package.sh'
[0.350s] INFO:colcon.colcon_core.shell:Creating package script '/home/vd/launch_ws/install/mobile_robot/share/mobile_robot/package.bash'
[0.350s] INFO:colcon.colcon_core.shell:Creating package script '/home/vd/launch_ws/install/mobile_robot/share/mobile_robot/package.zsh'
[0.351s] Level 1:colcon.colcon_core.environment:create_file_with_runtime_dependencies(/home/vd/launch_ws/install/mobile_robot/share/colcon-core/packages/mobile_robot)
[0.361s] DEBUG:colcon.colcon_parallel_executor.executor.parallel:closing loop
[0.361s] DEBUG:colcon.colcon_parallel_executor.executor.parallel:loop closed
[0.361s] DEBUG:colcon.colcon_parallel_executor.executor.parallel:run_until_complete finished with '2'
[0.361s] DEBUG:colcon.colcon_core.event_reactor:joining thread
[0.366s] INFO:colcon.colcon_core.plugin_system:Skipping extension 'colcon_notification.desktop_notification.terminal_notifier': Not used on non-Darwin systems
[0.366s] INFO:colcon.colcon_core.plugin_system:Skipping extension 'colcon_notification.desktop_notification.win32': Not used on non-Windows systems
[0.366s] INFO:colcon.colcon_notification.desktop_notification:Sending desktop notification using 'notify2'
[0.375s] DEBUG:colcon.colcon_core.event_reactor:joined thread
[0.375s] INFO:colcon.colcon_core.shell:Creating prefix script '/home/vd/launch_ws/install/local_setup.ps1'
[0.376s] INFO:colcon.colcon_core.shell:Creating prefix util module '/home/vd/launch_ws/install/_local_setup_util_ps1.py'
[0.378s] INFO:colcon.colcon_core.shell:Creating prefix chain script '/home/vd/launch_ws/install/setup.ps1'
[0.379s] INFO:colcon.colcon_core.shell:Creating prefix script '/home/vd/launch_ws/install/local_setup.sh'
[0.379s] INFO:colcon.colcon_core.shell:Creating prefix util module '/home/vd/launch_ws/install/_local_setup_util_sh.py'
[0.380s] INFO:colcon.colcon_core.shell:Creating prefix chain script '/home/vd/launch_ws/install/setup.sh'
[0.381s] INFO:colcon.colcon_core.shell:Creating prefix script '/home/vd/launch_ws/install/local_setup.bash'
[0.381s] INFO:colcon.colcon_core.shell:Creating prefix chain script '/home/vd/launch_ws/install/setup.bash'
[0.382s] INFO:colcon.colcon_core.shell:Creating prefix script '/home/vd/launch_ws/install/local_setup.zsh'
[0.382s] INFO:colcon.colcon_core.shell:Creating prefix chain script '/home/vd/launch_ws/install/setup.zsh'
