[0.007s] Invoking command in '/home/vd/launch_ws/build/mobile_robot': CMAKE_PREFIX_PATH=${CMAKE_PREFIX_PATH}:/home/vd/ros2ws/install/py_pubsub:/opt/ros/humble /usr/bin/cmake /home/vd/launch_ws/src/mobile_robot -DAMENT_CMAKE_SYMLINK_INSTALL=1 -DCMAKE_INSTALL_PREFIX=/home/vd/launch_ws/install/mobile_robot
[0.051s] -- The C compiler identification is GNU 11.4.0
[0.095s] -- The CXX compiler identification is GNU 11.4.0
[0.102s] -- Detecting C compiler ABI info
[0.146s] -- Detecting C compiler ABI info - done
[0.151s] -- Check for working C compiler: /usr/lib/ccache/cc - skipped
[0.151s] -- Detecting C compile features
[0.151s] -- Detecting C compile features - done
[0.154s] -- Detecting CXX compiler ABI info
[0.203s] -- Detecting CXX compiler ABI info - done
[0.209s] -- Check for working CXX compiler: /usr/lib/ccache/c++ - skipped
[0.209s] -- Detecting CXX compile features
[0.209s] -- Detecting CXX compile features - done
[0.211s] -- Found ament_cmake: 1.3.10 (/opt/ros/humble/share/ament_cmake/cmake)
[0.324s] -- Found Python3: /usr/bin/python3 (found version "3.10.12") found components: Interpreter 
[0.372s] -- Override CMake install command with custom implementation using symlinks instead of copying resources
[0.391s] -- Found ament_lint_auto: 0.12.11 (/opt/ros/humble/share/ament_lint_auto/cmake)
[0.450s] -- Added test 'lint_cmake' to check CMake code style
[0.451s] -- Added test 'xmllint' to check XML markup files
[0.451s] -- Configuring done
[0.453s] -- Generating done
[0.454s] -- Build files have been written to: /home/vd/launch_ws/build/mobile_robot
[0.457s] Invoked command in '/home/vd/launch_ws/build/mobile_robot' returned '0': CMAKE_PREFIX_PATH=${CMAKE_PREFIX_PATH}:/home/vd/ros2ws/install/py_pubsub:/opt/ros/humble /usr/bin/cmake /home/vd/launch_ws/src/mobile_robot -DAMENT_CMAKE_SYMLINK_INSTALL=1 -DCMAKE_INSTALL_PREFIX=/home/vd/launch_ws/install/mobile_robot
[0.459s] Invoking command in '/home/vd/launch_ws/build/mobile_robot': CMAKE_PREFIX_PATH=${CMAKE_PREFIX_PATH}:/home/vd/ros2ws/install/py_pubsub:/opt/ros/humble /usr/bin/cmake --build /home/vd/launch_ws/build/mobile_robot -- -j4 -l4
[0.486s] Invoked command in '/home/vd/launch_ws/build/mobile_robot' returned '0': CMAKE_PREFIX_PATH=${CMAKE_PREFIX_PATH}:/home/vd/ros2ws/install/py_pubsub:/opt/ros/humble /usr/bin/cmake --build /home/vd/launch_ws/build/mobile_robot -- -j4 -l4
[0.493s] Invoking command in '/home/vd/launch_ws/build/mobile_robot': CMAKE_PREFIX_PATH=${CMAKE_PREFIX_PATH}:/home/vd/ros2ws/install/py_pubsub:/opt/ros/humble /usr/bin/cmake --install /home/vd/launch_ws/build/mobile_robot
[0.499s] -- Install configuration: ""
[0.499s] -- Execute custom install script
[0.499s] -- Symlinking: /home/vd/launch_ws/install/mobile_robot/share/ament_index/resource_index/package_run_dependencies/mobile_robot
[0.506s] -- Symlinking: /home/vd/launch_ws/install/mobile_robot/share/ament_index/resource_index/parent_prefix_path/mobile_robot
[0.512s] -- Symlinking: /home/vd/launch_ws/install/mobile_robot/share/mobile_robot/environment/ament_prefix_path.sh
[0.519s] -- Symlinking: /home/vd/launch_ws/install/mobile_robot/share/mobile_robot/environment/ament_prefix_path.dsv
[0.525s] -- Symlinking: /home/vd/launch_ws/install/mobile_robot/share/mobile_robot/environment/path.sh
[0.532s] -- Symlinking: /home/vd/launch_ws/install/mobile_robot/share/mobile_robot/environment/path.dsv
[0.539s] -- Symlinking: /home/vd/launch_ws/install/mobile_robot/share/mobile_robot/local_setup.bash
[0.545s] -- Symlinking: /home/vd/launch_ws/install/mobile_robot/share/mobile_robot/local_setup.sh
[0.552s] -- Symlinking: /home/vd/launch_ws/install/mobile_robot/share/mobile_robot/local_setup.zsh
[0.558s] -- Symlinking: /home/vd/launch_ws/install/mobile_robot/share/mobile_robot/local_setup.dsv
[0.564s] -- Symlinking: /home/vd/launch_ws/install/mobile_robot/share/mobile_robot/package.dsv
[0.571s] -- Symlinking: /home/vd/launch_ws/install/mobile_robot/share/ament_index/resource_index/packages/mobile_robot
[0.577s] -- Symlinking: /home/vd/launch_ws/install/mobile_robot/share/mobile_robot/cmake/mobile_robotConfig.cmake
[0.584s] -- Symlinking: /home/vd/launch_ws/install/mobile_robot/share/mobile_robot/cmake/mobile_robotConfig-version.cmake
[0.590s] -- Symlinking: /home/vd/launch_ws/install/mobile_robot/share/mobile_robot/package.xml
[0.598s] Invoked command in '/home/vd/launch_ws/build/mobile_robot' returned '0': CMAKE_PREFIX_PATH=${CMAKE_PREFIX_PATH}:/home/vd/ros2ws/install/py_pubsub:/opt/ros/humble /usr/bin/cmake --install /home/vd/launch_ws/build/mobile_robot
