[0.016s] Invoking command in '/home/vd/launch_ws/src/build/mobile_robot': CMAKE_PREFIX_PATH=${CMAKE_PREFIX_PATH}:/home/vd/launch_ws/install/py_launch_example:/home/vd/ros2ws/install/py_pubsub:/opt/ros/humble /usr/bin/cmake /home/vd/launch_ws/src/mobile_robot -DCMAKE_INSTALL_PREFIX=/home/vd/launch_ws/src/install/mobile_robot
[0.274s] -- The C compiler identification is GNU 11.4.0
[0.274s] -- The CXX compiler identification is GNU 11.4.0
[0.274s] -- Detecting C compiler ABI info
[0.343s] -- Detecting C compiler ABI info - done
[0.353s] -- Check for working C compiler: /usr/lib/ccache/cc - skipped
[0.354s] -- Detecting C compile features
[0.354s] -- Detecting C compile features - done
[0.359s] -- Detecting CXX compiler ABI info
[0.427s] -- Detecting CXX compiler ABI info - done
[0.437s] -- Check for working CXX compiler: /usr/lib/ccache/c++ - skipped
[0.437s] -- Detecting CXX compile features
[0.438s] -- Detecting CXX compile features - done
[0.447s] -- Found ament_cmake: 1.3.10 (/opt/ros/humble/share/ament_cmake/cmake)
[0.628s] -- Found Python3: /usr/bin/python3 (found version "3.10.12") found components: Interpreter 
[0.743s] -- Found ament_lint_auto: 0.12.11 (/opt/ros/humble/share/ament_lint_auto/cmake)
[0.823s] -- Added test 'flake8' to check Python code syntax and style conventions
[0.825s] -- Added test 'lint_cmake' to check CMake code style
[0.825s] -- Added test 'pep257' to check Python code against some of the docstring style conventions in PEP 257
[0.830s] -- Added test 'xmllint' to check XML markup files
[0.834s] -- Configuring done
[0.836s] -- Generating done
[0.838s] -- Build files have been written to: /home/vd/launch_ws/src/build/mobile_robot
[0.844s] Invoked command in '/home/vd/launch_ws/src/build/mobile_robot' returned '0': CMAKE_PREFIX_PATH=${CMAKE_PREFIX_PATH}:/home/vd/launch_ws/install/py_launch_example:/home/vd/ros2ws/install/py_pubsub:/opt/ros/humble /usr/bin/cmake /home/vd/launch_ws/src/mobile_robot -DCMAKE_INSTALL_PREFIX=/home/vd/launch_ws/src/install/mobile_robot
[0.846s] Invoking command in '/home/vd/launch_ws/src/build/mobile_robot': CMAKE_PREFIX_PATH=${CMAKE_PREFIX_PATH}:/home/vd/launch_ws/install/py_launch_example:/home/vd/ros2ws/install/py_pubsub:/opt/ros/humble /usr/bin/cmake --build /home/vd/launch_ws/src/build/mobile_robot -- -j4 -l4
[0.899s] Invoked command in '/home/vd/launch_ws/src/build/mobile_robot' returned '0': CMAKE_PREFIX_PATH=${CMAKE_PREFIX_PATH}:/home/vd/launch_ws/install/py_launch_example:/home/vd/ros2ws/install/py_pubsub:/opt/ros/humble /usr/bin/cmake --build /home/vd/launch_ws/src/build/mobile_robot -- -j4 -l4
[0.919s] Invoking command in '/home/vd/launch_ws/src/build/mobile_robot': CMAKE_PREFIX_PATH=${CMAKE_PREFIX_PATH}:/home/vd/launch_ws/install/py_launch_example:/home/vd/ros2ws/install/py_pubsub:/opt/ros/humble /usr/bin/cmake --install /home/vd/launch_ws/src/build/mobile_robot
[0.932s] -- Install configuration: ""
[0.932s] -- Installing: /home/vd/launch_ws/src/install/mobile_robot/share/mobile_robot/launch
[0.934s] -- Installing: /home/vd/launch_ws/src/install/mobile_robot/share/mobile_robot/launch/.vscode
[0.935s] -- Installing: /home/vd/launch_ws/src/install/mobile_robot/share/mobile_robot/launch/.vscode/c_cpp_properties.json
[0.936s] -- Installing: /home/vd/launch_ws/src/install/mobile_robot/share/mobile_robot/launch/.vscode/settings.json
[0.936s] -- Installing: /home/vd/launch_ws/src/install/mobile_robot/share/mobile_robot/launch/gazebo_model.launch.py
[0.937s] -- Installing: /home/vd/launch_ws/src/install/mobile_robot/share/mobile_robot/model
[0.937s] -- Installing: /home/vd/launch_ws/src/install/mobile_robot/share/mobile_robot/model/robot.xacro
[0.937s] -- Installing: /home/vd/launch_ws/src/install/mobile_robot/share/mobile_robot/model/robot.gazebo
[0.937s] -- Installing: /home/vd/launch_ws/src/install/mobile_robot/share/ament_index/resource_index/package_run_dependencies/mobile_robot
[0.938s] -- Installing: /home/vd/launch_ws/src/install/mobile_robot/share/ament_index/resource_index/parent_prefix_path/mobile_robot
[0.938s] -- Installing: /home/vd/launch_ws/src/install/mobile_robot/share/mobile_robot/environment/ament_prefix_path.sh
[0.938s] -- Installing: /home/vd/launch_ws/src/install/mobile_robot/share/mobile_robot/environment/ament_prefix_path.dsv
[0.939s] -- Installing: /home/vd/launch_ws/src/install/mobile_robot/share/mobile_robot/environment/path.sh
[0.939s] -- Installing: /home/vd/launch_ws/src/install/mobile_robot/share/mobile_robot/environment/path.dsv
[0.939s] -- Installing: /home/vd/launch_ws/src/install/mobile_robot/share/mobile_robot/local_setup.bash
[0.941s] -- Installing: /home/vd/launch_ws/src/install/mobile_robot/share/mobile_robot/local_setup.sh
[0.941s] -- Installing: /home/vd/launch_ws/src/install/mobile_robot/share/mobile_robot/local_setup.zsh
[0.941s] -- Installing: /home/vd/launch_ws/src/install/mobile_robot/share/mobile_robot/local_setup.dsv
[0.941s] -- Installing: /home/vd/launch_ws/src/install/mobile_robot/share/mobile_robot/package.dsv
[0.941s] -- Installing: /home/vd/launch_ws/src/install/mobile_robot/share/ament_index/resource_index/packages/mobile_robot
[0.941s] -- Installing: /home/vd/launch_ws/src/install/mobile_robot/share/mobile_robot/cmake/mobile_robotConfig.cmake
[0.941s] -- Installing: /home/vd/launch_ws/src/install/mobile_robot/share/mobile_robot/cmake/mobile_robotConfig-version.cmake
[0.942s] -- Installing: /home/vd/launch_ws/src/install/mobile_robot/share/mobile_robot/package.xml
[0.946s] Invoked command in '/home/vd/launch_ws/src/build/mobile_robot' returned '0': CMAKE_PREFIX_PATH=${CMAKE_PREFIX_PATH}:/home/vd/launch_ws/install/py_launch_example:/home/vd/ros2ws/install/py_pubsub:/opt/ros/humble /usr/bin/cmake --install /home/vd/launch_ws/src/build/mobile_robot
