[0.612s] Invoking command in '/home/vd/launch_ws/py_launch_example': PYTHONPATH=/home/vd/launch_ws/build/py_launch_example/prefix_override:/usr/lib/python3/dist-packages/colcon_core/task/python/colcon_distutils_commands:/home/vd/launch_ws/install/py_launch_example/lib/python3.10/site-packages:${PYTHONPATH} /usr/bin/python3 -W ignore:setup.py install is deprecated -W ignore:easy_install command is deprecated setup.py egg_info --egg-base ../build/py_launch_example build --build-base /home/vd/launch_ws/build/py_launch_example/build install --record /home/vd/launch_ws/build/py_launch_example/install.log --single-version-externally-managed install_data
[0.802s] running egg_info
[0.802s] writing ../build/py_launch_example/UNKNOWN.egg-info/PKG-INFO
[0.802s] writing dependency_links to ../build/py_launch_example/UNKNOWN.egg-info/dependency_links.txt
[0.802s] writing top-level names to ../build/py_launch_example/UNKNOWN.egg-info/top_level.txt
[0.803s] reading manifest file '../build/py_launch_example/UNKNOWN.egg-info/SOURCES.txt'
[0.803s] adding license file 'LICENSE'
[0.804s] writing manifest file '../build/py_launch_example/UNKNOWN.egg-info/SOURCES.txt'
[0.804s] running build
[0.804s] running install
[0.804s] running install_data
[0.804s] running install_egg_info
[0.806s] removing '/home/vd/launch_ws/install/py_launch_example/lib/python3.10/site-packages/UNKNOWN-0.0.0-py3.10.egg-info' (and everything under it)
[0.806s] Copying ../build/py_launch_example/UNKNOWN.egg-info to /home/vd/launch_ws/install/py_launch_example/lib/python3.10/site-packages/UNKNOWN-0.0.0-py3.10.egg-info
[0.806s] running install_scripts
[0.821s] writing list of installed files to '/home/vd/launch_ws/build/py_launch_example/install.log'
[0.825s] running egg_info
[0.826s] writing ../build/py_launch_example/py_launch_example.egg-info/PKG-INFO
[0.826s] writing dependency_links to ../build/py_launch_example/py_launch_example.egg-info/dependency_links.txt
[0.826s] writing entry points to ../build/py_launch_example/py_launch_example.egg-info/entry_points.txt
[0.826s] writing requirements to ../build/py_launch_example/py_launch_example.egg-info/requires.txt
[0.826s] writing top-level names to ../build/py_launch_example/py_launch_example.egg-info/top_level.txt
[0.829s] reading manifest file '../build/py_launch_example/py_launch_example.egg-info/SOURCES.txt'
[0.829s] adding license file 'LICENSE'
[0.830s] writing manifest file '../build/py_launch_example/py_launch_example.egg-info/SOURCES.txt'
[0.830s] running build
[0.830s] running build_py
[0.831s] running install
[0.831s] running install_lib
[0.832s] running install_data
[0.832s] running install_egg_info
[0.832s] removing '/home/vd/launch_ws/install/py_launch_example/lib/python3.10/site-packages/py_launch_example-0.0.0-py3.10.egg-info' (and everything under it)
[0.833s] Copying ../build/py_launch_example/py_launch_example.egg-info to /home/vd/launch_ws/install/py_launch_example/lib/python3.10/site-packages/py_launch_example-0.0.0-py3.10.egg-info
[0.833s] running install_scripts
[0.834s] writing list of installed files to '/home/vd/launch_ws/build/py_launch_example/install.log'
[0.860s] Invoked command in '/home/vd/launch_ws/py_launch_example' returned '0': PYTHONPATH=/home/vd/launch_ws/build/py_launch_example/prefix_override:/usr/lib/python3/dist-packages/colcon_core/task/python/colcon_distutils_commands:/home/vd/launch_ws/install/py_launch_example/lib/python3.10/site-packages:${PYTHONPATH} /usr/bin/python3 -W ignore:setup.py install is deprecated -W ignore:easy_install command is deprecated setup.py egg_info --egg-base ../build/py_launch_example build --build-base /home/vd/launch_ws/build/py_launch_example/build install --record /home/vd/launch_ws/build/py_launch_example/install.log --single-version-externally-managed install_data
