running egg_info
creating ../build/py_launch_example/UNKNOWN.egg-info
writing ../build/py_launch_example/UNKNOWN.egg-info/PKG-INFO
writing dependency_links to ../build/py_launch_example/UNKNOWN.egg-info/dependency_links.txt
writing top-level names to ../build/py_launch_example/UNKNOWN.egg-info/top_level.txt
writing manifest file '../build/py_launch_example/UNKNOWN.egg-info/SOURCES.txt'
reading manifest file '../build/py_launch_example/UNKNOWN.egg-info/SOURCES.txt'
adding license file 'LICENSE'
writing manifest file '../build/py_launch_example/UNKNOWN.egg-info/SOURCES.txt'
running build
running install
running install_data
creating /home/vd/launch_ws/install/py_launch_example/share/py_launch_example/launch
copying launch/my_script_launch.py -> /home/vd/launch_ws/install/py_launch_example/share/py_launch_example/launch
running install_egg_info
Copying ../build/py_launch_example/UNKNOWN.egg-info to /home/vd/launch_ws/install/py_launch_example/lib/python3.10/site-packages/UNKNOWN-0.0.0-py3.10.egg-info
running install_scripts
writing list of installed files to '/home/vd/launch_ws/build/py_launch_example/install.log'
running egg_info
creating ../build/py_launch_example/py_launch_example.egg-info
writing ../build/py_launch_example/py_launch_example.egg-info/PKG-INFO
writing dependency_links to ../build/py_launch_example/py_launch_example.egg-info/dependency_links.txt
writing entry points to ../build/py_launch_example/py_launch_example.egg-info/entry_points.txt
writing requirements to ../build/py_launch_example/py_launch_example.egg-info/requires.txt
writing top-level names to ../build/py_launch_example/py_launch_example.egg-info/top_level.txt
writing manifest file '../build/py_launch_example/py_launch_example.egg-info/SOURCES.txt'
reading manifest file '../build/py_launch_example/py_launch_example.egg-info/SOURCES.txt'
adding license file 'LICENSE'
writing manifest file '../build/py_launch_example/py_launch_example.egg-info/SOURCES.txt'
running build
running build_py
creating /home/vd/launch_ws/build/py_launch_example/build
creating /home/vd/launch_ws/build/py_launch_example/build/lib
creating /home/vd/launch_ws/build/py_launch_example/build/lib/py_launch_example
copying py_launch_example/__init__.py -> /home/vd/launch_ws/build/py_launch_example/build/lib/py_launch_example
running install
running install_lib
creating /home/vd/launch_ws/install/py_launch_example/lib/python3.10/site-packages/py_launch_example
copying /home/vd/launch_ws/build/py_launch_example/build/lib/py_launch_example/__init__.py -> /home/vd/launch_ws/install/py_launch_example/lib/python3.10/site-packages/py_launch_example
byte-compiling /home/vd/launch_ws/install/py_launch_example/lib/python3.10/site-packages/py_launch_example/__init__.py to __init__.cpython-310.pyc
running install_data
creating /home/vd/launch_ws/install/py_launch_example/share/ament_index
creating /home/vd/launch_ws/install/py_launch_example/share/ament_index/resource_index
creating /home/vd/launch_ws/install/py_launch_example/share/ament_index/resource_index/packages
copying resource/py_launch_example -> /home/vd/launch_ws/install/py_launch_example/share/ament_index/resource_index/packages
copying package.xml -> /home/vd/launch_ws/install/py_launch_example/share/py_launch_example
running install_egg_info
Copying ../build/py_launch_example/py_launch_example.egg-info to /home/vd/launch_ws/install/py_launch_example/lib/python3.10/site-packages/py_launch_example-0.0.0-py3.10.egg-info
running install_scripts
writing list of installed files to '/home/vd/launch_ws/build/py_launch_example/install.log'
