[0.232s] DEBUG:colcon:Command line arguments: ['/usr/bin/colcon', 'build']
[0.232s] DEBUG:colcon:Parsed command line arguments: Namespace(log_base=None, log_level=None, verb_name='build', build_base='build', install_base='install', merge_install=False, symlink_install=False, test_result_base=None, continue_on_error=False, executor='parallel', parallel_workers=4, event_handlers=None, ignore_user_meta=False, metas=['./colcon.meta'], base_paths=['.'], packages_ignore=None, packages_ignore_regex=None, paths=None, packages_up_to=None, packages_up_to_regex=None, packages_above=None, packages_above_and_dependencies=None, packages_above_depth=None, packages_select_by_dep=None, packages_skip_by_dep=None, packages_skip_up_to=None, packages_select_build_failed=False, packages_skip_build_finished=False, packages_select_test_failures=False, packages_skip_test_passed=False, packages_select=None, packages_skip=None, packages_select_regex=None, packages_skip_regex=None, packages_start=None, packages_end=None, allow_overriding=[], cmake_args=None, cmake_target=None, cmake_target_skip_unavailable=False, cmake_clean_cache=False, cmake_clean_first=False, cmake_force_configure=False, ament_cmake_args=None, catkin_cmake_args=None, catkin_skip_building_tests=False, mixin_files=None, mixin=None, verb_parser=<colcon_mixin.mixin.mixin_argument.MixinArgumentDecorator object at 0x7004c4729de0>, verb_extension=<colcon_core.verb.build.BuildVerb object at 0x7004c46e0df0>, main=<bound method BuildVerb.main of <colcon_core.verb.build.BuildVerb object at 0x7004c46e0df0>>, mixin_verb=('build',))
[0.431s] Level 1:colcon.colcon_core.package_discovery:discover_packages(colcon_meta) check parameters
[0.432s] Level 1:colcon.colcon_core.package_discovery:discover_packages(recursive) check parameters
[0.432s] Level 1:colcon.colcon_core.package_discovery:discover_packages(ignore) check parameters
[0.432s] Level 1:colcon.colcon_core.package_discovery:discover_packages(path) check parameters
[0.432s] Level 1:colcon.colcon_core.package_discovery:discover_packages(colcon_meta) discover
[0.432s] Level 1:colcon.colcon_core.package_discovery:discover_packages(recursive) discover
[0.432s] INFO:colcon.colcon_core.package_discovery:Crawling recursively for packages in '/home/vd/launch_ws/src'
[0.432s] Level 1:colcon.colcon_core.package_identification:_identify(.) by extensions ['ignore', 'ignore_ament_install']
[0.432s] Level 1:colcon.colcon_core.package_identification:_identify(.) by extension 'ignore'
[0.432s] Level 1:colcon.colcon_core.package_identification:_identify(.) by extension 'ignore_ament_install'
[0.432s] Level 1:colcon.colcon_core.package_identification:_identify(.) by extensions ['colcon_pkg']
[0.432s] Level 1:colcon.colcon_core.package_identification:_identify(.) by extension 'colcon_pkg'
[0.432s] Level 1:colcon.colcon_core.package_identification:_identify(.) by extensions ['colcon_meta']
[0.432s] Level 1:colcon.colcon_core.package_identification:_identify(.) by extension 'colcon_meta'
[0.432s] Level 1:colcon.colcon_core.package_identification:_identify(.) by extensions ['ros']
[0.432s] Level 1:colcon.colcon_core.package_identification:_identify(.) by extension 'ros'
[0.443s] Level 1:colcon.colcon_core.package_identification:_identify(.) by extensions ['cmake', 'python']
[0.443s] Level 1:colcon.colcon_core.package_identification:_identify(.) by extension 'cmake'
[0.443s] Level 1:colcon.colcon_core.package_identification:_identify(.) by extension 'python'
[0.443s] Level 1:colcon.colcon_core.package_identification:_identify(.) by extensions ['python_setup_py']
[0.443s] Level 1:colcon.colcon_core.package_identification:_identify(.) by extension 'python_setup_py'
[0.443s] Level 1:colcon.colcon_core.package_identification:_identify(ROS2-Self-Driving-Car-AI-using-OpenCV) by extensions ['ignore', 'ignore_ament_install']
[0.443s] Level 1:colcon.colcon_core.package_identification:_identify(ROS2-Self-Driving-Car-AI-using-OpenCV) by extension 'ignore'
[0.443s] Level 1:colcon.colcon_core.package_identification:_identify(ROS2-Self-Driving-Car-AI-using-OpenCV) by extension 'ignore_ament_install'
[0.444s] Level 1:colcon.colcon_core.package_identification:_identify(ROS2-Self-Driving-Car-AI-using-OpenCV) by extensions ['colcon_pkg']
[0.444s] Level 1:colcon.colcon_core.package_identification:_identify(ROS2-Self-Driving-Car-AI-using-OpenCV) by extension 'colcon_pkg'
[0.444s] Level 1:colcon.colcon_core.package_identification:_identify(ROS2-Self-Driving-Car-AI-using-OpenCV) by extensions ['colcon_meta']
[0.444s] Level 1:colcon.colcon_core.package_identification:_identify(ROS2-Self-Driving-Car-AI-using-OpenCV) by extension 'colcon_meta'
[0.444s] Level 1:colcon.colcon_core.package_identification:_identify(ROS2-Self-Driving-Car-AI-using-OpenCV) by extensions ['ros']
[0.444s] Level 1:colcon.colcon_core.package_identification:_identify(ROS2-Self-Driving-Car-AI-using-OpenCV) by extension 'ros'
[0.444s] Level 1:colcon.colcon_core.package_identification:_identify(ROS2-Self-Driving-Car-AI-using-OpenCV) by extensions ['cmake', 'python']
[0.444s] Level 1:colcon.colcon_core.package_identification:_identify(ROS2-Self-Driving-Car-AI-using-OpenCV) by extension 'cmake'
[0.444s] Level 1:colcon.colcon_core.package_identification:_identify(ROS2-Self-Driving-Car-AI-using-OpenCV) by extension 'python'
[0.444s] Level 1:colcon.colcon_core.package_identification:_identify(ROS2-Self-Driving-Car-AI-using-OpenCV) by extensions ['python_setup_py']
[0.444s] Level 1:colcon.colcon_core.package_identification:_identify(ROS2-Self-Driving-Car-AI-using-OpenCV) by extension 'python_setup_py'
[0.444s] Level 1:colcon.colcon_core.package_identification:_identify(ROS2-Self-Driving-Car-AI-using-OpenCV/Images_videos) by extensions ['ignore', 'ignore_ament_install']
[0.444s] Level 1:colcon.colcon_core.package_identification:_identify(ROS2-Self-Driving-Car-AI-using-OpenCV/Images_videos) by extension 'ignore'
[0.444s] Level 1:colcon.colcon_core.package_identification:_identify(ROS2-Self-Driving-Car-AI-using-OpenCV/Images_videos) by extension 'ignore_ament_install'
[0.444s] Level 1:colcon.colcon_core.package_identification:_identify(ROS2-Self-Driving-Car-AI-using-OpenCV/Images_videos) by extensions ['colcon_pkg']
[0.444s] Level 1:colcon.colcon_core.package_identification:_identify(ROS2-Self-Driving-Car-AI-using-OpenCV/Images_videos) by extension 'colcon_pkg'
[0.444s] Level 1:colcon.colcon_core.package_identification:_identify(ROS2-Self-Driving-Car-AI-using-OpenCV/Images_videos) by extensions ['colcon_meta']
[0.444s] Level 1:colcon.colcon_core.package_identification:_identify(ROS2-Self-Driving-Car-AI-using-OpenCV/Images_videos) by extension 'colcon_meta'
[0.444s] Level 1:colcon.colcon_core.package_identification:_identify(ROS2-Self-Driving-Car-AI-using-OpenCV/Images_videos) by extensions ['ros']
[0.444s] Level 1:colcon.colcon_core.package_identification:_identify(ROS2-Self-Driving-Car-AI-using-OpenCV/Images_videos) by extension 'ros'
[0.444s] Level 1:colcon.colcon_core.package_identification:_identify(ROS2-Self-Driving-Car-AI-using-OpenCV/Images_videos) by extensions ['cmake', 'python']
[0.444s] Level 1:colcon.colcon_core.package_identification:_identify(ROS2-Self-Driving-Car-AI-using-OpenCV/Images_videos) by extension 'cmake'
[0.444s] Level 1:colcon.colcon_core.package_identification:_identify(ROS2-Self-Driving-Car-AI-using-OpenCV/Images_videos) by extension 'python'
[0.444s] Level 1:colcon.colcon_core.package_identification:_identify(ROS2-Self-Driving-Car-AI-using-OpenCV/Images_videos) by extensions ['python_setup_py']
[0.444s] Level 1:colcon.colcon_core.package_identification:_identify(ROS2-Self-Driving-Car-AI-using-OpenCV/Images_videos) by extension 'python_setup_py'
[0.444s] Level 1:colcon.colcon_core.package_identification:_identify(ROS2-Self-Driving-Car-AI-using-OpenCV/Images_videos/HaarCascade) by extensions ['ignore', 'ignore_ament_install']
[0.444s] Level 1:colcon.colcon_core.package_identification:_identify(ROS2-Self-Driving-Car-AI-using-OpenCV/Images_videos/HaarCascade) by extension 'ignore'
[0.444s] Level 1:colcon.colcon_core.package_identification:_identify(ROS2-Self-Driving-Car-AI-using-OpenCV/Images_videos/HaarCascade) by extension 'ignore_ament_install'
[0.445s] Level 1:colcon.colcon_core.package_identification:_identify(ROS2-Self-Driving-Car-AI-using-OpenCV/Images_videos/HaarCascade) by extensions ['colcon_pkg']
[0.445s] Level 1:colcon.colcon_core.package_identification:_identify(ROS2-Self-Driving-Car-AI-using-OpenCV/Images_videos/HaarCascade) by extension 'colcon_pkg'
[0.445s] Level 1:colcon.colcon_core.package_identification:_identify(ROS2-Self-Driving-Car-AI-using-OpenCV/Images_videos/HaarCascade) by extensions ['colcon_meta']
[0.445s] Level 1:colcon.colcon_core.package_identification:_identify(ROS2-Self-Driving-Car-AI-using-OpenCV/Images_videos/HaarCascade) by extension 'colcon_meta'
[0.445s] Level 1:colcon.colcon_core.package_identification:_identify(ROS2-Self-Driving-Car-AI-using-OpenCV/Images_videos/HaarCascade) by extensions ['ros']
[0.445s] Level 1:colcon.colcon_core.package_identification:_identify(ROS2-Self-Driving-Car-AI-using-OpenCV/Images_videos/HaarCascade) by extension 'ros'
[0.445s] Level 1:colcon.colcon_core.package_identification:_identify(ROS2-Self-Driving-Car-AI-using-OpenCV/Images_videos/HaarCascade) by extensions ['cmake', 'python']
[0.445s] Level 1:colcon.colcon_core.package_identification:_identify(ROS2-Self-Driving-Car-AI-using-OpenCV/Images_videos/HaarCascade) by extension 'cmake'
[0.445s] Level 1:colcon.colcon_core.package_identification:_identify(ROS2-Self-Driving-Car-AI-using-OpenCV/Images_videos/HaarCascade) by extension 'python'
[0.445s] Level 1:colcon.colcon_core.package_identification:_identify(ROS2-Self-Driving-Car-AI-using-OpenCV/Images_videos/HaarCascade) by extensions ['python_setup_py']
[0.445s] Level 1:colcon.colcon_core.package_identification:_identify(ROS2-Self-Driving-Car-AI-using-OpenCV/Images_videos/HaarCascade) by extension 'python_setup_py'
[0.445s] Level 1:colcon.colcon_core.package_identification:_identify(ROS2-Self-Driving-Car-AI-using-OpenCV/Images_videos/HaarCascade/Training_Steps) by extensions ['ignore', 'ignore_ament_install']
[0.445s] Level 1:colcon.colcon_core.package_identification:_identify(ROS2-Self-Driving-Car-AI-using-OpenCV/Images_videos/HaarCascade/Training_Steps) by extension 'ignore'
[0.445s] Level 1:colcon.colcon_core.package_identification:_identify(ROS2-Self-Driving-Car-AI-using-OpenCV/Images_videos/HaarCascade/Training_Steps) by extension 'ignore_ament_install'
[0.445s] Level 1:colcon.colcon_core.package_identification:_identify(ROS2-Self-Driving-Car-AI-using-OpenCV/Images_videos/HaarCascade/Training_Steps) by extensions ['colcon_pkg']
[0.445s] Level 1:colcon.colcon_core.package_identification:_identify(ROS2-Self-Driving-Car-AI-using-OpenCV/Images_videos/HaarCascade/Training_Steps) by extension 'colcon_pkg'
[0.445s] Level 1:colcon.colcon_core.package_identification:_identify(ROS2-Self-Driving-Car-AI-using-OpenCV/Images_videos/HaarCascade/Training_Steps) by extensions ['colcon_meta']
[0.445s] Level 1:colcon.colcon_core.package_identification:_identify(ROS2-Self-Driving-Car-AI-using-OpenCV/Images_videos/HaarCascade/Training_Steps) by extension 'colcon_meta'
[0.445s] Level 1:colcon.colcon_core.package_identification:_identify(ROS2-Self-Driving-Car-AI-using-OpenCV/Images_videos/HaarCascade/Training_Steps) by extensions ['ros']
[0.445s] Level 1:colcon.colcon_core.package_identification:_identify(ROS2-Self-Driving-Car-AI-using-OpenCV/Images_videos/HaarCascade/Training_Steps) by extension 'ros'
[0.445s] Level 1:colcon.colcon_core.package_identification:_identify(ROS2-Self-Driving-Car-AI-using-OpenCV/Images_videos/HaarCascade/Training_Steps) by extensions ['cmake', 'python']
[0.445s] Level 1:colcon.colcon_core.package_identification:_identify(ROS2-Self-Driving-Car-AI-using-OpenCV/Images_videos/HaarCascade/Training_Steps) by extension 'cmake'
[0.445s] Level 1:colcon.colcon_core.package_identification:_identify(ROS2-Self-Driving-Car-AI-using-OpenCV/Images_videos/HaarCascade/Training_Steps) by extension 'python'
[0.445s] Level 1:colcon.colcon_core.package_identification:_identify(ROS2-Self-Driving-Car-AI-using-OpenCV/Images_videos/HaarCascade/Training_Steps) by extensions ['python_setup_py']
[0.445s] Level 1:colcon.colcon_core.package_identification:_identify(ROS2-Self-Driving-Car-AI-using-OpenCV/Images_videos/HaarCascade/Training_Steps) by extension 'python_setup_py'
[0.445s] Level 1:colcon.colcon_core.package_identification:_identify(ROS2-Self-Driving-Car-AI-using-OpenCV/Images_videos/Sat_Nav) by extensions ['ignore', 'ignore_ament_install']
[0.445s] Level 1:colcon.colcon_core.package_identification:_identify(ROS2-Self-Driving-Car-AI-using-OpenCV/Images_videos/Sat_Nav) by extension 'ignore'
[0.445s] Level 1:colcon.colcon_core.package_identification:_identify(ROS2-Self-Driving-Car-AI-using-OpenCV/Images_videos/Sat_Nav) by extension 'ignore_ament_install'
[0.445s] Level 1:colcon.colcon_core.package_identification:_identify(ROS2-Self-Driving-Car-AI-using-OpenCV/Images_videos/Sat_Nav) by extensions ['colcon_pkg']
[0.445s] Level 1:colcon.colcon_core.package_identification:_identify(ROS2-Self-Driving-Car-AI-using-OpenCV/Images_videos/Sat_Nav) by extension 'colcon_pkg'
[0.445s] Level 1:colcon.colcon_core.package_identification:_identify(ROS2-Self-Driving-Car-AI-using-OpenCV/Images_videos/Sat_Nav) by extensions ['colcon_meta']
[0.446s] Level 1:colcon.colcon_core.package_identification:_identify(ROS2-Self-Driving-Car-AI-using-OpenCV/Images_videos/Sat_Nav) by extension 'colcon_meta'
[0.446s] Level 1:colcon.colcon_core.package_identification:_identify(ROS2-Self-Driving-Car-AI-using-OpenCV/Images_videos/Sat_Nav) by extensions ['ros']
[0.446s] Level 1:colcon.colcon_core.package_identification:_identify(ROS2-Self-Driving-Car-AI-using-OpenCV/Images_videos/Sat_Nav) by extension 'ros'
[0.446s] Level 1:colcon.colcon_core.package_identification:_identify(ROS2-Self-Driving-Car-AI-using-OpenCV/Images_videos/Sat_Nav) by extensions ['cmake', 'python']
[0.446s] Level 1:colcon.colcon_core.package_identification:_identify(ROS2-Self-Driving-Car-AI-using-OpenCV/Images_videos/Sat_Nav) by extension 'cmake'
[0.446s] Level 1:colcon.colcon_core.package_identification:_identify(ROS2-Self-Driving-Car-AI-using-OpenCV/Images_videos/Sat_Nav) by extension 'python'
[0.446s] Level 1:colcon.colcon_core.package_identification:_identify(ROS2-Self-Driving-Car-AI-using-OpenCV/Images_videos/Sat_Nav) by extensions ['python_setup_py']
[0.446s] Level 1:colcon.colcon_core.package_identification:_identify(ROS2-Self-Driving-Car-AI-using-OpenCV/Images_videos/Sat_Nav) by extension 'python_setup_py'
[0.446s] Level 1:colcon.colcon_core.package_identification:_identify(ROS2-Self-Driving-Car-AI-using-OpenCV/Repo_resources) by extensions ['ignore', 'ignore_ament_install']
[0.446s] Level 1:colcon.colcon_core.package_identification:_identify(ROS2-Self-Driving-Car-AI-using-OpenCV/Repo_resources) by extension 'ignore'
[0.446s] Level 1:colcon.colcon_core.package_identification:_identify(ROS2-Self-Driving-Car-AI-using-OpenCV/Repo_resources) by extension 'ignore_ament_install'
[0.446s] Level 1:colcon.colcon_core.package_identification:_identify(ROS2-Self-Driving-Car-AI-using-OpenCV/Repo_resources) by extensions ['colcon_pkg']
[0.446s] Level 1:colcon.colcon_core.package_identification:_identify(ROS2-Self-Driving-Car-AI-using-OpenCV/Repo_resources) by extension 'colcon_pkg'
[0.446s] Level 1:colcon.colcon_core.package_identification:_identify(ROS2-Self-Driving-Car-AI-using-OpenCV/Repo_resources) by extensions ['colcon_meta']
[0.446s] Level 1:colcon.colcon_core.package_identification:_identify(ROS2-Self-Driving-Car-AI-using-OpenCV/Repo_resources) by extension 'colcon_meta'
[0.446s] Level 1:colcon.colcon_core.package_identification:_identify(ROS2-Self-Driving-Car-AI-using-OpenCV/Repo_resources) by extensions ['ros']
[0.446s] Level 1:colcon.colcon_core.package_identification:_identify(ROS2-Self-Driving-Car-AI-using-OpenCV/Repo_resources) by extension 'ros'
[0.446s] Level 1:colcon.colcon_core.package_identification:_identify(ROS2-Self-Driving-Car-AI-using-OpenCV/Repo_resources) by extensions ['cmake', 'python']
[0.446s] Level 1:colcon.colcon_core.package_identification:_identify(ROS2-Self-Driving-Car-AI-using-OpenCV/Repo_resources) by extension 'cmake'
[0.446s] Level 1:colcon.colcon_core.package_identification:_identify(ROS2-Self-Driving-Car-AI-using-OpenCV/Repo_resources) by extension 'python'
[0.446s] Level 1:colcon.colcon_core.package_identification:_identify(ROS2-Self-Driving-Car-AI-using-OpenCV/Repo_resources) by extensions ['python_setup_py']
[0.446s] Level 1:colcon.colcon_core.package_identification:_identify(ROS2-Self-Driving-Car-AI-using-OpenCV/Repo_resources) by extension 'python_setup_py'
[0.446s] Level 1:colcon.colcon_core.package_identification:_identify(ROS2-Self-Driving-Car-AI-using-OpenCV/docker) by extensions ['ignore', 'ignore_ament_install']
[0.446s] Level 1:colcon.colcon_core.package_identification:_identify(ROS2-Self-Driving-Car-AI-using-OpenCV/docker) by extension 'ignore'
[0.446s] Level 1:colcon.colcon_core.package_identification:_identify(ROS2-Self-Driving-Car-AI-using-OpenCV/docker) by extension 'ignore_ament_install'
[0.446s] Level 1:colcon.colcon_core.package_identification:_identify(ROS2-Self-Driving-Car-AI-using-OpenCV/docker) by extensions ['colcon_pkg']
[0.446s] Level 1:colcon.colcon_core.package_identification:_identify(ROS2-Self-Driving-Car-AI-using-OpenCV/docker) by extension 'colcon_pkg'
[0.446s] Level 1:colcon.colcon_core.package_identification:_identify(ROS2-Self-Driving-Car-AI-using-OpenCV/docker) by extensions ['colcon_meta']
[0.446s] Level 1:colcon.colcon_core.package_identification:_identify(ROS2-Self-Driving-Car-AI-using-OpenCV/docker) by extension 'colcon_meta'
[0.446s] Level 1:colcon.colcon_core.package_identification:_identify(ROS2-Self-Driving-Car-AI-using-OpenCV/docker) by extensions ['ros']
[0.446s] Level 1:colcon.colcon_core.package_identification:_identify(ROS2-Self-Driving-Car-AI-using-OpenCV/docker) by extension 'ros'
[0.446s] Level 1:colcon.colcon_core.package_identification:_identify(ROS2-Self-Driving-Car-AI-using-OpenCV/docker) by extensions ['cmake', 'python']
[0.447s] Level 1:colcon.colcon_core.package_identification:_identify(ROS2-Self-Driving-Car-AI-using-OpenCV/docker) by extension 'cmake'
[0.447s] Level 1:colcon.colcon_core.package_identification:_identify(ROS2-Self-Driving-Car-AI-using-OpenCV/docker) by extension 'python'
[0.447s] Level 1:colcon.colcon_core.package_identification:_identify(ROS2-Self-Driving-Car-AI-using-OpenCV/docker) by extensions ['python_setup_py']
[0.447s] Level 1:colcon.colcon_core.package_identification:_identify(ROS2-Self-Driving-Car-AI-using-OpenCV/docker) by extension 'python_setup_py'
[0.447s] Level 1:colcon.colcon_core.package_identification:_identify(ROS2-Self-Driving-Car-AI-using-OpenCV/self_driving_car_pkg) by extensions ['ignore', 'ignore_ament_install']
[0.447s] Level 1:colcon.colcon_core.package_identification:_identify(ROS2-Self-Driving-Car-AI-using-OpenCV/self_driving_car_pkg) by extension 'ignore'
[0.447s] Level 1:colcon.colcon_core.package_identification:_identify(ROS2-Self-Driving-Car-AI-using-OpenCV/self_driving_car_pkg) by extension 'ignore_ament_install'
[0.447s] Level 1:colcon.colcon_core.package_identification:_identify(ROS2-Self-Driving-Car-AI-using-OpenCV/self_driving_car_pkg) by extensions ['colcon_pkg']
[0.447s] Level 1:colcon.colcon_core.package_identification:_identify(ROS2-Self-Driving-Car-AI-using-OpenCV/self_driving_car_pkg) by extension 'colcon_pkg'
[0.447s] Level 1:colcon.colcon_core.package_identification:_identify(ROS2-Self-Driving-Car-AI-using-OpenCV/self_driving_car_pkg) by extensions ['colcon_meta']
[0.447s] Level 1:colcon.colcon_core.package_identification:_identify(ROS2-Self-Driving-Car-AI-using-OpenCV/self_driving_car_pkg) by extension 'colcon_meta'
[0.447s] Level 1:colcon.colcon_core.package_identification:_identify(ROS2-Self-Driving-Car-AI-using-OpenCV/self_driving_car_pkg) by extensions ['ros']
[0.447s] Level 1:colcon.colcon_core.package_identification:_identify(ROS2-Self-Driving-Car-AI-using-OpenCV/self_driving_car_pkg) by extension 'ros'
[0.449s] DEBUG:colcon.colcon_core.package_identification:Package 'ROS2-Self-Driving-Car-AI-using-OpenCV/self_driving_car_pkg' with type 'ros.ament_python' and name 'self_driving_car_pkg'
[0.450s] Level 1:colcon.colcon_core.package_identification:_identify(ROS2-Self-Driving-Car-AI-using-OpenCV/self_driving_car_pkg_models) by extensions ['ignore', 'ignore_ament_install']
[0.450s] Level 1:colcon.colcon_core.package_identification:_identify(ROS2-Self-Driving-Car-AI-using-OpenCV/self_driving_car_pkg_models) by extension 'ignore'
[0.450s] Level 1:colcon.colcon_core.package_identification:_identify(ROS2-Self-Driving-Car-AI-using-OpenCV/self_driving_car_pkg_models) by extension 'ignore_ament_install'
[0.450s] Level 1:colcon.colcon_core.package_identification:_identify(ROS2-Self-Driving-Car-AI-using-OpenCV/self_driving_car_pkg_models) by extensions ['colcon_pkg']
[0.450s] Level 1:colcon.colcon_core.package_identification:_identify(ROS2-Self-Driving-Car-AI-using-OpenCV/self_driving_car_pkg_models) by extension 'colcon_pkg'
[0.450s] Level 1:colcon.colcon_core.package_identification:_identify(ROS2-Self-Driving-Car-AI-using-OpenCV/self_driving_car_pkg_models) by extensions ['colcon_meta']
[0.450s] Level 1:colcon.colcon_core.package_identification:_identify(ROS2-Self-Driving-Car-AI-using-OpenCV/self_driving_car_pkg_models) by extension 'colcon_meta'
[0.450s] Level 1:colcon.colcon_core.package_identification:_identify(ROS2-Self-Driving-Car-AI-using-OpenCV/self_driving_car_pkg_models) by extensions ['ros']
[0.450s] Level 1:colcon.colcon_core.package_identification:_identify(ROS2-Self-Driving-Car-AI-using-OpenCV/self_driving_car_pkg_models) by extension 'ros'
[0.450s] DEBUG:colcon.colcon_core.package_identification:Package 'ROS2-Self-Driving-Car-AI-using-OpenCV/self_driving_car_pkg_models' with type 'ros.ament_cmake' and name 'self_driving_car_pkg_models'
[0.450s] Level 1:colcon.colcon_core.package_identification:_identify(build) by extensions ['ignore', 'ignore_ament_install']
[0.450s] Level 1:colcon.colcon_core.package_identification:_identify(build) by extension 'ignore'
[0.450s] Level 1:colcon.colcon_core.package_identification:_identify(build) ignored
[0.451s] Level 1:colcon.colcon_core.package_identification:_identify(install) by extensions ['ignore', 'ignore_ament_install']
[0.451s] Level 1:colcon.colcon_core.package_identification:_identify(install) by extension 'ignore'
[0.451s] Level 1:colcon.colcon_core.package_identification:_identify(install) ignored
[0.451s] Level 1:colcon.colcon_core.package_identification:_identify(log) by extensions ['ignore', 'ignore_ament_install']
[0.451s] Level 1:colcon.colcon_core.package_identification:_identify(log) by extension 'ignore'
[0.451s] Level 1:colcon.colcon_core.package_identification:_identify(log) ignored
[0.451s] Level 1:colcon.colcon_core.package_identification:_identify(mobile_robot) by extensions ['ignore', 'ignore_ament_install']
[0.451s] Level 1:colcon.colcon_core.package_identification:_identify(mobile_robot) by extension 'ignore'
[0.451s] Level 1:colcon.colcon_core.package_identification:_identify(mobile_robot) by extension 'ignore_ament_install'
[0.451s] Level 1:colcon.colcon_core.package_identification:_identify(mobile_robot) by extensions ['colcon_pkg']
[0.451s] Level 1:colcon.colcon_core.package_identification:_identify(mobile_robot) by extension 'colcon_pkg'
[0.451s] Level 1:colcon.colcon_core.package_identification:_identify(mobile_robot) by extensions ['colcon_meta']
[0.451s] Level 1:colcon.colcon_core.package_identification:_identify(mobile_robot) by extension 'colcon_meta'
[0.451s] Level 1:colcon.colcon_core.package_identification:_identify(mobile_robot) by extensions ['ros']
[0.451s] Level 1:colcon.colcon_core.package_identification:_identify(mobile_robot) by extension 'ros'
[0.451s] DEBUG:colcon.colcon_core.package_identification:Package 'mobile_robot' with type 'ros.ament_cmake' and name 'mobile_robot'
[0.451s] Level 1:colcon.colcon_core.package_discovery:discover_packages(recursive) using defaults
[0.451s] Level 1:colcon.colcon_core.package_discovery:discover_packages(ignore) discover
[0.452s] Level 1:colcon.colcon_core.package_discovery:discover_packages(ignore) using defaults
[0.452s] Level 1:colcon.colcon_core.package_discovery:discover_packages(path) discover
[0.452s] Level 1:colcon.colcon_core.package_discovery:discover_packages(path) using defaults
[0.475s] Level 1:colcon.colcon_core.package_discovery:discover_packages(prefix_path) check parameters
[0.475s] Level 1:colcon.colcon_core.package_discovery:discover_packages(prefix_path) discover
[0.477s] DEBUG:colcon.colcon_installed_package_information.package_discovery:Found 2 installed packages in /home/vd/launch_ws/install
[0.479s] DEBUG:colcon.colcon_installed_package_information.package_discovery:Found 2 installed packages in /home/vd/ros2ws/install
[0.480s] DEBUG:colcon.colcon_installed_package_information.package_discovery:Found 314 installed packages in /opt/ros/humble
[0.481s] Level 1:colcon.colcon_core.package_discovery:discover_packages(prefix_path) using defaults
[0.540s] Level 5:colcon.colcon_core.verb:set package 'mobile_robot' build argument 'cmake_args' from command line to 'None'
[0.540s] Level 5:colcon.colcon_core.verb:set package 'mobile_robot' build argument 'cmake_target' from command line to 'None'
[0.540s] Level 5:colcon.colcon_core.verb:set package 'mobile_robot' build argument 'cmake_target_skip_unavailable' from command line to 'False'
[0.540s] Level 5:colcon.colcon_core.verb:set package 'mobile_robot' build argument 'cmake_clean_cache' from command line to 'False'
[0.540s] Level 5:colcon.colcon_core.verb:set package 'mobile_robot' build argument 'cmake_clean_first' from command line to 'False'
[0.540s] Level 5:colcon.colcon_core.verb:set package 'mobile_robot' build argument 'cmake_force_configure' from command line to 'False'
[0.540s] Level 5:colcon.colcon_core.verb:set package 'mobile_robot' build argument 'ament_cmake_args' from command line to 'None'
[0.540s] Level 5:colcon.colcon_core.verb:set package 'mobile_robot' build argument 'catkin_cmake_args' from command line to 'None'
[0.540s] Level 5:colcon.colcon_core.verb:set package 'mobile_robot' build argument 'catkin_skip_building_tests' from command line to 'False'
[0.540s] DEBUG:colcon.colcon_core.verb:Building package 'mobile_robot' with the following arguments: {'ament_cmake_args': None, 'build_base': '/home/vd/launch_ws/src/build/mobile_robot', 'catkin_cmake_args': None, 'catkin_skip_building_tests': False, 'cmake_args': None, 'cmake_clean_cache': False, 'cmake_clean_first': False, 'cmake_force_configure': False, 'cmake_target': None, 'cmake_target_skip_unavailable': False, 'install_base': '/home/vd/launch_ws/src/install/mobile_robot', 'merge_install': False, 'path': '/home/vd/launch_ws/src/mobile_robot', 'symlink_install': False, 'test_result_base': None}
[0.540s] Level 5:colcon.colcon_core.verb:set package 'self_driving_car_pkg' build argument 'cmake_args' from command line to 'None'
[0.540s] Level 5:colcon.colcon_core.verb:set package 'self_driving_car_pkg' build argument 'cmake_target' from command line to 'None'
[0.540s] Level 5:colcon.colcon_core.verb:set package 'self_driving_car_pkg' build argument 'cmake_target_skip_unavailable' from command line to 'False'
[0.540s] Level 5:colcon.colcon_core.verb:set package 'self_driving_car_pkg' build argument 'cmake_clean_cache' from command line to 'False'
[0.540s] Level 5:colcon.colcon_core.verb:set package 'self_driving_car_pkg' build argument 'cmake_clean_first' from command line to 'False'
[0.540s] Level 5:colcon.colcon_core.verb:set package 'self_driving_car_pkg' build argument 'cmake_force_configure' from command line to 'False'
[0.540s] Level 5:colcon.colcon_core.verb:set package 'self_driving_car_pkg' build argument 'ament_cmake_args' from command line to 'None'
[0.540s] Level 5:colcon.colcon_core.verb:set package 'self_driving_car_pkg' build argument 'catkin_cmake_args' from command line to 'None'
[0.540s] Level 5:colcon.colcon_core.verb:set package 'self_driving_car_pkg' build argument 'catkin_skip_building_tests' from command line to 'False'
[0.540s] DEBUG:colcon.colcon_core.verb:Building package 'self_driving_car_pkg' with the following arguments: {'ament_cmake_args': None, 'build_base': '/home/vd/launch_ws/src/build/self_driving_car_pkg', 'catkin_cmake_args': None, 'catkin_skip_building_tests': False, 'cmake_args': None, 'cmake_clean_cache': False, 'cmake_clean_first': False, 'cmake_force_configure': False, 'cmake_target': None, 'cmake_target_skip_unavailable': False, 'install_base': '/home/vd/launch_ws/src/install/self_driving_car_pkg', 'merge_install': False, 'path': '/home/vd/launch_ws/src/ROS2-Self-Driving-Car-AI-using-OpenCV/self_driving_car_pkg', 'symlink_install': False, 'test_result_base': None}
[0.541s] Level 5:colcon.colcon_core.verb:set package 'self_driving_car_pkg_models' build argument 'cmake_args' from command line to 'None'
[0.541s] Level 5:colcon.colcon_core.verb:set package 'self_driving_car_pkg_models' build argument 'cmake_target' from command line to 'None'
[0.541s] Level 5:colcon.colcon_core.verb:set package 'self_driving_car_pkg_models' build argument 'cmake_target_skip_unavailable' from command line to 'False'
[0.541s] Level 5:colcon.colcon_core.verb:set package 'self_driving_car_pkg_models' build argument 'cmake_clean_cache' from command line to 'False'
[0.541s] Level 5:colcon.colcon_core.verb:set package 'self_driving_car_pkg_models' build argument 'cmake_clean_first' from command line to 'False'
[0.541s] Level 5:colcon.colcon_core.verb:set package 'self_driving_car_pkg_models' build argument 'cmake_force_configure' from command line to 'False'
[0.541s] Level 5:colcon.colcon_core.verb:set package 'self_driving_car_pkg_models' build argument 'ament_cmake_args' from command line to 'None'
[0.541s] Level 5:colcon.colcon_core.verb:set package 'self_driving_car_pkg_models' build argument 'catkin_cmake_args' from command line to 'None'
[0.541s] Level 5:colcon.colcon_core.verb:set package 'self_driving_car_pkg_models' build argument 'catkin_skip_building_tests' from command line to 'False'
[0.541s] DEBUG:colcon.colcon_core.verb:Building package 'self_driving_car_pkg_models' with the following arguments: {'ament_cmake_args': None, 'build_base': '/home/vd/launch_ws/src/build/self_driving_car_pkg_models', 'catkin_cmake_args': None, 'catkin_skip_building_tests': False, 'cmake_args': None, 'cmake_clean_cache': False, 'cmake_clean_first': False, 'cmake_force_configure': False, 'cmake_target': None, 'cmake_target_skip_unavailable': False, 'install_base': '/home/vd/launch_ws/src/install/self_driving_car_pkg_models', 'merge_install': False, 'path': '/home/vd/launch_ws/src/ROS2-Self-Driving-Car-AI-using-OpenCV/self_driving_car_pkg_models', 'symlink_install': False, 'test_result_base': None}
[0.541s] INFO:colcon.colcon_core.executor:Executing jobs using 'parallel' executor
[0.542s] DEBUG:colcon.colcon_parallel_executor.executor.parallel:run_until_complete
[0.542s] INFO:colcon.colcon_ros.task.ament_cmake.build:Building ROS package in '/home/vd/launch_ws/src/mobile_robot' with build type 'ament_cmake'
[0.542s] INFO:colcon.colcon_cmake.task.cmake.build:Building CMake package in '/home/vd/launch_ws/src/mobile_robot'
[0.544s] INFO:colcon.colcon_core.plugin_system:Skipping extension 'colcon_core.shell.bat': Not used on non-Windows systems
[0.545s] INFO:colcon.colcon_core.shell:Skip shell extension 'powershell' for command environment: Not usable outside of PowerShell
[0.545s] DEBUG:colcon.colcon_core.shell:Skip shell extension 'dsv' for command environment
[0.547s] INFO:colcon.colcon_ros.task.ament_python.build:Building ROS package in '/home/vd/launch_ws/src/ROS2-Self-Driving-Car-AI-using-OpenCV/self_driving_car_pkg' with build type 'ament_python'
[0.548s] Level 1:colcon.colcon_core.shell:create_environment_hook('self_driving_car_pkg', 'ament_prefix_path')
[0.548s] INFO:colcon.colcon_core.shell:Creating environment hook '/home/vd/launch_ws/src/install/self_driving_car_pkg/share/self_driving_car_pkg/hook/ament_prefix_path.ps1'
[0.549s] INFO:colcon.colcon_core.shell:Creating environment descriptor '/home/vd/launch_ws/src/install/self_driving_car_pkg/share/self_driving_car_pkg/hook/ament_prefix_path.dsv'
[0.549s] INFO:colcon.colcon_core.shell:Creating environment hook '/home/vd/launch_ws/src/install/self_driving_car_pkg/share/self_driving_car_pkg/hook/ament_prefix_path.sh'
[0.550s] INFO:colcon.colcon_core.shell:Skip shell extension 'powershell' for command environment: Not usable outside of PowerShell
[0.550s] DEBUG:colcon.colcon_core.shell:Skip shell extension 'dsv' for command environment
[0.552s] INFO:colcon.colcon_ros.task.ament_cmake.build:Building ROS package in '/home/vd/launch_ws/src/ROS2-Self-Driving-Car-AI-using-OpenCV/self_driving_car_pkg_models' with build type 'ament_cmake'
[0.552s] INFO:colcon.colcon_cmake.task.cmake.build:Building CMake package in '/home/vd/launch_ws/src/ROS2-Self-Driving-Car-AI-using-OpenCV/self_driving_car_pkg_models'
[0.552s] INFO:colcon.colcon_core.shell:Skip shell extension 'powershell' for command environment: Not usable outside of PowerShell
[0.552s] DEBUG:colcon.colcon_core.shell:Skip shell extension 'dsv' for command environment
[0.558s] DEBUG:colcon.colcon_core.event_handler.log_command:Invoking command in '/home/vd/launch_ws/src/build/mobile_robot': CMAKE_PREFIX_PATH=${CMAKE_PREFIX_PATH}:/home/vd/launch_ws/install/py_launch_example:/home/vd/ros2ws/install/py_pubsub:/opt/ros/humble /usr/bin/cmake /home/vd/launch_ws/src/mobile_robot -DCMAKE_INSTALL_PREFIX=/home/vd/launch_ws/src/install/mobile_robot
[0.811s] INFO:colcon.colcon_core.task.python.build:Building Python package in '/home/vd/launch_ws/src/ROS2-Self-Driving-Car-AI-using-OpenCV/self_driving_car_pkg'
[0.811s] INFO:colcon.colcon_core.shell:Skip shell extension 'powershell' for command environment: Not usable outside of PowerShell
[0.811s] DEBUG:colcon.colcon_core.shell:Skip shell extension 'dsv' for command environment
[0.819s] DEBUG:colcon.colcon_core.event_handler.log_command:Invoking command in '/home/vd/launch_ws/src/build/self_driving_car_pkg_models': CMAKE_PREFIX_PATH=${CMAKE_PREFIX_PATH}:/home/vd/launch_ws/install/py_launch_example:/home/vd/ros2ws/install/py_pubsub:/opt/ros/humble /usr/bin/cmake /home/vd/launch_ws/src/ROS2-Self-Driving-Car-AI-using-OpenCV/self_driving_car_pkg_models -DCMAKE_INSTALL_PREFIX=/home/vd/launch_ws/src/install/self_driving_car_pkg_models
[1.386s] DEBUG:colcon.colcon_core.event_handler.log_command:Invoked command in '/home/vd/launch_ws/src/build/mobile_robot' returned '0': CMAKE_PREFIX_PATH=${CMAKE_PREFIX_PATH}:/home/vd/launch_ws/install/py_launch_example:/home/vd/ros2ws/install/py_pubsub:/opt/ros/humble /usr/bin/cmake /home/vd/launch_ws/src/mobile_robot -DCMAKE_INSTALL_PREFIX=/home/vd/launch_ws/src/install/mobile_robot
[1.388s] DEBUG:colcon.colcon_core.event_handler.log_command:Invoking command in '/home/vd/launch_ws/src/build/mobile_robot': CMAKE_PREFIX_PATH=${CMAKE_PREFIX_PATH}:/home/vd/launch_ws/install/py_launch_example:/home/vd/ros2ws/install/py_pubsub:/opt/ros/humble /usr/bin/cmake --build /home/vd/launch_ws/src/build/mobile_robot -- -j4 -l4
[1.396s] DEBUG:colcon.colcon_core.event_handler.log_command:Invoked command in '/home/vd/launch_ws/src/build/self_driving_car_pkg_models' returned '0': CMAKE_PREFIX_PATH=${CMAKE_PREFIX_PATH}:/home/vd/launch_ws/install/py_launch_example:/home/vd/ros2ws/install/py_pubsub:/opt/ros/humble /usr/bin/cmake /home/vd/launch_ws/src/ROS2-Self-Driving-Car-AI-using-OpenCV/self_driving_car_pkg_models -DCMAKE_INSTALL_PREFIX=/home/vd/launch_ws/src/install/self_driving_car_pkg_models
[1.398s] DEBUG:colcon.colcon_core.event_handler.log_command:Invoking command in '/home/vd/launch_ws/src/build/self_driving_car_pkg_models': CMAKE_PREFIX_PATH=${CMAKE_PREFIX_PATH}:/home/vd/launch_ws/install/py_launch_example:/home/vd/ros2ws/install/py_pubsub:/opt/ros/humble /usr/bin/cmake --build /home/vd/launch_ws/src/build/self_driving_car_pkg_models -- -j4 -l4
[1.430s] DEBUG:colcon.colcon_core.event_handler.log_command:Invoking command in '/home/vd/launch_ws/src/ROS2-Self-Driving-Car-AI-using-OpenCV/self_driving_car_pkg': PYTHONPATH=/home/vd/launch_ws/src/build/self_driving_car_pkg/prefix_override:/usr/lib/python3/dist-packages/colcon_core/task/python/colcon_distutils_commands:/home/vd/launch_ws/src/install/self_driving_car_pkg/lib/python3.10/site-packages:${PYTHONPATH} /usr/bin/python3 -W ignore:setup.py install is deprecated -W ignore:easy_install command is deprecated setup.py egg_info --egg-base ../../build/self_driving_car_pkg build --build-base /home/vd/launch_ws/src/build/self_driving_car_pkg/build install --record /home/vd/launch_ws/src/build/self_driving_car_pkg/install.log --install-scripts $base/lib/self_driving_car_pkg --single-version-externally-managed install_data
[1.441s] DEBUG:colcon.colcon_core.event_handler.log_command:Invoked command in '/home/vd/launch_ws/src/build/mobile_robot' returned '0': CMAKE_PREFIX_PATH=${CMAKE_PREFIX_PATH}:/home/vd/launch_ws/install/py_launch_example:/home/vd/ros2ws/install/py_pubsub:/opt/ros/humble /usr/bin/cmake --build /home/vd/launch_ws/src/build/mobile_robot -- -j4 -l4
[1.462s] DEBUG:colcon.colcon_core.event_handler.log_command:Invoking command in '/home/vd/launch_ws/src/build/mobile_robot': CMAKE_PREFIX_PATH=${CMAKE_PREFIX_PATH}:/home/vd/launch_ws/install/py_launch_example:/home/vd/ros2ws/install/py_pubsub:/opt/ros/humble /usr/bin/cmake --install /home/vd/launch_ws/src/build/mobile_robot
[1.466s] DEBUG:colcon.colcon_core.event_handler.log_command:Invoked command in '/home/vd/launch_ws/src/build/self_driving_car_pkg_models' returned '0': CMAKE_PREFIX_PATH=${CMAKE_PREFIX_PATH}:/home/vd/launch_ws/install/py_launch_example:/home/vd/ros2ws/install/py_pubsub:/opt/ros/humble /usr/bin/cmake --build /home/vd/launch_ws/src/build/self_driving_car_pkg_models -- -j4 -l4
[1.466s] DEBUG:colcon.colcon_core.event_handler.log_command:Invoking command in '/home/vd/launch_ws/src/build/self_driving_car_pkg_models': CMAKE_PREFIX_PATH=${CMAKE_PREFIX_PATH}:/home/vd/launch_ws/install/py_launch_example:/home/vd/ros2ws/install/py_pubsub:/opt/ros/humble /usr/bin/cmake --install /home/vd/launch_ws/src/build/self_driving_car_pkg_models
[1.488s] Level 1:colcon.colcon_core.environment:create_environment_scripts_only(mobile_robot)
[1.488s] DEBUG:colcon.colcon_core.event_handler.log_command:Invoked command in '/home/vd/launch_ws/src/build/mobile_robot' returned '0': CMAKE_PREFIX_PATH=${CMAKE_PREFIX_PATH}:/home/vd/launch_ws/install/py_launch_example:/home/vd/ros2ws/install/py_pubsub:/opt/ros/humble /usr/bin/cmake --install /home/vd/launch_ws/src/build/mobile_robot
[1.500s] Level 1:colcon.colcon_core.environment:checking '/home/vd/launch_ws/src/install/mobile_robot' for CMake module files
[1.502s] Level 1:colcon.colcon_core.environment:checking '/home/vd/launch_ws/src/install/mobile_robot' for CMake config files
[1.503s] Level 1:colcon.colcon_core.shell:create_environment_hook('mobile_robot', 'cmake_prefix_path')
[1.503s] INFO:colcon.colcon_core.shell:Creating environment hook '/home/vd/launch_ws/src/install/mobile_robot/share/mobile_robot/hook/cmake_prefix_path.ps1'
[1.504s] INFO:colcon.colcon_core.shell:Creating environment descriptor '/home/vd/launch_ws/src/install/mobile_robot/share/mobile_robot/hook/cmake_prefix_path.dsv'
[1.505s] INFO:colcon.colcon_core.shell:Creating environment hook '/home/vd/launch_ws/src/install/mobile_robot/share/mobile_robot/hook/cmake_prefix_path.sh'
[1.506s] Level 1:colcon.colcon_core.environment:checking '/home/vd/launch_ws/src/install/mobile_robot/bin'
[1.506s] Level 1:colcon.colcon_core.environment:checking '/home/vd/launch_ws/src/install/mobile_robot/lib/pkgconfig/mobile_robot.pc'
[1.507s] Level 1:colcon.colcon_core.environment:checking '/home/vd/launch_ws/src/install/mobile_robot/lib/python3.10/site-packages'
[1.509s] Level 1:colcon.colcon_core.environment:checking '/home/vd/launch_ws/src/install/mobile_robot/bin'
[1.509s] INFO:colcon.colcon_core.shell:Creating package script '/home/vd/launch_ws/src/install/mobile_robot/share/mobile_robot/package.ps1'
[1.510s] INFO:colcon.colcon_core.shell:Creating package descriptor '/home/vd/launch_ws/src/install/mobile_robot/share/mobile_robot/package.dsv'
[1.511s] INFO:colcon.colcon_core.shell:Creating package script '/home/vd/launch_ws/src/install/mobile_robot/share/mobile_robot/package.sh'
[1.512s] INFO:colcon.colcon_core.shell:Creating package script '/home/vd/launch_ws/src/install/mobile_robot/share/mobile_robot/package.bash'
[1.512s] INFO:colcon.colcon_core.shell:Creating package script '/home/vd/launch_ws/src/install/mobile_robot/share/mobile_robot/package.zsh'
[1.513s] Level 1:colcon.colcon_core.environment:create_file_with_runtime_dependencies(/home/vd/launch_ws/src/install/mobile_robot/share/colcon-core/packages/mobile_robot)
[1.514s] Level 1:colcon.colcon_core.environment:create_environment_scripts_only(mobile_robot)
[1.515s] Level 1:colcon.colcon_core.environment:checking '/home/vd/launch_ws/src/install/mobile_robot' for CMake module files
[1.515s] Level 1:colcon.colcon_core.environment:checking '/home/vd/launch_ws/src/install/mobile_robot' for CMake config files
[1.515s] Level 1:colcon.colcon_core.shell:create_environment_hook('mobile_robot', 'cmake_prefix_path')
[1.515s] INFO:colcon.colcon_core.shell:Creating environment hook '/home/vd/launch_ws/src/install/mobile_robot/share/mobile_robot/hook/cmake_prefix_path.ps1'
[1.516s] INFO:colcon.colcon_core.shell:Creating environment descriptor '/home/vd/launch_ws/src/install/mobile_robot/share/mobile_robot/hook/cmake_prefix_path.dsv'
[1.516s] INFO:colcon.colcon_core.shell:Creating environment hook '/home/vd/launch_ws/src/install/mobile_robot/share/mobile_robot/hook/cmake_prefix_path.sh'
[1.517s] Level 1:colcon.colcon_core.environment:checking '/home/vd/launch_ws/src/install/mobile_robot/bin'
[1.517s] Level 1:colcon.colcon_core.environment:checking '/home/vd/launch_ws/src/install/mobile_robot/lib/pkgconfig/mobile_robot.pc'
[1.517s] Level 1:colcon.colcon_core.environment:checking '/home/vd/launch_ws/src/install/mobile_robot/lib/python3.10/site-packages'
[1.517s] Level 1:colcon.colcon_core.environment:checking '/home/vd/launch_ws/src/install/mobile_robot/bin'
[1.518s] INFO:colcon.colcon_core.shell:Creating package script '/home/vd/launch_ws/src/install/mobile_robot/share/mobile_robot/package.ps1'
[1.518s] INFO:colcon.colcon_core.shell:Creating package descriptor '/home/vd/launch_ws/src/install/mobile_robot/share/mobile_robot/package.dsv'
[1.519s] INFO:colcon.colcon_core.shell:Creating package script '/home/vd/launch_ws/src/install/mobile_robot/share/mobile_robot/package.sh'
[1.519s] INFO:colcon.colcon_core.shell:Creating package script '/home/vd/launch_ws/src/install/mobile_robot/share/mobile_robot/package.bash'
[1.519s] INFO:colcon.colcon_core.shell:Creating package script '/home/vd/launch_ws/src/install/mobile_robot/share/mobile_robot/package.zsh'
[1.520s] Level 1:colcon.colcon_core.environment:create_file_with_runtime_dependencies(/home/vd/launch_ws/src/install/mobile_robot/share/colcon-core/packages/mobile_robot)
[1.521s] Level 1:colcon.colcon_core.environment:create_environment_scripts_only(self_driving_car_pkg_models)
[1.521s] Level 1:colcon.colcon_core.environment:checking '/home/vd/launch_ws/src/install/self_driving_car_pkg_models' for CMake module files
[1.522s] Level 1:colcon.colcon_core.environment:checking '/home/vd/launch_ws/src/install/self_driving_car_pkg_models' for CMake config files
[1.522s] DEBUG:colcon.colcon_core.event_handler.log_command:Invoked command in '/home/vd/launch_ws/src/build/self_driving_car_pkg_models' returned '0': CMAKE_PREFIX_PATH=${CMAKE_PREFIX_PATH}:/home/vd/launch_ws/install/py_launch_example:/home/vd/ros2ws/install/py_pubsub:/opt/ros/humble /usr/bin/cmake --install /home/vd/launch_ws/src/build/self_driving_car_pkg_models
[1.523s] Level 1:colcon.colcon_core.shell:create_environment_hook('self_driving_car_pkg_models', 'cmake_prefix_path')
[1.523s] INFO:colcon.colcon_core.shell:Creating environment hook '/home/vd/launch_ws/src/install/self_driving_car_pkg_models/share/self_driving_car_pkg_models/hook/cmake_prefix_path.ps1'
[1.524s] INFO:colcon.colcon_core.shell:Creating environment descriptor '/home/vd/launch_ws/src/install/self_driving_car_pkg_models/share/self_driving_car_pkg_models/hook/cmake_prefix_path.dsv'
[1.524s] INFO:colcon.colcon_core.shell:Creating environment hook '/home/vd/launch_ws/src/install/self_driving_car_pkg_models/share/self_driving_car_pkg_models/hook/cmake_prefix_path.sh'
[1.525s] Level 1:colcon.colcon_core.environment:checking '/home/vd/launch_ws/src/install/self_driving_car_pkg_models/bin'
[1.525s] Level 1:colcon.colcon_core.environment:checking '/home/vd/launch_ws/src/install/self_driving_car_pkg_models/lib/pkgconfig/self_driving_car_pkg_models.pc'
[1.525s] Level 1:colcon.colcon_core.environment:checking '/home/vd/launch_ws/src/install/self_driving_car_pkg_models/lib/python3.10/site-packages'
[1.525s] Level 1:colcon.colcon_core.environment:checking '/home/vd/launch_ws/src/install/self_driving_car_pkg_models/bin'
[1.526s] INFO:colcon.colcon_core.shell:Creating package script '/home/vd/launch_ws/src/install/self_driving_car_pkg_models/share/self_driving_car_pkg_models/package.ps1'
[1.526s] INFO:colcon.colcon_core.shell:Creating package descriptor '/home/vd/launch_ws/src/install/self_driving_car_pkg_models/share/self_driving_car_pkg_models/package.dsv'
[1.526s] INFO:colcon.colcon_core.shell:Creating package script '/home/vd/launch_ws/src/install/self_driving_car_pkg_models/share/self_driving_car_pkg_models/package.sh'
[1.527s] INFO:colcon.colcon_core.shell:Creating package script '/home/vd/launch_ws/src/install/self_driving_car_pkg_models/share/self_driving_car_pkg_models/package.bash'
[1.527s] INFO:colcon.colcon_core.shell:Creating package script '/home/vd/launch_ws/src/install/self_driving_car_pkg_models/share/self_driving_car_pkg_models/package.zsh'
[1.527s] Level 1:colcon.colcon_core.environment:create_file_with_runtime_dependencies(/home/vd/launch_ws/src/install/self_driving_car_pkg_models/share/colcon-core/packages/self_driving_car_pkg_models)
[1.528s] Level 1:colcon.colcon_core.environment:create_environment_scripts_only(self_driving_car_pkg_models)
[1.528s] Level 1:colcon.colcon_core.environment:checking '/home/vd/launch_ws/src/install/self_driving_car_pkg_models' for CMake module files
[1.529s] Level 1:colcon.colcon_core.environment:checking '/home/vd/launch_ws/src/install/self_driving_car_pkg_models' for CMake config files
[1.529s] Level 1:colcon.colcon_core.shell:create_environment_hook('self_driving_car_pkg_models', 'cmake_prefix_path')
[1.530s] INFO:colcon.colcon_core.shell:Creating environment hook '/home/vd/launch_ws/src/install/self_driving_car_pkg_models/share/self_driving_car_pkg_models/hook/cmake_prefix_path.ps1'
[1.530s] INFO:colcon.colcon_core.shell:Creating environment descriptor '/home/vd/launch_ws/src/install/self_driving_car_pkg_models/share/self_driving_car_pkg_models/hook/cmake_prefix_path.dsv'
[1.530s] INFO:colcon.colcon_core.shell:Creating environment hook '/home/vd/launch_ws/src/install/self_driving_car_pkg_models/share/self_driving_car_pkg_models/hook/cmake_prefix_path.sh'
[1.531s] Level 1:colcon.colcon_core.environment:checking '/home/vd/launch_ws/src/install/self_driving_car_pkg_models/bin'
[1.531s] Level 1:colcon.colcon_core.environment:checking '/home/vd/launch_ws/src/install/self_driving_car_pkg_models/lib/pkgconfig/self_driving_car_pkg_models.pc'
[1.531s] Level 1:colcon.colcon_core.environment:checking '/home/vd/launch_ws/src/install/self_driving_car_pkg_models/lib/python3.10/site-packages'
[1.531s] Level 1:colcon.colcon_core.environment:checking '/home/vd/launch_ws/src/install/self_driving_car_pkg_models/bin'
[1.532s] INFO:colcon.colcon_core.shell:Creating package script '/home/vd/launch_ws/src/install/self_driving_car_pkg_models/share/self_driving_car_pkg_models/package.ps1'
[1.532s] INFO:colcon.colcon_core.shell:Creating package descriptor '/home/vd/launch_ws/src/install/self_driving_car_pkg_models/share/self_driving_car_pkg_models/package.dsv'
[1.533s] INFO:colcon.colcon_core.shell:Creating package script '/home/vd/launch_ws/src/install/self_driving_car_pkg_models/share/self_driving_car_pkg_models/package.sh'
[1.533s] INFO:colcon.colcon_core.shell:Creating package script '/home/vd/launch_ws/src/install/self_driving_car_pkg_models/share/self_driving_car_pkg_models/package.bash'
[1.534s] INFO:colcon.colcon_core.shell:Creating package script '/home/vd/launch_ws/src/install/self_driving_car_pkg_models/share/self_driving_car_pkg_models/package.zsh'
[1.534s] Level 1:colcon.colcon_core.environment:create_file_with_runtime_dependencies(/home/vd/launch_ws/src/install/self_driving_car_pkg_models/share/colcon-core/packages/self_driving_car_pkg_models)
[1.756s] Level 1:colcon.colcon_core.environment:checking '/home/vd/launch_ws/src/install/self_driving_car_pkg' for CMake module files
[1.756s] DEBUG:colcon.colcon_core.event_handler.log_command:Invoked command in '/home/vd/launch_ws/src/ROS2-Self-Driving-Car-AI-using-OpenCV/self_driving_car_pkg' returned '0': PYTHONPATH=/home/vd/launch_ws/src/build/self_driving_car_pkg/prefix_override:/usr/lib/python3/dist-packages/colcon_core/task/python/colcon_distutils_commands:/home/vd/launch_ws/src/install/self_driving_car_pkg/lib/python3.10/site-packages:${PYTHONPATH} /usr/bin/python3 -W ignore:setup.py install is deprecated -W ignore:easy_install command is deprecated setup.py egg_info --egg-base ../../build/self_driving_car_pkg build --build-base /home/vd/launch_ws/src/build/self_driving_car_pkg/build install --record /home/vd/launch_ws/src/build/self_driving_car_pkg/install.log --install-scripts $base/lib/self_driving_car_pkg --single-version-externally-managed install_data
[1.756s] Level 1:colcon.colcon_core.environment:checking '/home/vd/launch_ws/src/install/self_driving_car_pkg' for CMake config files
[1.757s] Level 1:colcon.colcon_core.environment:checking '/home/vd/launch_ws/src/install/self_driving_car_pkg/lib'
[1.757s] Level 1:colcon.colcon_core.environment:checking '/home/vd/launch_ws/src/install/self_driving_car_pkg/bin'
[1.757s] Level 1:colcon.colcon_core.environment:checking '/home/vd/launch_ws/src/install/self_driving_car_pkg/lib/pkgconfig/self_driving_car_pkg.pc'
[1.757s] Level 1:colcon.colcon_core.environment:checking '/home/vd/launch_ws/src/install/self_driving_car_pkg/lib/python3.10/site-packages'
[1.757s] Level 1:colcon.colcon_core.shell:create_environment_hook('self_driving_car_pkg', 'pythonpath')
[1.757s] INFO:colcon.colcon_core.shell:Creating environment hook '/home/vd/launch_ws/src/install/self_driving_car_pkg/share/self_driving_car_pkg/hook/pythonpath.ps1'
[1.758s] INFO:colcon.colcon_core.shell:Creating environment descriptor '/home/vd/launch_ws/src/install/self_driving_car_pkg/share/self_driving_car_pkg/hook/pythonpath.dsv'
[1.758s] INFO:colcon.colcon_core.shell:Creating environment hook '/home/vd/launch_ws/src/install/self_driving_car_pkg/share/self_driving_car_pkg/hook/pythonpath.sh'
[1.758s] Level 1:colcon.colcon_core.environment:checking '/home/vd/launch_ws/src/install/self_driving_car_pkg/bin'
[1.758s] Level 1:colcon.colcon_core.environment:create_environment_scripts_only(self_driving_car_pkg)
[1.759s] INFO:colcon.colcon_core.shell:Creating package script '/home/vd/launch_ws/src/install/self_driving_car_pkg/share/self_driving_car_pkg/package.ps1'
[1.759s] INFO:colcon.colcon_core.shell:Creating package descriptor '/home/vd/launch_ws/src/install/self_driving_car_pkg/share/self_driving_car_pkg/package.dsv'
[1.759s] INFO:colcon.colcon_core.shell:Creating package script '/home/vd/launch_ws/src/install/self_driving_car_pkg/share/self_driving_car_pkg/package.sh'
[1.759s] INFO:colcon.colcon_core.shell:Creating package script '/home/vd/launch_ws/src/install/self_driving_car_pkg/share/self_driving_car_pkg/package.bash'
[1.760s] INFO:colcon.colcon_core.shell:Creating package script '/home/vd/launch_ws/src/install/self_driving_car_pkg/share/self_driving_car_pkg/package.zsh'
[1.760s] Level 1:colcon.colcon_core.environment:create_file_with_runtime_dependencies(/home/vd/launch_ws/src/install/self_driving_car_pkg/share/colcon-core/packages/self_driving_car_pkg)
[1.760s] DEBUG:colcon.colcon_parallel_executor.executor.parallel:closing loop
[1.760s] DEBUG:colcon.colcon_parallel_executor.executor.parallel:loop closed
[1.760s] DEBUG:colcon.colcon_parallel_executor.executor.parallel:run_until_complete finished with '0'
[1.760s] DEBUG:colcon.colcon_core.event_reactor:joining thread
[1.765s] INFO:colcon.colcon_core.plugin_system:Skipping extension 'colcon_notification.desktop_notification.terminal_notifier': Not used on non-Darwin systems
[1.765s] INFO:colcon.colcon_core.plugin_system:Skipping extension 'colcon_notification.desktop_notification.win32': Not used on non-Windows systems
[1.765s] INFO:colcon.colcon_notification.desktop_notification:Sending desktop notification using 'notify2'
[1.780s] DEBUG:colcon.colcon_core.event_reactor:joined thread
[1.780s] INFO:colcon.colcon_core.shell:Creating prefix script '/home/vd/launch_ws/src/install/local_setup.ps1'
[1.781s] INFO:colcon.colcon_core.shell:Creating prefix util module '/home/vd/launch_ws/src/install/_local_setup_util_ps1.py'
[1.782s] INFO:colcon.colcon_core.shell:Creating prefix chain script '/home/vd/launch_ws/src/install/setup.ps1'
[1.784s] INFO:colcon.colcon_core.shell:Creating prefix script '/home/vd/launch_ws/src/install/local_setup.sh'
[1.784s] INFO:colcon.colcon_core.shell:Creating prefix util module '/home/vd/launch_ws/src/install/_local_setup_util_sh.py'
[1.785s] INFO:colcon.colcon_core.shell:Creating prefix chain script '/home/vd/launch_ws/src/install/setup.sh'
[1.786s] INFO:colcon.colcon_core.shell:Creating prefix script '/home/vd/launch_ws/src/install/local_setup.bash'
[1.786s] INFO:colcon.colcon_core.shell:Creating prefix chain script '/home/vd/launch_ws/src/install/setup.bash'
[1.787s] INFO:colcon.colcon_core.shell:Creating prefix script '/home/vd/launch_ws/src/install/local_setup.zsh'
[1.787s] INFO:colcon.colcon_core.shell:Creating prefix chain script '/home/vd/launch_ws/src/install/setup.zsh'
