[0.680s] Invoking command in '/home/vd/launch_ws/src/ROS2-Self-Driving-Car-AI-using-OpenCV/self_driving_car_pkg': PYTHONPATH=/home/vd/launch_ws/build/self_driving_car_pkg/prefix_override:/usr/lib/python3/dist-packages/colcon_core/task/python/colcon_distutils_commands:/home/vd/launch_ws/install/self_driving_car_pkg/lib/python3.10/site-packages:${PYTHONPATH} /usr/bin/python3 -W ignore:setup.py install is deprecated -W ignore:easy_install command is deprecated setup.py egg_info --egg-base ../../../build/self_driving_car_pkg build --build-base /home/vd/launch_ws/build/self_driving_car_pkg/build install --record /home/vd/launch_ws/build/self_driving_car_pkg/install.log --install-scripts $base/lib/self_driving_car_pkg --single-version-externally-managed install_data
[0.886s] /home/vd/.local/lib/python3.10/site-packages/setuptools/dist.py:717: UserWarning: Usage of dash-separated 'script-dir' will not be supported in future versions. Please use the underscore name 'script_dir' instead
[0.886s]   warnings.warn(
[0.912s] running egg_info
[0.912s] creating ../../../build/self_driving_car_pkg/self_driving_car_pkg.egg-info
[0.913s] writing ../../../build/self_driving_car_pkg/self_driving_car_pkg.egg-info/PKG-INFO
[0.913s] writing dependency_links to ../../../build/self_driving_car_pkg/self_driving_car_pkg.egg-info/dependency_links.txt
[0.913s] writing entry points to ../../../build/self_driving_car_pkg/self_driving_car_pkg.egg-info/entry_points.txt
[0.913s] writing requirements to ../../../build/self_driving_car_pkg/self_driving_car_pkg.egg-info/requires.txt
[0.913s] writing top-level names to ../../../build/self_driving_car_pkg/self_driving_car_pkg.egg-info/top_level.txt
[0.913s] writing manifest file '../../../build/self_driving_car_pkg/self_driving_car_pkg.egg-info/SOURCES.txt'
[0.916s] reading manifest file '../../../build/self_driving_car_pkg/self_driving_car_pkg.egg-info/SOURCES.txt'
[0.917s] writing manifest file '../../../build/self_driving_car_pkg/self_driving_car_pkg.egg-info/SOURCES.txt'
[0.918s] running build
[0.918s] running build_py
[0.918s] creating /home/vd/launch_ws/build/self_driving_car_pkg/build
[0.918s] creating /home/vd/launch_ws/build/self_driving_car_pkg/build/lib
[0.918s] creating /home/vd/launch_ws/build/self_driving_car_pkg/build/lib/self_driving_car_pkg
[0.918s] copying self_driving_car_pkg/computer_vision_node.py -> /home/vd/launch_ws/build/self_driving_car_pkg/build/lib/self_driving_car_pkg
[0.918s] copying self_driving_car_pkg/sdc_V2.py -> /home/vd/launch_ws/build/self_driving_car_pkg/build/lib/self_driving_car_pkg
[0.919s] copying self_driving_car_pkg/video_save.py -> /home/vd/launch_ws/build/self_driving_car_pkg/build/lib/self_driving_car_pkg
[0.919s] copying self_driving_car_pkg/drive_node.py -> /home/vd/launch_ws/build/self_driving_car_pkg/build/lib/self_driving_car_pkg
[0.919s] copying self_driving_car_pkg/__init__.py -> /home/vd/launch_ws/build/self_driving_car_pkg/build/lib/self_driving_car_pkg
[0.919s] copying self_driving_car_pkg/upper_camera_video.py -> /home/vd/launch_ws/build/self_driving_car_pkg/build/lib/self_driving_car_pkg
[0.919s] copying self_driving_car_pkg/Drive_Bot.py -> /home/vd/launch_ws/build/self_driving_car_pkg/build/lib/self_driving_car_pkg
[0.919s] copying self_driving_car_pkg/sdf_spawner.py -> /home/vd/launch_ws/build/self_driving_car_pkg/build/lib/self_driving_car_pkg
[0.919s] creating /home/vd/launch_ws/build/self_driving_car_pkg/build/lib/self_driving_car_pkg/Detection
[0.919s] creating /home/vd/launch_ws/build/self_driving_car_pkg/build/lib/self_driving_car_pkg/Detection/Lanes
[0.919s] creating /home/vd/launch_ws/build/self_driving_car_pkg/build/lib/self_driving_car_pkg/Detection/Lanes/d_LaneInfo_Extraction
[0.919s] copying self_driving_car_pkg/Detection/Lanes/d_LaneInfo_Extraction/GetStateInfoandDisplayLane.py -> /home/vd/launch_ws/build/self_driving_car_pkg/build/lib/self_driving_car_pkg/Detection/Lanes/d_LaneInfo_Extraction
[0.920s] copying self_driving_car_pkg/Detection/Lanes/d_LaneInfo_Extraction/__init__.py -> /home/vd/launch_ws/build/self_driving_car_pkg/build/lib/self_driving_car_pkg/Detection/Lanes/d_LaneInfo_Extraction
[0.920s] creating /home/vd/launch_ws/build/self_driving_car_pkg/build/lib/self_driving_car_pkg/Detection/Lanes/c_Cleaning
[0.920s] copying self_driving_car_pkg/Detection/Lanes/c_Cleaning/CheckifYellowLaneCorrect_RetInnerBoundary.py -> /home/vd/launch_ws/build/self_driving_car_pkg/build/lib/self_driving_car_pkg/Detection/Lanes/c_Cleaning
[0.920s] copying self_driving_car_pkg/Detection/Lanes/c_Cleaning/ExtendLanesAndRefineMidLaneEdge.py -> /home/vd/launch_ws/build/self_driving_car_pkg/build/lib/self_driving_car_pkg/Detection/Lanes/c_Cleaning
[0.920s] copying self_driving_car_pkg/Detection/Lanes/c_Cleaning/__init__.py -> /home/vd/launch_ws/build/self_driving_car_pkg/build/lib/self_driving_car_pkg/Detection/Lanes/c_Cleaning
[0.920s] creating /home/vd/launch_ws/build/self_driving_car_pkg/build/lib/self_driving_car_pkg/Detection/Lanes/b_Estimation
[0.920s] copying self_driving_car_pkg/Detection/Lanes/b_Estimation/__init__.py -> /home/vd/launch_ws/build/self_driving_car_pkg/build/lib/self_driving_car_pkg/Detection/Lanes/b_Estimation
[0.920s] copying self_driving_car_pkg/Detection/Lanes/b_Estimation/Our_EstimationAlgo.py -> /home/vd/launch_ws/build/self_driving_car_pkg/build/lib/self_driving_car_pkg/Detection/Lanes/b_Estimation
[0.920s] creating /home/vd/launch_ws/build/self_driving_car_pkg/build/lib/self_driving_car_pkg/Detection/Lanes/a_Segmentation
[0.920s] copying self_driving_car_pkg/Detection/Lanes/a_Segmentation/__init__.py -> /home/vd/launch_ws/build/self_driving_car_pkg/build/lib/self_driving_car_pkg/Detection/Lanes/a_Segmentation
[0.920s] copying self_driving_car_pkg/Detection/Lanes/a_Segmentation/colour_segmentation_final.py -> /home/vd/launch_ws/build/self_driving_car_pkg/build/lib/self_driving_car_pkg/Detection/Lanes/a_Segmentation
[0.920s] copying self_driving_car_pkg/Detection/Lanes/Lane_Detection.py -> /home/vd/launch_ws/build/self_driving_car_pkg/build/lib/self_driving_car_pkg/Detection/Lanes
[0.921s] copying self_driving_car_pkg/Detection/Lanes/__init__.py -> /home/vd/launch_ws/build/self_driving_car_pkg/build/lib/self_driving_car_pkg/Detection/Lanes
[0.921s] copying self_driving_car_pkg/Detection/Lanes/utilities.py -> /home/vd/launch_ws/build/self_driving_car_pkg/build/lib/self_driving_car_pkg/Detection/Lanes
[0.921s] copying self_driving_car_pkg/Detection/Lanes/Morph_op.py -> /home/vd/launch_ws/build/self_driving_car_pkg/build/lib/self_driving_car_pkg/Detection/Lanes
[0.921s] creating /home/vd/launch_ws/build/self_driving_car_pkg/build/lib/self_driving_car_pkg/Detection/Signs
[0.921s] creating /home/vd/launch_ws/build/self_driving_car_pkg/build/lib/self_driving_car_pkg/Detection/Signs/Classification
[0.921s] copying self_driving_car_pkg/Detection/Signs/Classification/Visualize_CNN.py -> /home/vd/launch_ws/build/self_driving_car_pkg/build/lib/self_driving_car_pkg/Detection/Signs/Classification
[0.921s] copying self_driving_car_pkg/Detection/Signs/Classification/CNN.py -> /home/vd/launch_ws/build/self_driving_car_pkg/build/lib/self_driving_car_pkg/Detection/Signs/Classification
[0.921s] copying self_driving_car_pkg/Detection/Signs/Classification/Classification_CNN.py -> /home/vd/launch_ws/build/self_driving_car_pkg/build/lib/self_driving_car_pkg/Detection/Signs/Classification
[0.921s] copying self_driving_car_pkg/Detection/Signs/Classification/__init__.py -> /home/vd/launch_ws/build/self_driving_car_pkg/build/lib/self_driving_car_pkg/Detection/Signs/Classification
[0.921s] copying self_driving_car_pkg/Detection/Signs/__init__.py -> /home/vd/launch_ws/build/self_driving_car_pkg/build/lib/self_driving_car_pkg/Detection/Signs
[0.921s] copying self_driving_car_pkg/Detection/Signs/SignDetectionApi.py -> /home/vd/launch_ws/build/self_driving_car_pkg/build/lib/self_driving_car_pkg/Detection/Signs
[0.921s] creating /home/vd/launch_ws/build/self_driving_car_pkg/build/lib/self_driving_car_pkg/Detection/TrafficLights
[0.921s] copying self_driving_car_pkg/Detection/TrafficLights/TrafficLights_Detection.py -> /home/vd/launch_ws/build/self_driving_car_pkg/build/lib/self_driving_car_pkg/Detection/TrafficLights
[0.921s] copying self_driving_car_pkg/Detection/TrafficLights/__init__.py -> /home/vd/launch_ws/build/self_driving_car_pkg/build/lib/self_driving_car_pkg/Detection/TrafficLights
[0.922s] copying self_driving_car_pkg/Detection/__init__.py -> /home/vd/launch_ws/build/self_driving_car_pkg/build/lib/self_driving_car_pkg/Detection
[0.922s] creating /home/vd/launch_ws/build/self_driving_car_pkg/build/lib/self_driving_car_pkg/GPS_Navigation
[0.922s] copying self_driving_car_pkg/GPS_Navigation/bot_mapping.py -> /home/vd/launch_ws/build/self_driving_car_pkg/build/lib/self_driving_car_pkg/GPS_Navigation
[0.922s] copying self_driving_car_pkg/GPS_Navigation/config.py -> /home/vd/launch_ws/build/self_driving_car_pkg/build/lib/self_driving_car_pkg/GPS_Navigation
[0.922s] copying self_driving_car_pkg/GPS_Navigation/bot_localization.py -> /home/vd/launch_ws/build/self_driving_car_pkg/build/lib/self_driving_car_pkg/GPS_Navigation
[0.922s] copying self_driving_car_pkg/GPS_Navigation/bot_motionplanning.py -> /home/vd/launch_ws/build/self_driving_car_pkg/build/lib/self_driving_car_pkg/GPS_Navigation
[0.922s] copying self_driving_car_pkg/GPS_Navigation/utilities_disp.py -> /home/vd/launch_ws/build/self_driving_car_pkg/build/lib/self_driving_car_pkg/GPS_Navigation
[0.922s] copying self_driving_car_pkg/GPS_Navigation/__init__.py -> /home/vd/launch_ws/build/self_driving_car_pkg/build/lib/self_driving_car_pkg/GPS_Navigation
[0.922s] copying self_driving_car_pkg/GPS_Navigation/Navigation.py -> /home/vd/launch_ws/build/self_driving_car_pkg/build/lib/self_driving_car_pkg/GPS_Navigation
[0.922s] copying self_driving_car_pkg/GPS_Navigation/bot_pathplanning.py -> /home/vd/launch_ws/build/self_driving_car_pkg/build/lib/self_driving_car_pkg/GPS_Navigation
[0.923s] copying self_driving_car_pkg/GPS_Navigation/utilities.py -> /home/vd/launch_ws/build/self_driving_car_pkg/build/lib/self_driving_car_pkg/GPS_Navigation
[0.923s] creating /home/vd/launch_ws/build/self_driving_car_pkg/build/lib/self_driving_car_pkg/config
[0.923s] copying self_driving_car_pkg/config/config.py -> /home/vd/launch_ws/build/self_driving_car_pkg/build/lib/self_driving_car_pkg/config
[0.923s] copying self_driving_car_pkg/config/__init__.py -> /home/vd/launch_ws/build/self_driving_car_pkg/build/lib/self_driving_car_pkg/config
[0.923s] creating /home/vd/launch_ws/build/self_driving_car_pkg/build/lib/self_driving_car_pkg/data
[0.923s] copying self_driving_car_pkg/data/__init__.py -> /home/vd/launch_ws/build/self_driving_car_pkg/build/lib/self_driving_car_pkg/data
[0.924s] running install
[0.925s] running install_lib
[0.926s] creating /home/vd/launch_ws/install/self_driving_car_pkg/lib/python3.10/site-packages/self_driving_car_pkg
[0.926s] copying /home/vd/launch_ws/build/self_driving_car_pkg/build/lib/self_driving_car_pkg/computer_vision_node.py -> /home/vd/launch_ws/install/self_driving_car_pkg/lib/python3.10/site-packages/self_driving_car_pkg
[0.926s] creating /home/vd/launch_ws/install/self_driving_car_pkg/lib/python3.10/site-packages/self_driving_car_pkg/config
[0.926s] copying /home/vd/launch_ws/build/self_driving_car_pkg/build/lib/self_driving_car_pkg/config/config.py -> /home/vd/launch_ws/install/self_driving_car_pkg/lib/python3.10/site-packages/self_driving_car_pkg/config
[0.926s] copying /home/vd/launch_ws/build/self_driving_car_pkg/build/lib/self_driving_car_pkg/config/__init__.py -> /home/vd/launch_ws/install/self_driving_car_pkg/lib/python3.10/site-packages/self_driving_car_pkg/config
[0.927s] creating /home/vd/launch_ws/install/self_driving_car_pkg/lib/python3.10/site-packages/self_driving_car_pkg/GPS_Navigation
[0.927s] copying /home/vd/launch_ws/build/self_driving_car_pkg/build/lib/self_driving_car_pkg/GPS_Navigation/bot_mapping.py -> /home/vd/launch_ws/install/self_driving_car_pkg/lib/python3.10/site-packages/self_driving_car_pkg/GPS_Navigation
[0.927s] copying /home/vd/launch_ws/build/self_driving_car_pkg/build/lib/self_driving_car_pkg/GPS_Navigation/config.py -> /home/vd/launch_ws/install/self_driving_car_pkg/lib/python3.10/site-packages/self_driving_car_pkg/GPS_Navigation
[0.927s] copying /home/vd/launch_ws/build/self_driving_car_pkg/build/lib/self_driving_car_pkg/GPS_Navigation/bot_localization.py -> /home/vd/launch_ws/install/self_driving_car_pkg/lib/python3.10/site-packages/self_driving_car_pkg/GPS_Navigation
[0.927s] copying /home/vd/launch_ws/build/self_driving_car_pkg/build/lib/self_driving_car_pkg/GPS_Navigation/bot_motionplanning.py -> /home/vd/launch_ws/install/self_driving_car_pkg/lib/python3.10/site-packages/self_driving_car_pkg/GPS_Navigation
[0.927s] copying /home/vd/launch_ws/build/self_driving_car_pkg/build/lib/self_driving_car_pkg/GPS_Navigation/utilities_disp.py -> /home/vd/launch_ws/install/self_driving_car_pkg/lib/python3.10/site-packages/self_driving_car_pkg/GPS_Navigation
[0.927s] copying /home/vd/launch_ws/build/self_driving_car_pkg/build/lib/self_driving_car_pkg/GPS_Navigation/__init__.py -> /home/vd/launch_ws/install/self_driving_car_pkg/lib/python3.10/site-packages/self_driving_car_pkg/GPS_Navigation
[0.927s] copying /home/vd/launch_ws/build/self_driving_car_pkg/build/lib/self_driving_car_pkg/GPS_Navigation/Navigation.py -> /home/vd/launch_ws/install/self_driving_car_pkg/lib/python3.10/site-packages/self_driving_car_pkg/GPS_Navigation
[0.927s] copying /home/vd/launch_ws/build/self_driving_car_pkg/build/lib/self_driving_car_pkg/GPS_Navigation/bot_pathplanning.py -> /home/vd/launch_ws/install/self_driving_car_pkg/lib/python3.10/site-packages/self_driving_car_pkg/GPS_Navigation
[0.927s] copying /home/vd/launch_ws/build/self_driving_car_pkg/build/lib/self_driving_car_pkg/GPS_Navigation/utilities.py -> /home/vd/launch_ws/install/self_driving_car_pkg/lib/python3.10/site-packages/self_driving_car_pkg/GPS_Navigation
[0.927s] creating /home/vd/launch_ws/install/self_driving_car_pkg/lib/python3.10/site-packages/self_driving_car_pkg/Detection
[0.928s] creating /home/vd/launch_ws/install/self_driving_car_pkg/lib/python3.10/site-packages/self_driving_car_pkg/Detection/Signs
[0.928s] copying /home/vd/launch_ws/build/self_driving_car_pkg/build/lib/self_driving_car_pkg/Detection/Signs/__init__.py -> /home/vd/launch_ws/install/self_driving_car_pkg/lib/python3.10/site-packages/self_driving_car_pkg/Detection/Signs
[0.928s] copying /home/vd/launch_ws/build/self_driving_car_pkg/build/lib/self_driving_car_pkg/Detection/Signs/SignDetectionApi.py -> /home/vd/launch_ws/install/self_driving_car_pkg/lib/python3.10/site-packages/self_driving_car_pkg/Detection/Signs
[0.928s] creating /home/vd/launch_ws/install/self_driving_car_pkg/lib/python3.10/site-packages/self_driving_car_pkg/Detection/Signs/Classification
[0.928s] copying /home/vd/launch_ws/build/self_driving_car_pkg/build/lib/self_driving_car_pkg/Detection/Signs/Classification/Visualize_CNN.py -> /home/vd/launch_ws/install/self_driving_car_pkg/lib/python3.10/site-packages/self_driving_car_pkg/Detection/Signs/Classification
[0.928s] copying /home/vd/launch_ws/build/self_driving_car_pkg/build/lib/self_driving_car_pkg/Detection/Signs/Classification/CNN.py -> /home/vd/launch_ws/install/self_driving_car_pkg/lib/python3.10/site-packages/self_driving_car_pkg/Detection/Signs/Classification
[0.928s] copying /home/vd/launch_ws/build/self_driving_car_pkg/build/lib/self_driving_car_pkg/Detection/Signs/Classification/Classification_CNN.py -> /home/vd/launch_ws/install/self_driving_car_pkg/lib/python3.10/site-packages/self_driving_car_pkg/Detection/Signs/Classification
[0.928s] copying /home/vd/launch_ws/build/self_driving_car_pkg/build/lib/self_driving_car_pkg/Detection/Signs/Classification/__init__.py -> /home/vd/launch_ws/install/self_driving_car_pkg/lib/python3.10/site-packages/self_driving_car_pkg/Detection/Signs/Classification
[0.928s] creating /home/vd/launch_ws/install/self_driving_car_pkg/lib/python3.10/site-packages/self_driving_car_pkg/Detection/TrafficLights
[0.928s] copying /home/vd/launch_ws/build/self_driving_car_pkg/build/lib/self_driving_car_pkg/Detection/TrafficLights/TrafficLights_Detection.py -> /home/vd/launch_ws/install/self_driving_car_pkg/lib/python3.10/site-packages/self_driving_car_pkg/Detection/TrafficLights
[0.928s] copying /home/vd/launch_ws/build/self_driving_car_pkg/build/lib/self_driving_car_pkg/Detection/TrafficLights/__init__.py -> /home/vd/launch_ws/install/self_driving_car_pkg/lib/python3.10/site-packages/self_driving_car_pkg/Detection/TrafficLights
[0.929s] creating /home/vd/launch_ws/install/self_driving_car_pkg/lib/python3.10/site-packages/self_driving_car_pkg/Detection/Lanes
[0.929s] copying /home/vd/launch_ws/build/self_driving_car_pkg/build/lib/self_driving_car_pkg/Detection/Lanes/Lane_Detection.py -> /home/vd/launch_ws/install/self_driving_car_pkg/lib/python3.10/site-packages/self_driving_car_pkg/Detection/Lanes
[0.929s] creating /home/vd/launch_ws/install/self_driving_car_pkg/lib/python3.10/site-packages/self_driving_car_pkg/Detection/Lanes/d_LaneInfo_Extraction
[0.929s] copying /home/vd/launch_ws/build/self_driving_car_pkg/build/lib/self_driving_car_pkg/Detection/Lanes/d_LaneInfo_Extraction/GetStateInfoandDisplayLane.py -> /home/vd/launch_ws/install/self_driving_car_pkg/lib/python3.10/site-packages/self_driving_car_pkg/Detection/Lanes/d_LaneInfo_Extraction
[0.929s] copying /home/vd/launch_ws/build/self_driving_car_pkg/build/lib/self_driving_car_pkg/Detection/Lanes/d_LaneInfo_Extraction/__init__.py -> /home/vd/launch_ws/install/self_driving_car_pkg/lib/python3.10/site-packages/self_driving_car_pkg/Detection/Lanes/d_LaneInfo_Extraction
[0.929s] creating /home/vd/launch_ws/install/self_driving_car_pkg/lib/python3.10/site-packages/self_driving_car_pkg/Detection/Lanes/c_Cleaning
[0.929s] copying /home/vd/launch_ws/build/self_driving_car_pkg/build/lib/self_driving_car_pkg/Detection/Lanes/c_Cleaning/CheckifYellowLaneCorrect_RetInnerBoundary.py -> /home/vd/launch_ws/install/self_driving_car_pkg/lib/python3.10/site-packages/self_driving_car_pkg/Detection/Lanes/c_Cleaning
[0.929s] copying /home/vd/launch_ws/build/self_driving_car_pkg/build/lib/self_driving_car_pkg/Detection/Lanes/c_Cleaning/ExtendLanesAndRefineMidLaneEdge.py -> /home/vd/launch_ws/install/self_driving_car_pkg/lib/python3.10/site-packages/self_driving_car_pkg/Detection/Lanes/c_Cleaning
[0.929s] copying /home/vd/launch_ws/build/self_driving_car_pkg/build/lib/self_driving_car_pkg/Detection/Lanes/c_Cleaning/__init__.py -> /home/vd/launch_ws/install/self_driving_car_pkg/lib/python3.10/site-packages/self_driving_car_pkg/Detection/Lanes/c_Cleaning
[0.929s] creating /home/vd/launch_ws/install/self_driving_car_pkg/lib/python3.10/site-packages/self_driving_car_pkg/Detection/Lanes/b_Estimation
[0.929s] copying /home/vd/launch_ws/build/self_driving_car_pkg/build/lib/self_driving_car_pkg/Detection/Lanes/b_Estimation/__init__.py -> /home/vd/launch_ws/install/self_driving_car_pkg/lib/python3.10/site-packages/self_driving_car_pkg/Detection/Lanes/b_Estimation
[0.929s] copying /home/vd/launch_ws/build/self_driving_car_pkg/build/lib/self_driving_car_pkg/Detection/Lanes/b_Estimation/Our_EstimationAlgo.py -> /home/vd/launch_ws/install/self_driving_car_pkg/lib/python3.10/site-packages/self_driving_car_pkg/Detection/Lanes/b_Estimation
[0.929s] copying /home/vd/launch_ws/build/self_driving_car_pkg/build/lib/self_driving_car_pkg/Detection/Lanes/__init__.py -> /home/vd/launch_ws/install/self_driving_car_pkg/lib/python3.10/site-packages/self_driving_car_pkg/Detection/Lanes
[0.929s] creating /home/vd/launch_ws/install/self_driving_car_pkg/lib/python3.10/site-packages/self_driving_car_pkg/Detection/Lanes/a_Segmentation
[0.930s] copying /home/vd/launch_ws/build/self_driving_car_pkg/build/lib/self_driving_car_pkg/Detection/Lanes/a_Segmentation/__init__.py -> /home/vd/launch_ws/install/self_driving_car_pkg/lib/python3.10/site-packages/self_driving_car_pkg/Detection/Lanes/a_Segmentation
[0.930s] copying /home/vd/launch_ws/build/self_driving_car_pkg/build/lib/self_driving_car_pkg/Detection/Lanes/a_Segmentation/colour_segmentation_final.py -> /home/vd/launch_ws/install/self_driving_car_pkg/lib/python3.10/site-packages/self_driving_car_pkg/Detection/Lanes/a_Segmentation
[0.930s] copying /home/vd/launch_ws/build/self_driving_car_pkg/build/lib/self_driving_car_pkg/Detection/Lanes/utilities.py -> /home/vd/launch_ws/install/self_driving_car_pkg/lib/python3.10/site-packages/self_driving_car_pkg/Detection/Lanes
[0.930s] copying /home/vd/launch_ws/build/self_driving_car_pkg/build/lib/self_driving_car_pkg/Detection/Lanes/Morph_op.py -> /home/vd/launch_ws/install/self_driving_car_pkg/lib/python3.10/site-packages/self_driving_car_pkg/Detection/Lanes
[0.930s] copying /home/vd/launch_ws/build/self_driving_car_pkg/build/lib/self_driving_car_pkg/Detection/__init__.py -> /home/vd/launch_ws/install/self_driving_car_pkg/lib/python3.10/site-packages/self_driving_car_pkg/Detection
[0.930s] copying /home/vd/launch_ws/build/self_driving_car_pkg/build/lib/self_driving_car_pkg/sdc_V2.py -> /home/vd/launch_ws/install/self_driving_car_pkg/lib/python3.10/site-packages/self_driving_car_pkg
[0.930s] copying /home/vd/launch_ws/build/self_driving_car_pkg/build/lib/self_driving_car_pkg/video_save.py -> /home/vd/launch_ws/install/self_driving_car_pkg/lib/python3.10/site-packages/self_driving_car_pkg
[0.930s] copying /home/vd/launch_ws/build/self_driving_car_pkg/build/lib/self_driving_car_pkg/drive_node.py -> /home/vd/launch_ws/install/self_driving_car_pkg/lib/python3.10/site-packages/self_driving_car_pkg
[0.930s] copying /home/vd/launch_ws/build/self_driving_car_pkg/build/lib/self_driving_car_pkg/__init__.py -> /home/vd/launch_ws/install/self_driving_car_pkg/lib/python3.10/site-packages/self_driving_car_pkg
[0.930s] copying /home/vd/launch_ws/build/self_driving_car_pkg/build/lib/self_driving_car_pkg/upper_camera_video.py -> /home/vd/launch_ws/install/self_driving_car_pkg/lib/python3.10/site-packages/self_driving_car_pkg
[0.930s] copying /home/vd/launch_ws/build/self_driving_car_pkg/build/lib/self_driving_car_pkg/Drive_Bot.py -> /home/vd/launch_ws/install/self_driving_car_pkg/lib/python3.10/site-packages/self_driving_car_pkg
[0.930s] copying /home/vd/launch_ws/build/self_driving_car_pkg/build/lib/self_driving_car_pkg/sdf_spawner.py -> /home/vd/launch_ws/install/self_driving_car_pkg/lib/python3.10/site-packages/self_driving_car_pkg
[0.930s] creating /home/vd/launch_ws/install/self_driving_car_pkg/lib/python3.10/site-packages/self_driving_car_pkg/data
[0.931s] copying /home/vd/launch_ws/build/self_driving_car_pkg/build/lib/self_driving_car_pkg/data/__init__.py -> /home/vd/launch_ws/install/self_driving_car_pkg/lib/python3.10/site-packages/self_driving_car_pkg/data
[0.931s] byte-compiling /home/vd/launch_ws/install/self_driving_car_pkg/lib/python3.10/site-packages/self_driving_car_pkg/computer_vision_node.py to computer_vision_node.cpython-310.pyc
[0.931s] byte-compiling /home/vd/launch_ws/install/self_driving_car_pkg/lib/python3.10/site-packages/self_driving_car_pkg/config/config.py to config.cpython-310.pyc
[0.932s] byte-compiling /home/vd/launch_ws/install/self_driving_car_pkg/lib/python3.10/site-packages/self_driving_car_pkg/config/__init__.py to __init__.cpython-310.pyc
[0.932s] byte-compiling /home/vd/launch_ws/install/self_driving_car_pkg/lib/python3.10/site-packages/self_driving_car_pkg/GPS_Navigation/bot_mapping.py to bot_mapping.cpython-310.pyc
[0.934s] byte-compiling /home/vd/launch_ws/install/self_driving_car_pkg/lib/python3.10/site-packages/self_driving_car_pkg/GPS_Navigation/config.py to config.cpython-310.pyc
[0.935s] byte-compiling /home/vd/launch_ws/install/self_driving_car_pkg/lib/python3.10/site-packages/self_driving_car_pkg/GPS_Navigation/bot_localization.py to bot_localization.cpython-310.pyc
[0.936s] byte-compiling /home/vd/launch_ws/install/self_driving_car_pkg/lib/python3.10/site-packages/self_driving_car_pkg/GPS_Navigation/bot_motionplanning.py to bot_motionplanning.cpython-310.pyc
[0.937s] byte-compiling /home/vd/launch_ws/install/self_driving_car_pkg/lib/python3.10/site-packages/self_driving_car_pkg/GPS_Navigation/utilities_disp.py to utilities_disp.cpython-310.pyc
[0.938s] byte-compiling /home/vd/launch_ws/install/self_driving_car_pkg/lib/python3.10/site-packages/self_driving_car_pkg/GPS_Navigation/__init__.py to __init__.cpython-310.pyc
[0.938s] byte-compiling /home/vd/launch_ws/install/self_driving_car_pkg/lib/python3.10/site-packages/self_driving_car_pkg/GPS_Navigation/Navigation.py to Navigation.cpython-310.pyc
[0.938s] byte-compiling /home/vd/launch_ws/install/self_driving_car_pkg/lib/python3.10/site-packages/self_driving_car_pkg/GPS_Navigation/bot_pathplanning.py to bot_pathplanning.cpython-310.pyc
[0.940s] byte-compiling /home/vd/launch_ws/install/self_driving_car_pkg/lib/python3.10/site-packages/self_driving_car_pkg/GPS_Navigation/utilities.py to utilities.cpython-310.pyc
[0.942s] byte-compiling /home/vd/launch_ws/install/self_driving_car_pkg/lib/python3.10/site-packages/self_driving_car_pkg/Detection/Signs/__init__.py to __init__.cpython-310.pyc
[0.942s] byte-compiling /home/vd/launch_ws/install/self_driving_car_pkg/lib/python3.10/site-packages/self_driving_car_pkg/Detection/Signs/SignDetectionApi.py to SignDetectionApi.cpython-310.pyc
[0.943s] byte-compiling /home/vd/launch_ws/install/self_driving_car_pkg/lib/python3.10/site-packages/self_driving_car_pkg/Detection/Signs/Classification/Visualize_CNN.py to Visualize_CNN.cpython-310.pyc
[0.943s] byte-compiling /home/vd/launch_ws/install/self_driving_car_pkg/lib/python3.10/site-packages/self_driving_car_pkg/Detection/Signs/Classification/CNN.py to CNN.cpython-310.pyc
[0.944s] byte-compiling /home/vd/launch_ws/install/self_driving_car_pkg/lib/python3.10/site-packages/self_driving_car_pkg/Detection/Signs/Classification/Classification_CNN.py to Classification_CNN.cpython-310.pyc
[0.945s] byte-compiling /home/vd/launch_ws/install/self_driving_car_pkg/lib/python3.10/site-packages/self_driving_car_pkg/Detection/Signs/Classification/__init__.py to __init__.cpython-310.pyc
[0.945s] byte-compiling /home/vd/launch_ws/install/self_driving_car_pkg/lib/python3.10/site-packages/self_driving_car_pkg/Detection/TrafficLights/TrafficLights_Detection.py to TrafficLights_Detection.cpython-310.pyc
[0.948s] byte-compiling /home/vd/launch_ws/install/self_driving_car_pkg/lib/python3.10/site-packages/self_driving_car_pkg/Detection/TrafficLights/__init__.py to __init__.cpython-310.pyc
[0.949s] byte-compiling /home/vd/launch_ws/install/self_driving_car_pkg/lib/python3.10/site-packages/self_driving_car_pkg/Detection/Lanes/Lane_Detection.py to Lane_Detection.cpython-310.pyc
[0.949s] byte-compiling /home/vd/launch_ws/install/self_driving_car_pkg/lib/python3.10/site-packages/self_driving_car_pkg/Detection/Lanes/d_LaneInfo_Extraction/GetStateInfoandDisplayLane.py to GetStateInfoandDisplayLane.cpython-310.pyc
[0.950s] byte-compiling /home/vd/launch_ws/install/self_driving_car_pkg/lib/python3.10/site-packages/self_driving_car_pkg/Detection/Lanes/d_LaneInfo_Extraction/__init__.py to __init__.cpython-310.pyc
[0.950s] byte-compiling /home/vd/launch_ws/install/self_driving_car_pkg/lib/python3.10/site-packages/self_driving_car_pkg/Detection/Lanes/c_Cleaning/CheckifYellowLaneCorrect_RetInnerBoundary.py to CheckifYellowLaneCorrect_RetInnerBoundary.cpython-310.pyc
[0.950s] byte-compiling /home/vd/launch_ws/install/self_driving_car_pkg/lib/python3.10/site-packages/self_driving_car_pkg/Detection/Lanes/c_Cleaning/ExtendLanesAndRefineMidLaneEdge.py to ExtendLanesAndRefineMidLaneEdge.cpython-310.pyc
[0.951s] byte-compiling /home/vd/launch_ws/install/self_driving_car_pkg/lib/python3.10/site-packages/self_driving_car_pkg/Detection/Lanes/c_Cleaning/__init__.py to __init__.cpython-310.pyc
[0.951s] byte-compiling /home/vd/launch_ws/install/self_driving_car_pkg/lib/python3.10/site-packages/self_driving_car_pkg/Detection/Lanes/b_Estimation/__init__.py to __init__.cpython-310.pyc
[0.951s] byte-compiling /home/vd/launch_ws/install/self_driving_car_pkg/lib/python3.10/site-packages/self_driving_car_pkg/Detection/Lanes/b_Estimation/Our_EstimationAlgo.py to Our_EstimationAlgo.cpython-310.pyc
[0.952s] byte-compiling /home/vd/launch_ws/install/self_driving_car_pkg/lib/python3.10/site-packages/self_driving_car_pkg/Detection/Lanes/__init__.py to __init__.cpython-310.pyc
[0.952s] byte-compiling /home/vd/launch_ws/install/self_driving_car_pkg/lib/python3.10/site-packages/self_driving_car_pkg/Detection/Lanes/a_Segmentation/__init__.py to __init__.cpython-310.pyc
[0.952s] byte-compiling /home/vd/launch_ws/install/self_driving_car_pkg/lib/python3.10/site-packages/self_driving_car_pkg/Detection/Lanes/a_Segmentation/colour_segmentation_final.py to colour_segmentation_final.cpython-310.pyc
[0.953s] byte-compiling /home/vd/launch_ws/install/self_driving_car_pkg/lib/python3.10/site-packages/self_driving_car_pkg/Detection/Lanes/utilities.py to utilities.cpython-310.pyc
[0.953s] byte-compiling /home/vd/launch_ws/install/self_driving_car_pkg/lib/python3.10/site-packages/self_driving_car_pkg/Detection/Lanes/Morph_op.py to Morph_op.cpython-310.pyc
[0.954s] byte-compiling /home/vd/launch_ws/install/self_driving_car_pkg/lib/python3.10/site-packages/self_driving_car_pkg/Detection/__init__.py to __init__.cpython-310.pyc
[0.955s] byte-compiling /home/vd/launch_ws/install/self_driving_car_pkg/lib/python3.10/site-packages/self_driving_car_pkg/sdc_V2.py to sdc_V2.cpython-310.pyc
[0.955s] byte-compiling /home/vd/launch_ws/install/self_driving_car_pkg/lib/python3.10/site-packages/self_driving_car_pkg/video_save.py to video_save.cpython-310.pyc
[0.955s] byte-compiling /home/vd/launch_ws/install/self_driving_car_pkg/lib/python3.10/site-packages/self_driving_car_pkg/drive_node.py to drive_node.cpython-310.pyc
[0.956s] byte-compiling /home/vd/launch_ws/install/self_driving_car_pkg/lib/python3.10/site-packages/self_driving_car_pkg/__init__.py to __init__.cpython-310.pyc
[0.956s] byte-compiling /home/vd/launch_ws/install/self_driving_car_pkg/lib/python3.10/site-packages/self_driving_car_pkg/upper_camera_video.py to upper_camera_video.cpython-310.pyc
[0.956s] byte-compiling /home/vd/launch_ws/install/self_driving_car_pkg/lib/python3.10/site-packages/self_driving_car_pkg/Drive_Bot.py to Drive_Bot.cpython-310.pyc
[0.958s] byte-compiling /home/vd/launch_ws/install/self_driving_car_pkg/lib/python3.10/site-packages/self_driving_car_pkg/sdf_spawner.py to sdf_spawner.cpython-310.pyc
[0.958s] byte-compiling /home/vd/launch_ws/install/self_driving_car_pkg/lib/python3.10/site-packages/self_driving_car_pkg/data/__init__.py to __init__.cpython-310.pyc
[0.959s] running install_data
[0.959s] creating /home/vd/launch_ws/install/self_driving_car_pkg/share/ament_index
[0.959s] creating /home/vd/launch_ws/install/self_driving_car_pkg/share/ament_index/resource_index
[0.959s] creating /home/vd/launch_ws/install/self_driving_car_pkg/share/ament_index/resource_index/packages
[0.959s] copying resource/self_driving_car_pkg -> /home/vd/launch_ws/install/self_driving_car_pkg/share/ament_index/resource_index/packages
[0.959s] copying package.xml -> /home/vd/launch_ws/install/self_driving_car_pkg/share/self_driving_car_pkg
[0.959s] creating /home/vd/launch_ws/install/self_driving_car_pkg/share/self_driving_car_pkg/launch
[0.959s] copying launch/record_and_drive.launch.py -> /home/vd/launch_ws/install/self_driving_car_pkg/share/self_driving_car_pkg/launch
[0.959s] copying launch/world_gazebo.launch.py -> /home/vd/launch_ws/install/self_driving_car_pkg/share/self_driving_car_pkg/launch
[0.959s] copying launch/test_laneFollow.launch.py -> /home/vd/launch_ws/install/self_driving_car_pkg/share/self_driving_car_pkg/launch
[0.959s] copying launch/maze_solving_world.launch.py -> /home/vd/launch_ws/install/self_driving_car_pkg/share/self_driving_car_pkg/launch
[0.960s] creating /home/vd/launch_ws/install/self_driving_car_pkg/lib/self_driving_car_pkg
[0.960s] copying scripts/lights_spawner_maze.bash -> /home/vd/launch_ws/install/self_driving_car_pkg/lib/self_driving_car_pkg
[0.960s] copying scripts/lights_spawner.bash -> /home/vd/launch_ws/install/self_driving_car_pkg/lib/self_driving_car_pkg
[0.960s] creating /home/vd/launch_ws/install/self_driving_car_pkg/share/self_driving_car_pkg/worlds
[0.960s] copying worlds/sdc.world -> /home/vd/launch_ws/install/self_driving_car_pkg/share/self_driving_car_pkg/worlds
[0.960s] copying worlds/maze_solving.world -> /home/vd/launch_ws/install/self_driving_car_pkg/share/self_driving_car_pkg/worlds
[0.960s] copying worlds/Lane_follow_test.world -> /home/vd/launch_ws/install/self_driving_car_pkg/share/self_driving_car_pkg/worlds
[0.960s] running install_egg_info
[0.961s] Copying ../../../build/self_driving_car_pkg/self_driving_car_pkg.egg-info to /home/vd/launch_ws/install/self_driving_car_pkg/lib/python3.10/site-packages/self_driving_car_pkg-0.0.0-py3.10.egg-info
[0.962s] running install_scripts
[0.978s] Installing computer_vision_node script to /home/vd/launch_ws/install/self_driving_car_pkg/lib/self_driving_car_pkg
[0.978s] Installing sdc_V2 script to /home/vd/launch_ws/install/self_driving_car_pkg/lib/self_driving_car_pkg
[0.978s] Installing spawner_node script to /home/vd/launch_ws/install/self_driving_car_pkg/lib/self_driving_car_pkg
[0.978s] Installing upper_camera_recording script to /home/vd/launch_ws/install/self_driving_car_pkg/lib/self_driving_car_pkg
[0.978s] Installing video_save script to /home/vd/launch_ws/install/self_driving_car_pkg/lib/self_driving_car_pkg
[0.979s] writing list of installed files to '/home/vd/launch_ws/build/self_driving_car_pkg/install.log'
[1.006s] Invoked command in '/home/vd/launch_ws/src/ROS2-Self-Driving-Car-AI-using-OpenCV/self_driving_car_pkg' returned '0': PYTHONPATH=/home/vd/launch_ws/build/self_driving_car_pkg/prefix_override:/usr/lib/python3/dist-packages/colcon_core/task/python/colcon_distutils_commands:/home/vd/launch_ws/install/self_driving_car_pkg/lib/python3.10/site-packages:${PYTHONPATH} /usr/bin/python3 -W ignore:setup.py install is deprecated -W ignore:easy_install command is deprecated setup.py egg_info --egg-base ../../../build/self_driving_car_pkg build --build-base /home/vd/launch_ws/build/self_driving_car_pkg/build install --record /home/vd/launch_ws/build/self_driving_car_pkg/install.log --install-scripts $base/lib/self_driving_car_pkg --single-version-externally-managed install_data
