[0.105s] DEBUG:colcon:Command line arguments: ['/usr/bin/colcon', 'build']
[0.105s] DEBUG:colcon:Parsed command line arguments: Namespace(log_base=None, log_level=None, verb_name='build', build_base='build', install_base='install', merge_install=False, symlink_install=False, test_result_base=None, continue_on_error=False, executor='parallel', parallel_workers=4, event_handlers=None, ignore_user_meta=False, metas=['./colcon.meta'], base_paths=['.'], packages_ignore=None, packages_ignore_regex=None, paths=None, packages_up_to=None, packages_up_to_regex=None, packages_above=None, packages_above_and_dependencies=None, packages_above_depth=None, packages_select_by_dep=None, packages_skip_by_dep=None, packages_skip_up_to=None, packages_select_build_failed=False, packages_skip_build_finished=False, packages_select_test_failures=False, packages_skip_test_passed=False, packages_select=None, packages_skip=None, packages_select_regex=None, packages_skip_regex=None, packages_start=None, packages_end=None, allow_overriding=[], cmake_args=None, cmake_target=None, cmake_target_skip_unavailable=False, cmake_clean_cache=False, cmake_clean_first=False, cmake_force_configure=False, ament_cmake_args=None, catkin_cmake_args=None, catkin_skip_building_tests=False, mixin_files=None, mixin=None, verb_parser=<colcon_mixin.mixin.mixin_argument.MixinArgumentDecorator object at 0x7d674b769d80>, verb_extension=<colcon_core.verb.build.BuildVerb object at 0x7d674b720d90>, main=<bound method BuildVerb.main of <colcon_core.verb.build.BuildVerb object at 0x7d674b720d90>>, mixin_verb=('build',))
[0.258s] Level 1:colcon.colcon_core.package_discovery:discover_packages(colcon_meta) check parameters
[0.259s] Level 1:colcon.colcon_core.package_discovery:discover_packages(recursive) check parameters
[0.259s] Level 1:colcon.colcon_core.package_discovery:discover_packages(ignore) check parameters
[0.259s] Level 1:colcon.colcon_core.package_discovery:discover_packages(path) check parameters
[0.259s] Level 1:colcon.colcon_core.package_discovery:discover_packages(colcon_meta) discover
[0.259s] Level 1:colcon.colcon_core.package_discovery:discover_packages(recursive) discover
[0.259s] INFO:colcon.colcon_core.package_discovery:Crawling recursively for packages in '/home/vd/launch_ws'
[0.259s] Level 1:colcon.colcon_core.package_identification:_identify(.) by extensions ['ignore', 'ignore_ament_install']
[0.259s] Level 1:colcon.colcon_core.package_identification:_identify(.) by extension 'ignore'
[0.259s] Level 1:colcon.colcon_core.package_identification:_identify(.) by extension 'ignore_ament_install'
[0.259s] Level 1:colcon.colcon_core.package_identification:_identify(.) by extensions ['colcon_pkg']
[0.259s] Level 1:colcon.colcon_core.package_identification:_identify(.) by extension 'colcon_pkg'
[0.259s] Level 1:colcon.colcon_core.package_identification:_identify(.) by extensions ['colcon_meta']
[0.259s] Level 1:colcon.colcon_core.package_identification:_identify(.) by extension 'colcon_meta'
[0.259s] Level 1:colcon.colcon_core.package_identification:_identify(.) by extensions ['ros']
[0.259s] Level 1:colcon.colcon_core.package_identification:_identify(.) by extension 'ros'
[0.267s] Level 1:colcon.colcon_core.package_identification:_identify(.) by extensions ['cmake', 'python']
[0.267s] Level 1:colcon.colcon_core.package_identification:_identify(.) by extension 'cmake'
[0.267s] Level 1:colcon.colcon_core.package_identification:_identify(.) by extension 'python'
[0.267s] Level 1:colcon.colcon_core.package_identification:_identify(.) by extensions ['python_setup_py']
[0.267s] Level 1:colcon.colcon_core.package_identification:_identify(.) by extension 'python_setup_py'
[0.267s] Level 1:colcon.colcon_core.package_identification:_identify(build) by extensions ['ignore', 'ignore_ament_install']
[0.268s] Level 1:colcon.colcon_core.package_identification:_identify(build) by extension 'ignore'
[0.268s] Level 1:colcon.colcon_core.package_identification:_identify(build) ignored
[0.268s] Level 1:colcon.colcon_core.package_identification:_identify(install) by extensions ['ignore', 'ignore_ament_install']
[0.268s] Level 1:colcon.colcon_core.package_identification:_identify(install) by extension 'ignore'
[0.268s] Level 1:colcon.colcon_core.package_identification:_identify(install) ignored
[0.268s] Level 1:colcon.colcon_core.package_identification:_identify(log) by extensions ['ignore', 'ignore_ament_install']
[0.268s] Level 1:colcon.colcon_core.package_identification:_identify(log) by extension 'ignore'
[0.268s] Level 1:colcon.colcon_core.package_identification:_identify(log) ignored
[0.268s] Level 1:colcon.colcon_core.package_identification:_identify(src) by extensions ['ignore', 'ignore_ament_install']
[0.268s] Level 1:colcon.colcon_core.package_identification:_identify(src) by extension 'ignore'
[0.268s] Level 1:colcon.colcon_core.package_identification:_identify(src) by extension 'ignore_ament_install'
[0.268s] Level 1:colcon.colcon_core.package_identification:_identify(src) by extensions ['colcon_pkg']
[0.268s] Level 1:colcon.colcon_core.package_identification:_identify(src) by extension 'colcon_pkg'
[0.268s] Level 1:colcon.colcon_core.package_identification:_identify(src) by extensions ['colcon_meta']
[0.268s] Level 1:colcon.colcon_core.package_identification:_identify(src) by extension 'colcon_meta'
[0.268s] Level 1:colcon.colcon_core.package_identification:_identify(src) by extensions ['ros']
[0.268s] Level 1:colcon.colcon_core.package_identification:_identify(src) by extension 'ros'
[0.268s] Level 1:colcon.colcon_core.package_identification:_identify(src) by extensions ['cmake', 'python']
[0.268s] Level 1:colcon.colcon_core.package_identification:_identify(src) by extension 'cmake'
[0.268s] Level 1:colcon.colcon_core.package_identification:_identify(src) by extension 'python'
[0.268s] Level 1:colcon.colcon_core.package_identification:_identify(src) by extensions ['python_setup_py']
[0.268s] Level 1:colcon.colcon_core.package_identification:_identify(src) by extension 'python_setup_py'
[0.268s] Level 1:colcon.colcon_core.package_identification:_identify(src/ROS2-Self-Driving-Car-AI-using-OpenCV) by extensions ['ignore', 'ignore_ament_install']
[0.268s] Level 1:colcon.colcon_core.package_identification:_identify(src/ROS2-Self-Driving-Car-AI-using-OpenCV) by extension 'ignore'
[0.268s] Level 1:colcon.colcon_core.package_identification:_identify(src/ROS2-Self-Driving-Car-AI-using-OpenCV) by extension 'ignore_ament_install'
[0.269s] Level 1:colcon.colcon_core.package_identification:_identify(src/ROS2-Self-Driving-Car-AI-using-OpenCV) by extensions ['colcon_pkg']
[0.269s] Level 1:colcon.colcon_core.package_identification:_identify(src/ROS2-Self-Driving-Car-AI-using-OpenCV) by extension 'colcon_pkg'
[0.269s] Level 1:colcon.colcon_core.package_identification:_identify(src/ROS2-Self-Driving-Car-AI-using-OpenCV) by extensions ['colcon_meta']
[0.269s] Level 1:colcon.colcon_core.package_identification:_identify(src/ROS2-Self-Driving-Car-AI-using-OpenCV) by extension 'colcon_meta'
[0.269s] Level 1:colcon.colcon_core.package_identification:_identify(src/ROS2-Self-Driving-Car-AI-using-OpenCV) by extensions ['ros']
[0.269s] Level 1:colcon.colcon_core.package_identification:_identify(src/ROS2-Self-Driving-Car-AI-using-OpenCV) by extension 'ros'
[0.269s] Level 1:colcon.colcon_core.package_identification:_identify(src/ROS2-Self-Driving-Car-AI-using-OpenCV) by extensions ['cmake', 'python']
[0.269s] Level 1:colcon.colcon_core.package_identification:_identify(src/ROS2-Self-Driving-Car-AI-using-OpenCV) by extension 'cmake'
[0.269s] Level 1:colcon.colcon_core.package_identification:_identify(src/ROS2-Self-Driving-Car-AI-using-OpenCV) by extension 'python'
[0.269s] Level 1:colcon.colcon_core.package_identification:_identify(src/ROS2-Self-Driving-Car-AI-using-OpenCV) by extensions ['python_setup_py']
[0.269s] Level 1:colcon.colcon_core.package_identification:_identify(src/ROS2-Self-Driving-Car-AI-using-OpenCV) by extension 'python_setup_py'
[0.269s] Level 1:colcon.colcon_core.package_identification:_identify(src/ROS2-Self-Driving-Car-AI-using-OpenCV/Images_videos) by extensions ['ignore', 'ignore_ament_install']
[0.269s] Level 1:colcon.colcon_core.package_identification:_identify(src/ROS2-Self-Driving-Car-AI-using-OpenCV/Images_videos) by extension 'ignore'
[0.269s] Level 1:colcon.colcon_core.package_identification:_identify(src/ROS2-Self-Driving-Car-AI-using-OpenCV/Images_videos) by extension 'ignore_ament_install'
[0.269s] Level 1:colcon.colcon_core.package_identification:_identify(src/ROS2-Self-Driving-Car-AI-using-OpenCV/Images_videos) by extensions ['colcon_pkg']
[0.269s] Level 1:colcon.colcon_core.package_identification:_identify(src/ROS2-Self-Driving-Car-AI-using-OpenCV/Images_videos) by extension 'colcon_pkg'
[0.269s] Level 1:colcon.colcon_core.package_identification:_identify(src/ROS2-Self-Driving-Car-AI-using-OpenCV/Images_videos) by extensions ['colcon_meta']
[0.269s] Level 1:colcon.colcon_core.package_identification:_identify(src/ROS2-Self-Driving-Car-AI-using-OpenCV/Images_videos) by extension 'colcon_meta'
[0.269s] Level 1:colcon.colcon_core.package_identification:_identify(src/ROS2-Self-Driving-Car-AI-using-OpenCV/Images_videos) by extensions ['ros']
[0.269s] Level 1:colcon.colcon_core.package_identification:_identify(src/ROS2-Self-Driving-Car-AI-using-OpenCV/Images_videos) by extension 'ros'
[0.269s] Level 1:colcon.colcon_core.package_identification:_identify(src/ROS2-Self-Driving-Car-AI-using-OpenCV/Images_videos) by extensions ['cmake', 'python']
[0.269s] Level 1:colcon.colcon_core.package_identification:_identify(src/ROS2-Self-Driving-Car-AI-using-OpenCV/Images_videos) by extension 'cmake'
[0.269s] Level 1:colcon.colcon_core.package_identification:_identify(src/ROS2-Self-Driving-Car-AI-using-OpenCV/Images_videos) by extension 'python'
[0.269s] Level 1:colcon.colcon_core.package_identification:_identify(src/ROS2-Self-Driving-Car-AI-using-OpenCV/Images_videos) by extensions ['python_setup_py']
[0.269s] Level 1:colcon.colcon_core.package_identification:_identify(src/ROS2-Self-Driving-Car-AI-using-OpenCV/Images_videos) by extension 'python_setup_py'
[0.269s] Level 1:colcon.colcon_core.package_identification:_identify(src/ROS2-Self-Driving-Car-AI-using-OpenCV/Images_videos/HaarCascade) by extensions ['ignore', 'ignore_ament_install']
[0.269s] Level 1:colcon.colcon_core.package_identification:_identify(src/ROS2-Self-Driving-Car-AI-using-OpenCV/Images_videos/HaarCascade) by extension 'ignore'
[0.269s] Level 1:colcon.colcon_core.package_identification:_identify(src/ROS2-Self-Driving-Car-AI-using-OpenCV/Images_videos/HaarCascade) by extension 'ignore_ament_install'
[0.269s] Level 1:colcon.colcon_core.package_identification:_identify(src/ROS2-Self-Driving-Car-AI-using-OpenCV/Images_videos/HaarCascade) by extensions ['colcon_pkg']
[0.269s] Level 1:colcon.colcon_core.package_identification:_identify(src/ROS2-Self-Driving-Car-AI-using-OpenCV/Images_videos/HaarCascade) by extension 'colcon_pkg'
[0.269s] Level 1:colcon.colcon_core.package_identification:_identify(src/ROS2-Self-Driving-Car-AI-using-OpenCV/Images_videos/HaarCascade) by extensions ['colcon_meta']
[0.269s] Level 1:colcon.colcon_core.package_identification:_identify(src/ROS2-Self-Driving-Car-AI-using-OpenCV/Images_videos/HaarCascade) by extension 'colcon_meta'
[0.269s] Level 1:colcon.colcon_core.package_identification:_identify(src/ROS2-Self-Driving-Car-AI-using-OpenCV/Images_videos/HaarCascade) by extensions ['ros']
[0.270s] Level 1:colcon.colcon_core.package_identification:_identify(src/ROS2-Self-Driving-Car-AI-using-OpenCV/Images_videos/HaarCascade) by extension 'ros'
[0.270s] Level 1:colcon.colcon_core.package_identification:_identify(src/ROS2-Self-Driving-Car-AI-using-OpenCV/Images_videos/HaarCascade) by extensions ['cmake', 'python']
[0.270s] Level 1:colcon.colcon_core.package_identification:_identify(src/ROS2-Self-Driving-Car-AI-using-OpenCV/Images_videos/HaarCascade) by extension 'cmake'
[0.270s] Level 1:colcon.colcon_core.package_identification:_identify(src/ROS2-Self-Driving-Car-AI-using-OpenCV/Images_videos/HaarCascade) by extension 'python'
[0.270s] Level 1:colcon.colcon_core.package_identification:_identify(src/ROS2-Self-Driving-Car-AI-using-OpenCV/Images_videos/HaarCascade) by extensions ['python_setup_py']
[0.270s] Level 1:colcon.colcon_core.package_identification:_identify(src/ROS2-Self-Driving-Car-AI-using-OpenCV/Images_videos/HaarCascade) by extension 'python_setup_py'
[0.270s] Level 1:colcon.colcon_core.package_identification:_identify(src/ROS2-Self-Driving-Car-AI-using-OpenCV/Images_videos/HaarCascade/Training_Steps) by extensions ['ignore', 'ignore_ament_install']
[0.270s] Level 1:colcon.colcon_core.package_identification:_identify(src/ROS2-Self-Driving-Car-AI-using-OpenCV/Images_videos/HaarCascade/Training_Steps) by extension 'ignore'
[0.270s] Level 1:colcon.colcon_core.package_identification:_identify(src/ROS2-Self-Driving-Car-AI-using-OpenCV/Images_videos/HaarCascade/Training_Steps) by extension 'ignore_ament_install'
[0.270s] Level 1:colcon.colcon_core.package_identification:_identify(src/ROS2-Self-Driving-Car-AI-using-OpenCV/Images_videos/HaarCascade/Training_Steps) by extensions ['colcon_pkg']
[0.270s] Level 1:colcon.colcon_core.package_identification:_identify(src/ROS2-Self-Driving-Car-AI-using-OpenCV/Images_videos/HaarCascade/Training_Steps) by extension 'colcon_pkg'
[0.270s] Level 1:colcon.colcon_core.package_identification:_identify(src/ROS2-Self-Driving-Car-AI-using-OpenCV/Images_videos/HaarCascade/Training_Steps) by extensions ['colcon_meta']
[0.270s] Level 1:colcon.colcon_core.package_identification:_identify(src/ROS2-Self-Driving-Car-AI-using-OpenCV/Images_videos/HaarCascade/Training_Steps) by extension 'colcon_meta'
[0.270s] Level 1:colcon.colcon_core.package_identification:_identify(src/ROS2-Self-Driving-Car-AI-using-OpenCV/Images_videos/HaarCascade/Training_Steps) by extensions ['ros']
[0.270s] Level 1:colcon.colcon_core.package_identification:_identify(src/ROS2-Self-Driving-Car-AI-using-OpenCV/Images_videos/HaarCascade/Training_Steps) by extension 'ros'
[0.270s] Level 1:colcon.colcon_core.package_identification:_identify(src/ROS2-Self-Driving-Car-AI-using-OpenCV/Images_videos/HaarCascade/Training_Steps) by extensions ['cmake', 'python']
[0.270s] Level 1:colcon.colcon_core.package_identification:_identify(src/ROS2-Self-Driving-Car-AI-using-OpenCV/Images_videos/HaarCascade/Training_Steps) by extension 'cmake'
[0.270s] Level 1:colcon.colcon_core.package_identification:_identify(src/ROS2-Self-Driving-Car-AI-using-OpenCV/Images_videos/HaarCascade/Training_Steps) by extension 'python'
[0.270s] Level 1:colcon.colcon_core.package_identification:_identify(src/ROS2-Self-Driving-Car-AI-using-OpenCV/Images_videos/HaarCascade/Training_Steps) by extensions ['python_setup_py']
[0.270s] Level 1:colcon.colcon_core.package_identification:_identify(src/ROS2-Self-Driving-Car-AI-using-OpenCV/Images_videos/HaarCascade/Training_Steps) by extension 'python_setup_py'
[0.270s] Level 1:colcon.colcon_core.package_identification:_identify(src/ROS2-Self-Driving-Car-AI-using-OpenCV/Images_videos/Sat_Nav) by extensions ['ignore', 'ignore_ament_install']
[0.270s] Level 1:colcon.colcon_core.package_identification:_identify(src/ROS2-Self-Driving-Car-AI-using-OpenCV/Images_videos/Sat_Nav) by extension 'ignore'
[0.270s] Level 1:colcon.colcon_core.package_identification:_identify(src/ROS2-Self-Driving-Car-AI-using-OpenCV/Images_videos/Sat_Nav) by extension 'ignore_ament_install'
[0.270s] Level 1:colcon.colcon_core.package_identification:_identify(src/ROS2-Self-Driving-Car-AI-using-OpenCV/Images_videos/Sat_Nav) by extensions ['colcon_pkg']
[0.270s] Level 1:colcon.colcon_core.package_identification:_identify(src/ROS2-Self-Driving-Car-AI-using-OpenCV/Images_videos/Sat_Nav) by extension 'colcon_pkg'
[0.270s] Level 1:colcon.colcon_core.package_identification:_identify(src/ROS2-Self-Driving-Car-AI-using-OpenCV/Images_videos/Sat_Nav) by extensions ['colcon_meta']
[0.270s] Level 1:colcon.colcon_core.package_identification:_identify(src/ROS2-Self-Driving-Car-AI-using-OpenCV/Images_videos/Sat_Nav) by extension 'colcon_meta'
[0.270s] Level 1:colcon.colcon_core.package_identification:_identify(src/ROS2-Self-Driving-Car-AI-using-OpenCV/Images_videos/Sat_Nav) by extensions ['ros']
[0.270s] Level 1:colcon.colcon_core.package_identification:_identify(src/ROS2-Self-Driving-Car-AI-using-OpenCV/Images_videos/Sat_Nav) by extension 'ros'
[0.270s] Level 1:colcon.colcon_core.package_identification:_identify(src/ROS2-Self-Driving-Car-AI-using-OpenCV/Images_videos/Sat_Nav) by extensions ['cmake', 'python']
[0.270s] Level 1:colcon.colcon_core.package_identification:_identify(src/ROS2-Self-Driving-Car-AI-using-OpenCV/Images_videos/Sat_Nav) by extension 'cmake'
[0.270s] Level 1:colcon.colcon_core.package_identification:_identify(src/ROS2-Self-Driving-Car-AI-using-OpenCV/Images_videos/Sat_Nav) by extension 'python'
[0.271s] Level 1:colcon.colcon_core.package_identification:_identify(src/ROS2-Self-Driving-Car-AI-using-OpenCV/Images_videos/Sat_Nav) by extensions ['python_setup_py']
[0.271s] Level 1:colcon.colcon_core.package_identification:_identify(src/ROS2-Self-Driving-Car-AI-using-OpenCV/Images_videos/Sat_Nav) by extension 'python_setup_py'
[0.271s] Level 1:colcon.colcon_core.package_identification:_identify(src/ROS2-Self-Driving-Car-AI-using-OpenCV/Repo_resources) by extensions ['ignore', 'ignore_ament_install']
[0.271s] Level 1:colcon.colcon_core.package_identification:_identify(src/ROS2-Self-Driving-Car-AI-using-OpenCV/Repo_resources) by extension 'ignore'
[0.271s] Level 1:colcon.colcon_core.package_identification:_identify(src/ROS2-Self-Driving-Car-AI-using-OpenCV/Repo_resources) by extension 'ignore_ament_install'
[0.271s] Level 1:colcon.colcon_core.package_identification:_identify(src/ROS2-Self-Driving-Car-AI-using-OpenCV/Repo_resources) by extensions ['colcon_pkg']
[0.271s] Level 1:colcon.colcon_core.package_identification:_identify(src/ROS2-Self-Driving-Car-AI-using-OpenCV/Repo_resources) by extension 'colcon_pkg'
[0.271s] Level 1:colcon.colcon_core.package_identification:_identify(src/ROS2-Self-Driving-Car-AI-using-OpenCV/Repo_resources) by extensions ['colcon_meta']
[0.271s] Level 1:colcon.colcon_core.package_identification:_identify(src/ROS2-Self-Driving-Car-AI-using-OpenCV/Repo_resources) by extension 'colcon_meta'
[0.271s] Level 1:colcon.colcon_core.package_identification:_identify(src/ROS2-Self-Driving-Car-AI-using-OpenCV/Repo_resources) by extensions ['ros']
[0.271s] Level 1:colcon.colcon_core.package_identification:_identify(src/ROS2-Self-Driving-Car-AI-using-OpenCV/Repo_resources) by extension 'ros'
[0.271s] Level 1:colcon.colcon_core.package_identification:_identify(src/ROS2-Self-Driving-Car-AI-using-OpenCV/Repo_resources) by extensions ['cmake', 'python']
[0.271s] Level 1:colcon.colcon_core.package_identification:_identify(src/ROS2-Self-Driving-Car-AI-using-OpenCV/Repo_resources) by extension 'cmake'
[0.271s] Level 1:colcon.colcon_core.package_identification:_identify(src/ROS2-Self-Driving-Car-AI-using-OpenCV/Repo_resources) by extension 'python'
[0.271s] Level 1:colcon.colcon_core.package_identification:_identify(src/ROS2-Self-Driving-Car-AI-using-OpenCV/Repo_resources) by extensions ['python_setup_py']
[0.271s] Level 1:colcon.colcon_core.package_identification:_identify(src/ROS2-Self-Driving-Car-AI-using-OpenCV/Repo_resources) by extension 'python_setup_py'
[0.271s] Level 1:colcon.colcon_core.package_identification:_identify(src/ROS2-Self-Driving-Car-AI-using-OpenCV/docker) by extensions ['ignore', 'ignore_ament_install']
[0.271s] Level 1:colcon.colcon_core.package_identification:_identify(src/ROS2-Self-Driving-Car-AI-using-OpenCV/docker) by extension 'ignore'
[0.271s] Level 1:colcon.colcon_core.package_identification:_identify(src/ROS2-Self-Driving-Car-AI-using-OpenCV/docker) by extension 'ignore_ament_install'
[0.271s] Level 1:colcon.colcon_core.package_identification:_identify(src/ROS2-Self-Driving-Car-AI-using-OpenCV/docker) by extensions ['colcon_pkg']
[0.271s] Level 1:colcon.colcon_core.package_identification:_identify(src/ROS2-Self-Driving-Car-AI-using-OpenCV/docker) by extension 'colcon_pkg'
[0.271s] Level 1:colcon.colcon_core.package_identification:_identify(src/ROS2-Self-Driving-Car-AI-using-OpenCV/docker) by extensions ['colcon_meta']
[0.271s] Level 1:colcon.colcon_core.package_identification:_identify(src/ROS2-Self-Driving-Car-AI-using-OpenCV/docker) by extension 'colcon_meta'
[0.271s] Level 1:colcon.colcon_core.package_identification:_identify(src/ROS2-Self-Driving-Car-AI-using-OpenCV/docker) by extensions ['ros']
[0.271s] Level 1:colcon.colcon_core.package_identification:_identify(src/ROS2-Self-Driving-Car-AI-using-OpenCV/docker) by extension 'ros'
[0.271s] Level 1:colcon.colcon_core.package_identification:_identify(src/ROS2-Self-Driving-Car-AI-using-OpenCV/docker) by extensions ['cmake', 'python']
[0.271s] Level 1:colcon.colcon_core.package_identification:_identify(src/ROS2-Self-Driving-Car-AI-using-OpenCV/docker) by extension 'cmake'
[0.271s] Level 1:colcon.colcon_core.package_identification:_identify(src/ROS2-Self-Driving-Car-AI-using-OpenCV/docker) by extension 'python'
[0.271s] Level 1:colcon.colcon_core.package_identification:_identify(src/ROS2-Self-Driving-Car-AI-using-OpenCV/docker) by extensions ['python_setup_py']
[0.271s] Level 1:colcon.colcon_core.package_identification:_identify(src/ROS2-Self-Driving-Car-AI-using-OpenCV/docker) by extension 'python_setup_py'
[0.272s] Level 1:colcon.colcon_core.package_identification:_identify(src/ROS2-Self-Driving-Car-AI-using-OpenCV/self_driving_car_pkg) by extensions ['ignore', 'ignore_ament_install']
[0.272s] Level 1:colcon.colcon_core.package_identification:_identify(src/ROS2-Self-Driving-Car-AI-using-OpenCV/self_driving_car_pkg) by extension 'ignore'
[0.272s] Level 1:colcon.colcon_core.package_identification:_identify(src/ROS2-Self-Driving-Car-AI-using-OpenCV/self_driving_car_pkg) by extension 'ignore_ament_install'
[0.272s] Level 1:colcon.colcon_core.package_identification:_identify(src/ROS2-Self-Driving-Car-AI-using-OpenCV/self_driving_car_pkg) by extensions ['colcon_pkg']
[0.272s] Level 1:colcon.colcon_core.package_identification:_identify(src/ROS2-Self-Driving-Car-AI-using-OpenCV/self_driving_car_pkg) by extension 'colcon_pkg'
[0.272s] Level 1:colcon.colcon_core.package_identification:_identify(src/ROS2-Self-Driving-Car-AI-using-OpenCV/self_driving_car_pkg) by extensions ['colcon_meta']
[0.272s] Level 1:colcon.colcon_core.package_identification:_identify(src/ROS2-Self-Driving-Car-AI-using-OpenCV/self_driving_car_pkg) by extension 'colcon_meta'
[0.272s] Level 1:colcon.colcon_core.package_identification:_identify(src/ROS2-Self-Driving-Car-AI-using-OpenCV/self_driving_car_pkg) by extensions ['ros']
[0.272s] Level 1:colcon.colcon_core.package_identification:_identify(src/ROS2-Self-Driving-Car-AI-using-OpenCV/self_driving_car_pkg) by extension 'ros'
[0.274s] DEBUG:colcon.colcon_core.package_identification:Package 'src/ROS2-Self-Driving-Car-AI-using-OpenCV/self_driving_car_pkg' with type 'ros.ament_python' and name 'self_driving_car_pkg'
[0.274s] Level 1:colcon.colcon_core.package_identification:_identify(src/ROS2-Self-Driving-Car-AI-using-OpenCV/self_driving_car_pkg_models) by extensions ['ignore', 'ignore_ament_install']
[0.274s] Level 1:colcon.colcon_core.package_identification:_identify(src/ROS2-Self-Driving-Car-AI-using-OpenCV/self_driving_car_pkg_models) by extension 'ignore'
[0.274s] Level 1:colcon.colcon_core.package_identification:_identify(src/ROS2-Self-Driving-Car-AI-using-OpenCV/self_driving_car_pkg_models) by extension 'ignore_ament_install'
[0.274s] Level 1:colcon.colcon_core.package_identification:_identify(src/ROS2-Self-Driving-Car-AI-using-OpenCV/self_driving_car_pkg_models) by extensions ['colcon_pkg']
[0.274s] Level 1:colcon.colcon_core.package_identification:_identify(src/ROS2-Self-Driving-Car-AI-using-OpenCV/self_driving_car_pkg_models) by extension 'colcon_pkg'
[0.274s] Level 1:colcon.colcon_core.package_identification:_identify(src/ROS2-Self-Driving-Car-AI-using-OpenCV/self_driving_car_pkg_models) by extensions ['colcon_meta']
[0.274s] Level 1:colcon.colcon_core.package_identification:_identify(src/ROS2-Self-Driving-Car-AI-using-OpenCV/self_driving_car_pkg_models) by extension 'colcon_meta'
[0.274s] Level 1:colcon.colcon_core.package_identification:_identify(src/ROS2-Self-Driving-Car-AI-using-OpenCV/self_driving_car_pkg_models) by extensions ['ros']
[0.274s] Level 1:colcon.colcon_core.package_identification:_identify(src/ROS2-Self-Driving-Car-AI-using-OpenCV/self_driving_car_pkg_models) by extension 'ros'
[0.275s] DEBUG:colcon.colcon_core.package_identification:Package 'src/ROS2-Self-Driving-Car-AI-using-OpenCV/self_driving_car_pkg_models' with type 'ros.ament_cmake' and name 'self_driving_car_pkg_models'
[0.275s] Level 1:colcon.colcon_core.package_identification:_identify(src/build) by extensions ['ignore', 'ignore_ament_install']
[0.275s] Level 1:colcon.colcon_core.package_identification:_identify(src/build) by extension 'ignore'
[0.275s] Level 1:colcon.colcon_core.package_identification:_identify(src/build) ignored
[0.275s] Level 1:colcon.colcon_core.package_identification:_identify(src/install) by extensions ['ignore', 'ignore_ament_install']
[0.275s] Level 1:colcon.colcon_core.package_identification:_identify(src/install) by extension 'ignore'
[0.275s] Level 1:colcon.colcon_core.package_identification:_identify(src/install) ignored
[0.275s] Level 1:colcon.colcon_core.package_identification:_identify(src/log) by extensions ['ignore', 'ignore_ament_install']
[0.275s] Level 1:colcon.colcon_core.package_identification:_identify(src/log) by extension 'ignore'
[0.275s] Level 1:colcon.colcon_core.package_identification:_identify(src/log) ignored
[0.275s] Level 1:colcon.colcon_core.package_identification:_identify(src/mobile_robot) by extensions ['ignore', 'ignore_ament_install']
[0.275s] Level 1:colcon.colcon_core.package_identification:_identify(src/mobile_robot) by extension 'ignore'
[0.276s] Level 1:colcon.colcon_core.package_identification:_identify(src/mobile_robot) by extension 'ignore_ament_install'
[0.276s] Level 1:colcon.colcon_core.package_identification:_identify(src/mobile_robot) by extensions ['colcon_pkg']
[0.276s] Level 1:colcon.colcon_core.package_identification:_identify(src/mobile_robot) by extension 'colcon_pkg'
[0.276s] Level 1:colcon.colcon_core.package_identification:_identify(src/mobile_robot) by extensions ['colcon_meta']
[0.276s] Level 1:colcon.colcon_core.package_identification:_identify(src/mobile_robot) by extension 'colcon_meta'
[0.276s] Level 1:colcon.colcon_core.package_identification:_identify(src/mobile_robot) by extensions ['ros']
[0.276s] Level 1:colcon.colcon_core.package_identification:_identify(src/mobile_robot) by extension 'ros'
[0.276s] DEBUG:colcon.colcon_core.package_identification:Package 'src/mobile_robot' with type 'ros.ament_cmake' and name 'mobile_robot'
[0.276s] Level 1:colcon.colcon_core.package_discovery:discover_packages(recursive) using defaults
[0.276s] Level 1:colcon.colcon_core.package_discovery:discover_packages(ignore) discover
[0.276s] Level 1:colcon.colcon_core.package_discovery:discover_packages(ignore) using defaults
[0.276s] Level 1:colcon.colcon_core.package_discovery:discover_packages(path) discover
[0.276s] Level 1:colcon.colcon_core.package_discovery:discover_packages(path) using defaults
[0.292s] Level 1:colcon.colcon_core.package_discovery:discover_packages(prefix_path) check parameters
[0.292s] Level 1:colcon.colcon_core.package_discovery:discover_packages(prefix_path) discover
[0.294s] DEBUG:colcon.colcon_installed_package_information.package_discovery:Found 2 installed packages in /home/vd/launch_ws/install
[0.294s] DEBUG:colcon.colcon_installed_package_information.package_discovery:Found 2 installed packages in /home/vd/ros2ws/install
[0.295s] DEBUG:colcon.colcon_installed_package_information.package_discovery:Found 314 installed packages in /opt/ros/humble
[0.296s] Level 1:colcon.colcon_core.package_discovery:discover_packages(prefix_path) using defaults
[0.324s] Level 5:colcon.colcon_core.verb:set package 'mobile_robot' build argument 'cmake_args' from command line to 'None'
[0.324s] Level 5:colcon.colcon_core.verb:set package 'mobile_robot' build argument 'cmake_target' from command line to 'None'
[0.324s] Level 5:colcon.colcon_core.verb:set package 'mobile_robot' build argument 'cmake_target_skip_unavailable' from command line to 'False'
[0.324s] Level 5:colcon.colcon_core.verb:set package 'mobile_robot' build argument 'cmake_clean_cache' from command line to 'False'
[0.324s] Level 5:colcon.colcon_core.verb:set package 'mobile_robot' build argument 'cmake_clean_first' from command line to 'False'
[0.324s] Level 5:colcon.colcon_core.verb:set package 'mobile_robot' build argument 'cmake_force_configure' from command line to 'False'
[0.324s] Level 5:colcon.colcon_core.verb:set package 'mobile_robot' build argument 'ament_cmake_args' from command line to 'None'
[0.324s] Level 5:colcon.colcon_core.verb:set package 'mobile_robot' build argument 'catkin_cmake_args' from command line to 'None'
[0.324s] Level 5:colcon.colcon_core.verb:set package 'mobile_robot' build argument 'catkin_skip_building_tests' from command line to 'False'
[0.324s] DEBUG:colcon.colcon_core.verb:Building package 'mobile_robot' with the following arguments: {'ament_cmake_args': None, 'build_base': '/home/vd/launch_ws/build/mobile_robot', 'catkin_cmake_args': None, 'catkin_skip_building_tests': False, 'cmake_args': None, 'cmake_clean_cache': False, 'cmake_clean_first': False, 'cmake_force_configure': False, 'cmake_target': None, 'cmake_target_skip_unavailable': False, 'install_base': '/home/vd/launch_ws/install/mobile_robot', 'merge_install': False, 'path': '/home/vd/launch_ws/src/mobile_robot', 'symlink_install': False, 'test_result_base': None}
[0.324s] Level 5:colcon.colcon_core.verb:set package 'self_driving_car_pkg' build argument 'cmake_args' from command line to 'None'
[0.324s] Level 5:colcon.colcon_core.verb:set package 'self_driving_car_pkg' build argument 'cmake_target' from command line to 'None'
[0.324s] Level 5:colcon.colcon_core.verb:set package 'self_driving_car_pkg' build argument 'cmake_target_skip_unavailable' from command line to 'False'
[0.324s] Level 5:colcon.colcon_core.verb:set package 'self_driving_car_pkg' build argument 'cmake_clean_cache' from command line to 'False'
[0.324s] Level 5:colcon.colcon_core.verb:set package 'self_driving_car_pkg' build argument 'cmake_clean_first' from command line to 'False'
[0.324s] Level 5:colcon.colcon_core.verb:set package 'self_driving_car_pkg' build argument 'cmake_force_configure' from command line to 'False'
[0.324s] Level 5:colcon.colcon_core.verb:set package 'self_driving_car_pkg' build argument 'ament_cmake_args' from command line to 'None'
[0.324s] Level 5:colcon.colcon_core.verb:set package 'self_driving_car_pkg' build argument 'catkin_cmake_args' from command line to 'None'
[0.324s] Level 5:colcon.colcon_core.verb:set package 'self_driving_car_pkg' build argument 'catkin_skip_building_tests' from command line to 'False'
[0.324s] DEBUG:colcon.colcon_core.verb:Building package 'self_driving_car_pkg' with the following arguments: {'ament_cmake_args': None, 'build_base': '/home/vd/launch_ws/build/self_driving_car_pkg', 'catkin_cmake_args': None, 'catkin_skip_building_tests': False, 'cmake_args': None, 'cmake_clean_cache': False, 'cmake_clean_first': False, 'cmake_force_configure': False, 'cmake_target': None, 'cmake_target_skip_unavailable': False, 'install_base': '/home/vd/launch_ws/install/self_driving_car_pkg', 'merge_install': False, 'path': '/home/vd/launch_ws/src/ROS2-Self-Driving-Car-AI-using-OpenCV/self_driving_car_pkg', 'symlink_install': False, 'test_result_base': None}
[0.324s] Level 5:colcon.colcon_core.verb:set package 'self_driving_car_pkg_models' build argument 'cmake_args' from command line to 'None'
[0.324s] Level 5:colcon.colcon_core.verb:set package 'self_driving_car_pkg_models' build argument 'cmake_target' from command line to 'None'
[0.324s] Level 5:colcon.colcon_core.verb:set package 'self_driving_car_pkg_models' build argument 'cmake_target_skip_unavailable' from command line to 'False'
[0.324s] Level 5:colcon.colcon_core.verb:set package 'self_driving_car_pkg_models' build argument 'cmake_clean_cache' from command line to 'False'
[0.325s] Level 5:colcon.colcon_core.verb:set package 'self_driving_car_pkg_models' build argument 'cmake_clean_first' from command line to 'False'
[0.325s] Level 5:colcon.colcon_core.verb:set package 'self_driving_car_pkg_models' build argument 'cmake_force_configure' from command line to 'False'
[0.325s] Level 5:colcon.colcon_core.verb:set package 'self_driving_car_pkg_models' build argument 'ament_cmake_args' from command line to 'None'
[0.325s] Level 5:colcon.colcon_core.verb:set package 'self_driving_car_pkg_models' build argument 'catkin_cmake_args' from command line to 'None'
[0.325s] Level 5:colcon.colcon_core.verb:set package 'self_driving_car_pkg_models' build argument 'catkin_skip_building_tests' from command line to 'False'
[0.325s] DEBUG:colcon.colcon_core.verb:Building package 'self_driving_car_pkg_models' with the following arguments: {'ament_cmake_args': None, 'build_base': '/home/vd/launch_ws/build/self_driving_car_pkg_models', 'catkin_cmake_args': None, 'catkin_skip_building_tests': False, 'cmake_args': None, 'cmake_clean_cache': False, 'cmake_clean_first': False, 'cmake_force_configure': False, 'cmake_target': None, 'cmake_target_skip_unavailable': False, 'install_base': '/home/vd/launch_ws/install/self_driving_car_pkg_models', 'merge_install': False, 'path': '/home/vd/launch_ws/src/ROS2-Self-Driving-Car-AI-using-OpenCV/self_driving_car_pkg_models', 'symlink_install': False, 'test_result_base': None}
[0.325s] INFO:colcon.colcon_core.executor:Executing jobs using 'parallel' executor
[0.326s] DEBUG:colcon.colcon_parallel_executor.executor.parallel:run_until_complete
[0.326s] INFO:colcon.colcon_ros.task.ament_cmake.build:Building ROS package in '/home/vd/launch_ws/src/mobile_robot' with build type 'ament_cmake'
[0.326s] INFO:colcon.colcon_cmake.task.cmake.build:Building CMake package in '/home/vd/launch_ws/src/mobile_robot'
[0.327s] INFO:colcon.colcon_core.plugin_system:Skipping extension 'colcon_core.shell.bat': Not used on non-Windows systems
[0.327s] INFO:colcon.colcon_core.shell:Skip shell extension 'powershell' for command environment: Not usable outside of PowerShell
[0.327s] DEBUG:colcon.colcon_core.shell:Skip shell extension 'dsv' for command environment
[0.330s] INFO:colcon.colcon_ros.task.ament_python.build:Building ROS package in '/home/vd/launch_ws/src/ROS2-Self-Driving-Car-AI-using-OpenCV/self_driving_car_pkg' with build type 'ament_python'
[0.330s] Level 1:colcon.colcon_core.shell:create_environment_hook('self_driving_car_pkg', 'ament_prefix_path')
[0.330s] INFO:colcon.colcon_core.shell:Creating environment hook '/home/vd/launch_ws/install/self_driving_car_pkg/share/self_driving_car_pkg/hook/ament_prefix_path.ps1'
[0.331s] INFO:colcon.colcon_core.shell:Creating environment descriptor '/home/vd/launch_ws/install/self_driving_car_pkg/share/self_driving_car_pkg/hook/ament_prefix_path.dsv'
[0.331s] INFO:colcon.colcon_core.shell:Creating environment hook '/home/vd/launch_ws/install/self_driving_car_pkg/share/self_driving_car_pkg/hook/ament_prefix_path.sh'
[0.332s] INFO:colcon.colcon_core.shell:Skip shell extension 'powershell' for command environment: Not usable outside of PowerShell
[0.332s] DEBUG:colcon.colcon_core.shell:Skip shell extension 'dsv' for command environment
[0.334s] INFO:colcon.colcon_ros.task.ament_cmake.build:Building ROS package in '/home/vd/launch_ws/src/ROS2-Self-Driving-Car-AI-using-OpenCV/self_driving_car_pkg_models' with build type 'ament_cmake'
[0.334s] INFO:colcon.colcon_cmake.task.cmake.build:Building CMake package in '/home/vd/launch_ws/src/ROS2-Self-Driving-Car-AI-using-OpenCV/self_driving_car_pkg_models'
[0.335s] INFO:colcon.colcon_core.shell:Skip shell extension 'powershell' for command environment: Not usable outside of PowerShell
[0.335s] DEBUG:colcon.colcon_core.shell:Skip shell extension 'dsv' for command environment
[0.344s] DEBUG:colcon.colcon_core.event_handler.log_command:Invoking command in '/home/vd/launch_ws/build/mobile_robot': CMAKE_PREFIX_PATH=${CMAKE_PREFIX_PATH}:/home/vd/launch_ws/install/py_launch_example:/home/vd/ros2ws/install/py_pubsub:/opt/ros/humble /usr/bin/cmake --build /home/vd/launch_ws/build/mobile_robot -- -j4 -l4
[0.578s] INFO:colcon.colcon_core.task.python.build:Building Python package in '/home/vd/launch_ws/src/ROS2-Self-Driving-Car-AI-using-OpenCV/self_driving_car_pkg'
[0.578s] INFO:colcon.colcon_core.shell:Skip shell extension 'powershell' for command environment: Not usable outside of PowerShell
[0.578s] DEBUG:colcon.colcon_core.shell:Skip shell extension 'dsv' for command environment
[0.583s] DEBUG:colcon.colcon_core.event_handler.log_command:Invoking command in '/home/vd/launch_ws/build/self_driving_car_pkg_models': CMAKE_PREFIX_PATH=${CMAKE_PREFIX_PATH}:/home/vd/launch_ws/install/py_launch_example:/home/vd/ros2ws/install/py_pubsub:/opt/ros/humble /usr/bin/cmake /home/vd/launch_ws/src/ROS2-Self-Driving-Car-AI-using-OpenCV/self_driving_car_pkg_models -DCMAKE_INSTALL_PREFIX=/home/vd/launch_ws/install/self_driving_car_pkg_models
[0.584s] DEBUG:colcon.colcon_core.event_handler.log_command:Invoked command in '/home/vd/launch_ws/build/mobile_robot' returned '0': CMAKE_PREFIX_PATH=${CMAKE_PREFIX_PATH}:/home/vd/launch_ws/install/py_launch_example:/home/vd/ros2ws/install/py_pubsub:/opt/ros/humble /usr/bin/cmake --build /home/vd/launch_ws/build/mobile_robot -- -j4 -l4
[0.594s] DEBUG:colcon.colcon_core.event_handler.log_command:Invoking command in '/home/vd/launch_ws/build/mobile_robot': CMAKE_PREFIX_PATH=${CMAKE_PREFIX_PATH}:/home/vd/launch_ws/install/py_launch_example:/home/vd/ros2ws/install/py_pubsub:/opt/ros/humble /usr/bin/cmake --install /home/vd/launch_ws/build/mobile_robot
[0.617s] Level 1:colcon.colcon_core.environment:create_environment_scripts_only(mobile_robot)
[0.618s] DEBUG:colcon.colcon_core.event_handler.log_command:Invoked command in '/home/vd/launch_ws/build/mobile_robot' returned '0': CMAKE_PREFIX_PATH=${CMAKE_PREFIX_PATH}:/home/vd/launch_ws/install/py_launch_example:/home/vd/ros2ws/install/py_pubsub:/opt/ros/humble /usr/bin/cmake --install /home/vd/launch_ws/build/mobile_robot
[0.619s] Level 1:colcon.colcon_core.environment:checking '/home/vd/launch_ws/install/mobile_robot' for CMake module files
[0.620s] Level 1:colcon.colcon_core.environment:checking '/home/vd/launch_ws/install/mobile_robot' for CMake config files
[0.620s] Level 1:colcon.colcon_core.shell:create_environment_hook('mobile_robot', 'cmake_prefix_path')
[0.620s] INFO:colcon.colcon_core.shell:Creating environment hook '/home/vd/launch_ws/install/mobile_robot/share/mobile_robot/hook/cmake_prefix_path.ps1'
[0.621s] INFO:colcon.colcon_core.shell:Creating environment descriptor '/home/vd/launch_ws/install/mobile_robot/share/mobile_robot/hook/cmake_prefix_path.dsv'
[0.621s] INFO:colcon.colcon_core.shell:Creating environment hook '/home/vd/launch_ws/install/mobile_robot/share/mobile_robot/hook/cmake_prefix_path.sh'
[0.622s] Level 1:colcon.colcon_core.environment:checking '/home/vd/launch_ws/install/mobile_robot/bin'
[0.622s] Level 1:colcon.colcon_core.environment:checking '/home/vd/launch_ws/install/mobile_robot/lib/pkgconfig/mobile_robot.pc'
[0.622s] Level 1:colcon.colcon_core.environment:checking '/home/vd/launch_ws/install/mobile_robot/lib/python3.10/site-packages'
[0.622s] Level 1:colcon.colcon_core.environment:checking '/home/vd/launch_ws/install/mobile_robot/bin'
[0.623s] INFO:colcon.colcon_core.shell:Creating package script '/home/vd/launch_ws/install/mobile_robot/share/mobile_robot/package.ps1'
[0.624s] INFO:colcon.colcon_core.shell:Creating package descriptor '/home/vd/launch_ws/install/mobile_robot/share/mobile_robot/package.dsv'
[0.624s] INFO:colcon.colcon_core.shell:Creating package script '/home/vd/launch_ws/install/mobile_robot/share/mobile_robot/package.sh'
[0.625s] INFO:colcon.colcon_core.shell:Creating package script '/home/vd/launch_ws/install/mobile_robot/share/mobile_robot/package.bash'
[0.626s] INFO:colcon.colcon_core.shell:Creating package script '/home/vd/launch_ws/install/mobile_robot/share/mobile_robot/package.zsh'
[0.627s] Level 1:colcon.colcon_core.environment:create_file_with_runtime_dependencies(/home/vd/launch_ws/install/mobile_robot/share/colcon-core/packages/mobile_robot)
[0.627s] Level 1:colcon.colcon_core.environment:create_environment_scripts_only(mobile_robot)
[0.627s] Level 1:colcon.colcon_core.environment:checking '/home/vd/launch_ws/install/mobile_robot' for CMake module files
[0.628s] Level 1:colcon.colcon_core.environment:checking '/home/vd/launch_ws/install/mobile_robot' for CMake config files
[0.628s] Level 1:colcon.colcon_core.shell:create_environment_hook('mobile_robot', 'cmake_prefix_path')
[0.628s] INFO:colcon.colcon_core.shell:Creating environment hook '/home/vd/launch_ws/install/mobile_robot/share/mobile_robot/hook/cmake_prefix_path.ps1'
[0.629s] INFO:colcon.colcon_core.shell:Creating environment descriptor '/home/vd/launch_ws/install/mobile_robot/share/mobile_robot/hook/cmake_prefix_path.dsv'
[0.629s] INFO:colcon.colcon_core.shell:Creating environment hook '/home/vd/launch_ws/install/mobile_robot/share/mobile_robot/hook/cmake_prefix_path.sh'
[0.630s] Level 1:colcon.colcon_core.environment:checking '/home/vd/launch_ws/install/mobile_robot/bin'
[0.630s] Level 1:colcon.colcon_core.environment:checking '/home/vd/launch_ws/install/mobile_robot/lib/pkgconfig/mobile_robot.pc'
[0.630s] Level 1:colcon.colcon_core.environment:checking '/home/vd/launch_ws/install/mobile_robot/lib/python3.10/site-packages'
[0.630s] Level 1:colcon.colcon_core.environment:checking '/home/vd/launch_ws/install/mobile_robot/bin'
[0.631s] INFO:colcon.colcon_core.shell:Creating package script '/home/vd/launch_ws/install/mobile_robot/share/mobile_robot/package.ps1'
[0.631s] INFO:colcon.colcon_core.shell:Creating package descriptor '/home/vd/launch_ws/install/mobile_robot/share/mobile_robot/package.dsv'
[0.631s] INFO:colcon.colcon_core.shell:Creating package script '/home/vd/launch_ws/install/mobile_robot/share/mobile_robot/package.sh'
[0.632s] INFO:colcon.colcon_core.shell:Creating package script '/home/vd/launch_ws/install/mobile_robot/share/mobile_robot/package.bash'
[0.632s] INFO:colcon.colcon_core.shell:Creating package script '/home/vd/launch_ws/install/mobile_robot/share/mobile_robot/package.zsh'
[0.633s] Level 1:colcon.colcon_core.environment:create_file_with_runtime_dependencies(/home/vd/launch_ws/install/mobile_robot/share/colcon-core/packages/mobile_robot)
[1.010s] DEBUG:colcon.colcon_core.event_handler.log_command:Invoking command in '/home/vd/launch_ws/src/ROS2-Self-Driving-Car-AI-using-OpenCV/self_driving_car_pkg': PYTHONPATH=/home/vd/launch_ws/build/self_driving_car_pkg/prefix_override:/usr/lib/python3/dist-packages/colcon_core/task/python/colcon_distutils_commands:/home/vd/launch_ws/install/self_driving_car_pkg/lib/python3.10/site-packages:${PYTHONPATH} /usr/bin/python3 -W ignore:setup.py install is deprecated -W ignore:easy_install command is deprecated setup.py egg_info --egg-base ../../../build/self_driving_car_pkg build --build-base /home/vd/launch_ws/build/self_driving_car_pkg/build install --record /home/vd/launch_ws/build/self_driving_car_pkg/install.log --install-scripts $base/lib/self_driving_car_pkg --single-version-externally-managed install_data
[1.152s] DEBUG:colcon.colcon_core.event_handler.log_command:Invoked command in '/home/vd/launch_ws/build/self_driving_car_pkg_models' returned '0': CMAKE_PREFIX_PATH=${CMAKE_PREFIX_PATH}:/home/vd/launch_ws/install/py_launch_example:/home/vd/ros2ws/install/py_pubsub:/opt/ros/humble /usr/bin/cmake /home/vd/launch_ws/src/ROS2-Self-Driving-Car-AI-using-OpenCV/self_driving_car_pkg_models -DCMAKE_INSTALL_PREFIX=/home/vd/launch_ws/install/self_driving_car_pkg_models
[1.152s] DEBUG:colcon.colcon_core.event_handler.log_command:Invoking command in '/home/vd/launch_ws/build/self_driving_car_pkg_models': CMAKE_PREFIX_PATH=${CMAKE_PREFIX_PATH}:/home/vd/launch_ws/install/py_launch_example:/home/vd/ros2ws/install/py_pubsub:/opt/ros/humble /usr/bin/cmake --build /home/vd/launch_ws/build/self_driving_car_pkg_models -- -j4 -l4
[1.188s] DEBUG:colcon.colcon_core.event_handler.log_command:Invoked command in '/home/vd/launch_ws/build/self_driving_car_pkg_models' returned '0': CMAKE_PREFIX_PATH=${CMAKE_PREFIX_PATH}:/home/vd/launch_ws/install/py_launch_example:/home/vd/ros2ws/install/py_pubsub:/opt/ros/humble /usr/bin/cmake --build /home/vd/launch_ws/build/self_driving_car_pkg_models -- -j4 -l4
[1.190s] DEBUG:colcon.colcon_core.event_handler.log_command:Invoking command in '/home/vd/launch_ws/build/self_driving_car_pkg_models': CMAKE_PREFIX_PATH=${CMAKE_PREFIX_PATH}:/home/vd/launch_ws/install/py_launch_example:/home/vd/ros2ws/install/py_pubsub:/opt/ros/humble /usr/bin/cmake --install /home/vd/launch_ws/build/self_driving_car_pkg_models
[1.208s] Level 1:colcon.colcon_core.environment:create_environment_scripts_only(self_driving_car_pkg_models)
[1.208s] Level 1:colcon.colcon_core.environment:checking '/home/vd/launch_ws/install/self_driving_car_pkg_models' for CMake module files
[1.208s] DEBUG:colcon.colcon_core.event_handler.log_command:Invoked command in '/home/vd/launch_ws/build/self_driving_car_pkg_models' returned '0': CMAKE_PREFIX_PATH=${CMAKE_PREFIX_PATH}:/home/vd/launch_ws/install/py_launch_example:/home/vd/ros2ws/install/py_pubsub:/opt/ros/humble /usr/bin/cmake --install /home/vd/launch_ws/build/self_driving_car_pkg_models
[1.209s] Level 1:colcon.colcon_core.environment:checking '/home/vd/launch_ws/install/self_driving_car_pkg_models' for CMake config files
[1.209s] Level 1:colcon.colcon_core.shell:create_environment_hook('self_driving_car_pkg_models', 'cmake_prefix_path')
[1.209s] INFO:colcon.colcon_core.shell:Creating environment hook '/home/vd/launch_ws/install/self_driving_car_pkg_models/share/self_driving_car_pkg_models/hook/cmake_prefix_path.ps1'
[1.210s] INFO:colcon.colcon_core.shell:Creating environment descriptor '/home/vd/launch_ws/install/self_driving_car_pkg_models/share/self_driving_car_pkg_models/hook/cmake_prefix_path.dsv'
[1.210s] INFO:colcon.colcon_core.shell:Creating environment hook '/home/vd/launch_ws/install/self_driving_car_pkg_models/share/self_driving_car_pkg_models/hook/cmake_prefix_path.sh'
[1.210s] Level 1:colcon.colcon_core.environment:checking '/home/vd/launch_ws/install/self_driving_car_pkg_models/bin'
[1.210s] Level 1:colcon.colcon_core.environment:checking '/home/vd/launch_ws/install/self_driving_car_pkg_models/lib/pkgconfig/self_driving_car_pkg_models.pc'
[1.211s] Level 1:colcon.colcon_core.environment:checking '/home/vd/launch_ws/install/self_driving_car_pkg_models/lib/python3.10/site-packages'
[1.211s] Level 1:colcon.colcon_core.environment:checking '/home/vd/launch_ws/install/self_driving_car_pkg_models/bin'
[1.211s] INFO:colcon.colcon_core.shell:Creating package script '/home/vd/launch_ws/install/self_driving_car_pkg_models/share/self_driving_car_pkg_models/package.ps1'
[1.211s] INFO:colcon.colcon_core.shell:Creating package descriptor '/home/vd/launch_ws/install/self_driving_car_pkg_models/share/self_driving_car_pkg_models/package.dsv'
[1.212s] INFO:colcon.colcon_core.shell:Creating package script '/home/vd/launch_ws/install/self_driving_car_pkg_models/share/self_driving_car_pkg_models/package.sh'
[1.212s] INFO:colcon.colcon_core.shell:Creating package script '/home/vd/launch_ws/install/self_driving_car_pkg_models/share/self_driving_car_pkg_models/package.bash'
[1.212s] INFO:colcon.colcon_core.shell:Creating package script '/home/vd/launch_ws/install/self_driving_car_pkg_models/share/self_driving_car_pkg_models/package.zsh'
[1.212s] Level 1:colcon.colcon_core.environment:create_file_with_runtime_dependencies(/home/vd/launch_ws/install/self_driving_car_pkg_models/share/colcon-core/packages/self_driving_car_pkg_models)
[1.213s] Level 1:colcon.colcon_core.environment:create_environment_scripts_only(self_driving_car_pkg_models)
[1.213s] Level 1:colcon.colcon_core.environment:checking '/home/vd/launch_ws/install/self_driving_car_pkg_models' for CMake module files
[1.213s] Level 1:colcon.colcon_core.environment:checking '/home/vd/launch_ws/install/self_driving_car_pkg_models' for CMake config files
[1.214s] Level 1:colcon.colcon_core.shell:create_environment_hook('self_driving_car_pkg_models', 'cmake_prefix_path')
[1.214s] INFO:colcon.colcon_core.shell:Creating environment hook '/home/vd/launch_ws/install/self_driving_car_pkg_models/share/self_driving_car_pkg_models/hook/cmake_prefix_path.ps1'
[1.214s] INFO:colcon.colcon_core.shell:Creating environment descriptor '/home/vd/launch_ws/install/self_driving_car_pkg_models/share/self_driving_car_pkg_models/hook/cmake_prefix_path.dsv'
[1.214s] INFO:colcon.colcon_core.shell:Creating environment hook '/home/vd/launch_ws/install/self_driving_car_pkg_models/share/self_driving_car_pkg_models/hook/cmake_prefix_path.sh'
[1.215s] Level 1:colcon.colcon_core.environment:checking '/home/vd/launch_ws/install/self_driving_car_pkg_models/bin'
[1.215s] Level 1:colcon.colcon_core.environment:checking '/home/vd/launch_ws/install/self_driving_car_pkg_models/lib/pkgconfig/self_driving_car_pkg_models.pc'
[1.215s] Level 1:colcon.colcon_core.environment:checking '/home/vd/launch_ws/install/self_driving_car_pkg_models/lib/python3.10/site-packages'
[1.215s] Level 1:colcon.colcon_core.environment:checking '/home/vd/launch_ws/install/self_driving_car_pkg_models/bin'
[1.215s] INFO:colcon.colcon_core.shell:Creating package script '/home/vd/launch_ws/install/self_driving_car_pkg_models/share/self_driving_car_pkg_models/package.ps1'
[1.216s] INFO:colcon.colcon_core.shell:Creating package descriptor '/home/vd/launch_ws/install/self_driving_car_pkg_models/share/self_driving_car_pkg_models/package.dsv'
[1.216s] INFO:colcon.colcon_core.shell:Creating package script '/home/vd/launch_ws/install/self_driving_car_pkg_models/share/self_driving_car_pkg_models/package.sh'
[1.217s] INFO:colcon.colcon_core.shell:Creating package script '/home/vd/launch_ws/install/self_driving_car_pkg_models/share/self_driving_car_pkg_models/package.bash'
[1.217s] INFO:colcon.colcon_core.shell:Creating package script '/home/vd/launch_ws/install/self_driving_car_pkg_models/share/self_driving_car_pkg_models/package.zsh'
[1.218s] Level 1:colcon.colcon_core.environment:create_file_with_runtime_dependencies(/home/vd/launch_ws/install/self_driving_car_pkg_models/share/colcon-core/packages/self_driving_car_pkg_models)
[1.337s] Level 1:colcon.colcon_core.environment:checking '/home/vd/launch_ws/install/self_driving_car_pkg' for CMake module files
[1.337s] DEBUG:colcon.colcon_core.event_handler.log_command:Invoked command in '/home/vd/launch_ws/src/ROS2-Self-Driving-Car-AI-using-OpenCV/self_driving_car_pkg' returned '0': PYTHONPATH=/home/vd/launch_ws/build/self_driving_car_pkg/prefix_override:/usr/lib/python3/dist-packages/colcon_core/task/python/colcon_distutils_commands:/home/vd/launch_ws/install/self_driving_car_pkg/lib/python3.10/site-packages:${PYTHONPATH} /usr/bin/python3 -W ignore:setup.py install is deprecated -W ignore:easy_install command is deprecated setup.py egg_info --egg-base ../../../build/self_driving_car_pkg build --build-base /home/vd/launch_ws/build/self_driving_car_pkg/build install --record /home/vd/launch_ws/build/self_driving_car_pkg/install.log --install-scripts $base/lib/self_driving_car_pkg --single-version-externally-managed install_data
[1.337s] Level 1:colcon.colcon_core.environment:checking '/home/vd/launch_ws/install/self_driving_car_pkg' for CMake config files
[1.338s] Level 1:colcon.colcon_core.environment:checking '/home/vd/launch_ws/install/self_driving_car_pkg/lib'
[1.338s] Level 1:colcon.colcon_core.environment:checking '/home/vd/launch_ws/install/self_driving_car_pkg/bin'
[1.338s] Level 1:colcon.colcon_core.environment:checking '/home/vd/launch_ws/install/self_driving_car_pkg/lib/pkgconfig/self_driving_car_pkg.pc'
[1.338s] Level 1:colcon.colcon_core.environment:checking '/home/vd/launch_ws/install/self_driving_car_pkg/lib/python3.10/site-packages'
[1.339s] Level 1:colcon.colcon_core.shell:create_environment_hook('self_driving_car_pkg', 'pythonpath')
[1.339s] INFO:colcon.colcon_core.shell:Creating environment hook '/home/vd/launch_ws/install/self_driving_car_pkg/share/self_driving_car_pkg/hook/pythonpath.ps1'
[1.340s] INFO:colcon.colcon_core.shell:Creating environment descriptor '/home/vd/launch_ws/install/self_driving_car_pkg/share/self_driving_car_pkg/hook/pythonpath.dsv'
[1.340s] INFO:colcon.colcon_core.shell:Creating environment hook '/home/vd/launch_ws/install/self_driving_car_pkg/share/self_driving_car_pkg/hook/pythonpath.sh'
[1.340s] Level 1:colcon.colcon_core.environment:checking '/home/vd/launch_ws/install/self_driving_car_pkg/bin'
[1.340s] Level 1:colcon.colcon_core.environment:create_environment_scripts_only(self_driving_car_pkg)
[1.341s] INFO:colcon.colcon_core.shell:Creating package script '/home/vd/launch_ws/install/self_driving_car_pkg/share/self_driving_car_pkg/package.ps1'
[1.341s] INFO:colcon.colcon_core.shell:Creating package descriptor '/home/vd/launch_ws/install/self_driving_car_pkg/share/self_driving_car_pkg/package.dsv'
[1.341s] INFO:colcon.colcon_core.shell:Creating package script '/home/vd/launch_ws/install/self_driving_car_pkg/share/self_driving_car_pkg/package.sh'
[1.342s] INFO:colcon.colcon_core.shell:Creating package script '/home/vd/launch_ws/install/self_driving_car_pkg/share/self_driving_car_pkg/package.bash'
[1.342s] INFO:colcon.colcon_core.shell:Creating package script '/home/vd/launch_ws/install/self_driving_car_pkg/share/self_driving_car_pkg/package.zsh'
[1.342s] Level 1:colcon.colcon_core.environment:create_file_with_runtime_dependencies(/home/vd/launch_ws/install/self_driving_car_pkg/share/colcon-core/packages/self_driving_car_pkg)
[1.342s] DEBUG:colcon.colcon_parallel_executor.executor.parallel:closing loop
[1.343s] DEBUG:colcon.colcon_parallel_executor.executor.parallel:loop closed
[1.343s] DEBUG:colcon.colcon_parallel_executor.executor.parallel:run_until_complete finished with '0'
[1.343s] DEBUG:colcon.colcon_core.event_reactor:joining thread
[1.347s] INFO:colcon.colcon_core.plugin_system:Skipping extension 'colcon_notification.desktop_notification.terminal_notifier': Not used on non-Darwin systems
[1.347s] INFO:colcon.colcon_core.plugin_system:Skipping extension 'colcon_notification.desktop_notification.win32': Not used on non-Windows systems
[1.347s] INFO:colcon.colcon_notification.desktop_notification:Sending desktop notification using 'notify2'
[1.355s] DEBUG:colcon.colcon_core.event_reactor:joined thread
[1.355s] INFO:colcon.colcon_core.shell:Creating prefix script '/home/vd/launch_ws/install/local_setup.ps1'
[1.357s] INFO:colcon.colcon_core.shell:Creating prefix util module '/home/vd/launch_ws/install/_local_setup_util_ps1.py'
[1.359s] INFO:colcon.colcon_core.shell:Creating prefix chain script '/home/vd/launch_ws/install/setup.ps1'
[1.362s] INFO:colcon.colcon_core.shell:Creating prefix script '/home/vd/launch_ws/install/local_setup.sh'
[1.362s] INFO:colcon.colcon_core.shell:Creating prefix util module '/home/vd/launch_ws/install/_local_setup_util_sh.py'
[1.363s] INFO:colcon.colcon_core.shell:Creating prefix chain script '/home/vd/launch_ws/install/setup.sh'
[1.365s] INFO:colcon.colcon_core.shell:Creating prefix script '/home/vd/launch_ws/install/local_setup.bash'
[1.365s] INFO:colcon.colcon_core.shell:Creating prefix chain script '/home/vd/launch_ws/install/setup.bash'
[1.366s] INFO:colcon.colcon_core.shell:Creating prefix script '/home/vd/launch_ws/install/local_setup.zsh'
[1.366s] INFO:colcon.colcon_core.shell:Creating prefix chain script '/home/vd/launch_ws/install/setup.zsh'
