[0.016s] Invoking command in '/home/vd/launch_ws/build/ackermann_teleop': /usr/bin/cmake /home/vd/launch_ws/src/ros/art/utexas-art-ros-pkg-read-only/stacks/ackermann_teleop -DCMAKE_INSTALL_PREFIX=/home/vd/launch_ws/install/ackermann_teleop
[0.024s] [33mCMake Warning (dev) in CMakeLists.txt:
[0.024s]   No project() command is present.  The top-level CMakeLists.txt file must
[0.024s]   contain a literal, direct call to the project() command.  Add a line of
[0.024s]   code such as
[0.025s] 
[0.025s]     project(ProjectName)
[0.025s] 
[0.025s]   near the top of the file, but after cmake_minimum_required().
[0.026s] 
[0.026s]   CMake is pretending there is a "project(Project)" command on the first
[0.026s]   line.
[0.026s] This warning is for project developers.  Use -Wno-dev to suppress it.
[0.026s] [0m
[0.034s] -- Configuring incomplete, errors occurred!
[0.034s] See also "/home/vd/launch_ws/build/ackermann_teleop/CMakeFiles/CMakeOutput.log".
[0.034s] [0mCMake Deprecation Warning at CMakeLists.txt:1 (cmake_minimum_required):
[0.034s]   Compatibility with CMake < 2.8.12 will be removed from a future version of
[0.034s]   CMake.
[0.034s] 
[0.035s]   Update the VERSION argument <min> value or use a ...<max> suffix to tell
[0.035s]   CMake that the project does not need compatibility with older versions.
[0.035s] 
[0.035s] [0m
[0.035s] [31mCMake Error at CMakeLists.txt:2 (include):
[0.035s]   include could not find requested file:
[0.035s] 
[0.035s]     /core/rosbuild/rosbuild.cmake
[0.035s] 
[0.035s] [0m
[0.035s] [31mCMake Error at CMakeLists.txt:17 (rosbuild_make_distribution):
[0.035s]   Unknown CMake command "rosbuild_make_distribution".
[0.035s] 
[0.035s] [0m
[0.042s] Invoked command in '/home/vd/launch_ws/build/ackermann_teleop' returned '1': /usr/bin/cmake /home/vd/launch_ws/src/ros/art/utexas-art-ros-pkg-read-only/stacks/ackermann_teleop -DCMAKE_INSTALL_PREFIX=/home/vd/launch_ws/install/ackermann_teleop
