[0.008s] Invoking command in '/home/vd/launch_ws/build/mobile_robot': CMAKE_PREFIX_PATH=${CMAKE_PREFIX_PATH}:/home/vd/ros2ws/install/py_pubsub:/opt/ros/humble /usr/bin/cmake /home/vd/launch_ws/src/mobile_robot -DCMAKE_INSTALL_PREFIX=/home/vd/launch_ws/install/mobile_robot
[0.023s] -- Found ament_cmake: 1.3.10 (/opt/ros/humble/share/ament_cmake/cmake)
[0.118s] -- Override CMake install command with custom implementation using symlinks instead of copying resources
[0.132s] -- Found ament_lint_auto: 0.12.11 (/opt/ros/humble/share/ament_lint_auto/cmake)
[0.189s] -- Added test 'flake8' to check Python code syntax and style conventions
[0.190s] -- Added test 'lint_cmake' to check CMake code style
[0.190s] -- Added test 'pep257' to check Python code against some of the docstring style conventions in PEP 257
[0.192s] -- Added test 'xmllint' to check XML markup files
[0.193s] -- Configuring done
[0.196s] -- Generating done
[0.197s] -- Build files have been written to: /home/vd/launch_ws/build/mobile_robot
[0.199s] Invoked command in '/home/vd/launch_ws/build/mobile_robot' returned '0': CMAKE_PREFIX_PATH=${CMAKE_PREFIX_PATH}:/home/vd/ros2ws/install/py_pubsub:/opt/ros/humble /usr/bin/cmake /home/vd/launch_ws/src/mobile_robot -DCMAKE_INSTALL_PREFIX=/home/vd/launch_ws/install/mobile_robot
[0.201s] Invoking command in '/home/vd/launch_ws/build/mobile_robot': CMAKE_PREFIX_PATH=${CMAKE_PREFIX_PATH}:/home/vd/ros2ws/install/py_pubsub:/opt/ros/humble /usr/bin/cmake --build /home/vd/launch_ws/build/mobile_robot -- -j4 -l4
[0.228s] Invoked command in '/home/vd/launch_ws/build/mobile_robot' returned '0': CMAKE_PREFIX_PATH=${CMAKE_PREFIX_PATH}:/home/vd/ros2ws/install/py_pubsub:/opt/ros/humble /usr/bin/cmake --build /home/vd/launch_ws/build/mobile_robot -- -j4 -l4
[0.235s] Invoking command in '/home/vd/launch_ws/build/mobile_robot': CMAKE_PREFIX_PATH=${CMAKE_PREFIX_PATH}:/home/vd/ros2ws/install/py_pubsub:/opt/ros/humble /usr/bin/cmake --install /home/vd/launch_ws/build/mobile_robot
[0.241s] -- Install configuration: ""
[0.241s] -- Execute custom install script
[0.241s] -- Symlinking: /home/vd/launch_ws/install/mobile_robot/share/mobile_robot/launch/.vscode/c_cpp_properties.json
[0.248s] -- Symlinking: /home/vd/launch_ws/install/mobile_robot/share/mobile_robot/launch/.vscode/settings.json
[0.254s] -- Symlinking: /home/vd/launch_ws/install/mobile_robot/share/mobile_robot/launch/gazebo_model.launch.py
[0.263s] -- Symlinking: /home/vd/launch_ws/install/mobile_robot/share/mobile_robot/model/robot.gazebo
[0.271s] -- Symlinking: /home/vd/launch_ws/install/mobile_robot/share/mobile_robot/model/robot.xacro
[0.281s] -- Up-to-date symlink: /home/vd/launch_ws/install/mobile_robot/share/ament_index/resource_index/package_run_dependencies/mobile_robot
[0.281s] -- Up-to-date symlink: /home/vd/launch_ws/install/mobile_robot/share/ament_index/resource_index/parent_prefix_path/mobile_robot
[0.281s] -- Up-to-date symlink: /home/vd/launch_ws/install/mobile_robot/share/mobile_robot/environment/ament_prefix_path.sh
[0.281s] -- Up-to-date symlink: /home/vd/launch_ws/install/mobile_robot/share/mobile_robot/environment/ament_prefix_path.dsv
[0.281s] -- Up-to-date symlink: /home/vd/launch_ws/install/mobile_robot/share/mobile_robot/environment/path.sh
[0.282s] -- Up-to-date symlink: /home/vd/launch_ws/install/mobile_robot/share/mobile_robot/environment/path.dsv
[0.282s] -- Up-to-date symlink: /home/vd/launch_ws/install/mobile_robot/share/mobile_robot/local_setup.bash
[0.282s] -- Up-to-date symlink: /home/vd/launch_ws/install/mobile_robot/share/mobile_robot/local_setup.sh
[0.282s] -- Up-to-date symlink: /home/vd/launch_ws/install/mobile_robot/share/mobile_robot/local_setup.zsh
[0.282s] -- Up-to-date symlink: /home/vd/launch_ws/install/mobile_robot/share/mobile_robot/local_setup.dsv
[0.282s] -- Symlinking: /home/vd/launch_ws/install/mobile_robot/share/mobile_robot/package.dsv
[0.292s] -- Up-to-date symlink: /home/vd/launch_ws/install/mobile_robot/share/ament_index/resource_index/packages/mobile_robot
[0.292s] -- Up-to-date symlink: /home/vd/launch_ws/install/mobile_robot/share/mobile_robot/cmake/mobile_robotConfig.cmake
[0.292s] -- Up-to-date symlink: /home/vd/launch_ws/install/mobile_robot/share/mobile_robot/cmake/mobile_robotConfig-version.cmake
[0.292s] -- Up-to-date symlink: /home/vd/launch_ws/install/mobile_robot/share/mobile_robot/package.xml
[0.294s] Invoked command in '/home/vd/launch_ws/build/mobile_robot' returned '0': CMAKE_PREFIX_PATH=${CMAKE_PREFIX_PATH}:/home/vd/ros2ws/install/py_pubsub:/opt/ros/humble /usr/bin/cmake --install /home/vd/launch_ws/build/mobile_robot
