[0.018s] Invoking command in '/home/vd/launch_ws/build/mobile_robot': CMAKE_PREFIX_PATH=${CMAKE_PREFIX_PATH}:/home/vd/launch_ws/install/py_launch_example:/home/vd/ros2ws/install/py_pubsub:/opt/ros/humble /usr/bin/cmake --build /home/vd/launch_ws/build/mobile_robot -- -j4 -l4
[0.258s] Invoked command in '/home/vd/launch_ws/build/mobile_robot' returned '0': CMAKE_PREFIX_PATH=${CMAKE_PREFIX_PATH}:/home/vd/launch_ws/install/py_launch_example:/home/vd/ros2ws/install/py_pubsub:/opt/ros/humble /usr/bin/cmake --build /home/vd/launch_ws/build/mobile_robot -- -j4 -l4
[0.268s] Invoking command in '/home/vd/launch_ws/build/mobile_robot': CMAKE_PREFIX_PATH=${CMAKE_PREFIX_PATH}:/home/vd/launch_ws/install/py_launch_example:/home/vd/ros2ws/install/py_pubsub:/opt/ros/humble /usr/bin/cmake --install /home/vd/launch_ws/build/mobile_robot
[0.274s] -- Install configuration: ""
[0.275s] -- Execute custom install script
[0.275s] -- Up-to-date symlink: /home/vd/launch_ws/install/mobile_robot/share/mobile_robot/launch/.vscode/c_cpp_properties.json
[0.275s] -- Up-to-date symlink: /home/vd/launch_ws/install/mobile_robot/share/mobile_robot/launch/.vscode/settings.json
[0.275s] -- Up-to-date symlink: /home/vd/launch_ws/install/mobile_robot/share/mobile_robot/launch/gazebo_model.launch.py
[0.276s] -- Up-to-date symlink: /home/vd/launch_ws/install/mobile_robot/share/mobile_robot/model/robot.gazebo
[0.276s] -- Up-to-date symlink: /home/vd/launch_ws/install/mobile_robot/share/mobile_robot/model/robot.xacro
[0.276s] -- Up-to-date symlink: /home/vd/launch_ws/install/mobile_robot/share/ament_index/resource_index/package_run_dependencies/mobile_robot
[0.276s] -- Up-to-date symlink: /home/vd/launch_ws/install/mobile_robot/share/ament_index/resource_index/parent_prefix_path/mobile_robot
[0.276s] -- Up-to-date symlink: /home/vd/launch_ws/install/mobile_robot/share/mobile_robot/environment/ament_prefix_path.sh
[0.276s] -- Up-to-date symlink: /home/vd/launch_ws/install/mobile_robot/share/mobile_robot/environment/ament_prefix_path.dsv
[0.277s] -- Up-to-date symlink: /home/vd/launch_ws/install/mobile_robot/share/mobile_robot/environment/path.sh
[0.277s] -- Up-to-date symlink: /home/vd/launch_ws/install/mobile_robot/share/mobile_robot/environment/path.dsv
[0.277s] -- Up-to-date symlink: /home/vd/launch_ws/install/mobile_robot/share/mobile_robot/local_setup.bash
[0.277s] -- Up-to-date symlink: /home/vd/launch_ws/install/mobile_robot/share/mobile_robot/local_setup.sh
[0.277s] -- Up-to-date symlink: /home/vd/launch_ws/install/mobile_robot/share/mobile_robot/local_setup.zsh
[0.278s] -- Up-to-date symlink: /home/vd/launch_ws/install/mobile_robot/share/mobile_robot/local_setup.dsv
[0.278s] -- Symlinking: /home/vd/launch_ws/install/mobile_robot/share/mobile_robot/package.dsv
[0.288s] -- Up-to-date symlink: /home/vd/launch_ws/install/mobile_robot/share/ament_index/resource_index/packages/mobile_robot
[0.289s] -- Up-to-date symlink: /home/vd/launch_ws/install/mobile_robot/share/mobile_robot/cmake/mobile_robotConfig.cmake
[0.289s] -- Up-to-date symlink: /home/vd/launch_ws/install/mobile_robot/share/mobile_robot/cmake/mobile_robotConfig-version.cmake
[0.289s] -- Up-to-date symlink: /home/vd/launch_ws/install/mobile_robot/share/mobile_robot/package.xml
[0.291s] Invoked command in '/home/vd/launch_ws/build/mobile_robot' returned '0': CMAKE_PREFIX_PATH=${CMAKE_PREFIX_PATH}:/home/vd/launch_ws/install/py_launch_example:/home/vd/ros2ws/install/py_pubsub:/opt/ros/humble /usr/bin/cmake --install /home/vd/launch_ws/build/mobile_robot
